::1 - - [25/Dec/2020:09:46:38 +0000] "OPTIONS /getcomm HTTP/1.1" 204 0 "http://localhost:8080/" "Mozilla/5.0 (Windows NT 10.0; Win64; x64) AppleWebKit/537.36 (KHTML, like Gecko) Chrome/87.0.4280.66 Safari/537.36"
::1 - - [25/Dec/2020:09:46:58 +0000] "GET /getcomm HTTP/1.1" - - "http://localhost:8080/" "Mozilla/5.0 (Windows NT 10.0; Win64; x64) AppleWebKit/537.36 (KHTML, like Gecko) Chrome/87.0.4280.66 Safari/537.36"
::1 - - [25/Dec/2020:09:47:00 +0000] "OPTIONS /getcomm HTTP/1.1" 204 0 "http://localhost:8080/" "Mozilla/5.0 (Windows NT 10.0; Win64; x64) AppleWebKit/537.36 (KHTML, like Gecko) Chrome/87.0.4280.66 Safari/537.36"
::ffff:127.0.0.1 - - [25/Dec/2020:09:47:45 +0000] "GET /getcomm HTTP/1.1" - - "http://localhost:8080/" "Mozilla/5.0 (Windows NT 10.0; Win64; x64) AppleWebKit/537.36 (KHTML, like Gecko) Chrome/87.0.4280.66 Safari/537.36"
::1 - - [25/Dec/2020:09:47:46 +0000] "OPTIONS /getcomm HTTP/1.1" 204 0 "http://localhost:8080/" "Mozilla/5.0 (Windows NT 10.0; Win64; x64) AppleWebKit/537.36 (KHTML, like Gecko) Chrome/87.0.4280.66 Safari/537.36"
::1 - - [25/Dec/2020:09:48:39 +0000] "GET /getcomm HTTP/1.1" - - "http://localhost:8080/" "Mozilla/5.0 (Windows NT 10.0; Win64; x64) AppleWebKit/537.36 (KHTML, like Gecko) Chrome/87.0.4280.66 Safari/537.36"
::1 - - [25/Dec/2020:09:48:40 +0000] "OPTIONS /getcomm HTTP/1.1" 204 0 "http://localhost:8080/" "Mozilla/5.0 (Windows NT 10.0; Win64; x64) AppleWebKit/537.36 (KHTML, like Gecko) Chrome/87.0.4280.66 Safari/537.36"
::1 - - [25/Dec/2020:09:48:40 +0000] "GET /getcomm HTTP/1.1" 200 6265 "http://localhost:8080/" "Mozilla/5.0 (Windows NT 10.0; Win64; x64) AppleWebKit/537.36 (KHTML, like Gecko) Chrome/87.0.4280.66 Safari/537.36"
::1 - - [25/Dec/2020:09:48:40 +0000] "GET /public/images/1603250241278892e5b55170b2aad76ea9cb1a4c42551.jpg HTTP/1.1" 200 112476 "http://localhost:8080/" "Mozilla/5.0 (Windows NT 10.0; Win64; x64) AppleWebKit/537.36 (KHTML, like Gecko) Chrome/87.0.4280.66 Safari/537.36"
::1 - - [25/Dec/2020:09:48:40 +0000] "GET /public/images/1603262878798a2e7ff7ee3e011229f3f503925d824b9.jpg HTTP/1.1" 200 189836 "http://localhost:8080/" "Mozilla/5.0 (Windows NT 10.0; Win64; x64) AppleWebKit/537.36 (KHTML, like Gecko) Chrome/87.0.4280.66 Safari/537.36"
::1 - - [25/Dec/2020:09:48:40 +0000] "GET /public/images/160283202388829c52b526855b04b3b85282a89134631.jpg HTTP/1.1" 200 451948 "http://localhost:8080/" "Mozilla/5.0 (Windows NT 10.0; Win64; x64) AppleWebKit/537.36 (KHTML, like Gecko) Chrome/87.0.4280.66 Safari/537.36"
::1 - - [25/Dec/2020:09:48:40 +0000] "GET /public/images/1603249719512e7ce86382fa47c58d7f89334538b235a.jpg HTTP/1.1" 200 1448043 "http://localhost:8080/" "Mozilla/5.0 (Windows NT 10.0; Win64; x64) AppleWebKit/537.36 (KHTML, like Gecko) Chrome/87.0.4280.66 Safari/537.36"
::1 - - [25/Dec/2020:09:48:40 +0000] "GET /public/images/160326210741046849996dc773d969f561b42ac4fce6e.jpg HTTP/1.1" 200 1443015 "http://localhost:8080/" "Mozilla/5.0 (Windows NT 10.0; Win64; x64) AppleWebKit/537.36 (KHTML, like Gecko) Chrome/87.0.4280.66 Safari/537.36"
::1 - - [25/Dec/2020:10:07:41 +0000] "OPTIONS /getcomm HTTP/1.1" 204 0 "http://localhost:8080/" "Mozilla/5.0 (Windows NT 10.0; Win64; x64) AppleWebKit/537.36 (KHTML, like Gecko) Chrome/87.0.4280.66 Safari/537.36"
::1 - - [25/Dec/2020:10:07:41 +0000] "GET /getcomm HTTP/1.1" 304 - "http://localhost:8080/" "Mozilla/5.0 (Windows NT 10.0; Win64; x64) AppleWebKit/537.36 (KHTML, like Gecko) Chrome/87.0.4280.66 Safari/537.36"
::1 - - [25/Dec/2020:10:07:41 +0000] "GET /public/images/160283202388829c52b526855b04b3b85282a89134631.jpg HTTP/1.1" 304 - "http://localhost:8080/" "Mozilla/5.0 (Windows NT 10.0; Win64; x64) AppleWebKit/537.36 (KHTML, like Gecko) Chrome/87.0.4280.66 Safari/537.36"
::1 - - [25/Dec/2020:10:07:41 +0000] "GET /public/images/1603262878798a2e7ff7ee3e011229f3f503925d824b9.jpg HTTP/1.1" 304 - "http://localhost:8080/" "Mozilla/5.0 (Windows NT 10.0; Win64; x64) AppleWebKit/537.36 (KHTML, like Gecko) Chrome/87.0.4280.66 Safari/537.36"
::1 - - [25/Dec/2020:10:07:41 +0000] "GET /public/images/160326210741046849996dc773d969f561b42ac4fce6e.jpg HTTP/1.1" 304 - "http://localhost:8080/" "Mozilla/5.0 (Windows NT 10.0; Win64; x64) AppleWebKit/537.36 (KHTML, like Gecko) Chrome/87.0.4280.66 Safari/537.36"
::1 - - [25/Dec/2020:10:07:41 +0000] "GET /public/images/1603250241278892e5b55170b2aad76ea9cb1a4c42551.jpg HTTP/1.1" 304 - "http://localhost:8080/" "Mozilla/5.0 (Windows NT 10.0; Win64; x64) AppleWebKit/537.36 (KHTML, like Gecko) Chrome/87.0.4280.66 Safari/537.36"
::1 - - [25/Dec/2020:10:07:41 +0000] "GET /public/images/1603249719512e7ce86382fa47c58d7f89334538b235a.jpg HTTP/1.1" 304 - "http://localhost:8080/" "Mozilla/5.0 (Windows NT 10.0; Win64; x64) AppleWebKit/537.36 (KHTML, like Gecko) Chrome/87.0.4280.66 Safari/537.36"
