::1 - - [20/Oct/2020:12:29:54 +0000] "OPTIONS /shuserinfo HTTP/1.1" 204 0 "http://localhost:8080/" "Mozilla/5.0 (Windows NT 10.0; Win64; x64) AppleWebKit/537.36 (KHTML, like Gecko) Chrome/84.0.4147.125 Safari/537.36"
::1 - - [20/Oct/2020:12:29:55 +0000] "POST /shuserinfo HTTP/1.1" 200 45 "http://localhost:8080/" "Mozilla/5.0 (Windows NT 10.0; Win64; x64) AppleWebKit/537.36 (KHTML, like Gecko) Chrome/84.0.4147.125 Safari/537.36"
::1 - - [20/Oct/2020:12:30:02 +0000] "OPTIONS /shuserinfo HTTP/1.1" 204 0 "http://localhost:8080/" "Mozilla/5.0 (Windows NT 10.0; Win64; x64) AppleWebKit/537.36 (KHTML, like Gecko) Chrome/84.0.4147.125 Safari/537.36"
::1 - - [20/Oct/2020:12:30:02 +0000] "POST /shuserinfo HTTP/1.1" 200 45 "http://localhost:8080/" "Mozilla/5.0 (Windows NT 10.0; Win64; x64) AppleWebKit/537.36 (KHTML, like Gecko) Chrome/84.0.4147.125 Safari/537.36"
::1 - - [20/Oct/2020:13:21:12 +0000] "OPTIONS /shuserinfo HTTP/1.1" 204 0 "http://localhost:8080/" "Mozilla/5.0 (Windows NT 10.0; Win64; x64) AppleWebKit/537.36 (KHTML, like Gecko) Chrome/84.0.4147.125 Safari/537.36"
::1 - - [20/Oct/2020:13:21:12 +0000] "POST /shuserinfo HTTP/1.1" 200 45 "http://localhost:8080/" "Mozilla/5.0 (Windows NT 10.0; Win64; x64) AppleWebKit/537.36 (KHTML, like Gecko) Chrome/84.0.4147.125 Safari/537.36"
::1 - - [20/Oct/2020:13:23:44 +0000] "OPTIONS /shuserinfo HTTP/1.1" 204 0 "http://localhost:8080/" "Mozilla/5.0 (Windows NT 10.0; Win64; x64) AppleWebKit/537.36 (KHTML, like Gecko) Chrome/84.0.4147.125 Safari/537.36"
::1 - - [20/Oct/2020:13:23:44 +0000] "POST /shuserinfo HTTP/1.1" 200 45 "http://localhost:8080/" "Mozilla/5.0 (Windows NT 10.0; Win64; x64) AppleWebKit/537.36 (KHTML, like Gecko) Chrome/84.0.4147.125 Safari/537.36"
::1 - - [20/Oct/2020:13:25:22 +0000] "OPTIONS /shuserinfo HTTP/1.1" 204 0 "http://localhost:8080/" "Mozilla/5.0 (Windows NT 10.0; Win64; x64) AppleWebKit/537.36 (KHTML, like Gecko) Chrome/84.0.4147.125 Safari/537.36"
::1 - - [20/Oct/2020:13:25:22 +0000] "POST /shuserinfo HTTP/1.1" 200 45 "http://localhost:8080/" "Mozilla/5.0 (Windows NT 10.0; Win64; x64) AppleWebKit/537.36 (KHTML, like Gecko) Chrome/84.0.4147.125 Safari/537.36"
::1 - - [20/Oct/2020:13:25:27 +0000] "POST /shuserinfo HTTP/1.1" 200 45 "http://localhost:8080/" "Mozilla/5.0 (Windows NT 10.0; Win64; x64) AppleWebKit/537.36 (KHTML, like Gecko) Chrome/84.0.4147.125 Safari/537.36"
::1 - - [20/Oct/2020:13:25:27 +0000] "POST /shuserinfo HTTP/1.1" 200 45 "http://localhost:8080/" "Mozilla/5.0 (Windows NT 10.0; Win64; x64) AppleWebKit/537.36 (KHTML, like Gecko) Chrome/84.0.4147.125 Safari/537.36"
::1 - - [20/Oct/2020:13:25:31 +0000] "OPTIONS /shuserinfo HTTP/1.1" 204 0 "http://localhost:8080/" "Mozilla/5.0 (Windows NT 10.0; Win64; x64) AppleWebKit/537.36 (KHTML, like Gecko) Chrome/84.0.4147.125 Safari/537.36"
::1 - - [20/Oct/2020:13:25:31 +0000] "POST /shuserinfo HTTP/1.1" 200 45 "http://localhost:8080/" "Mozilla/5.0 (Windows NT 10.0; Win64; x64) AppleWebKit/537.36 (KHTML, like Gecko) Chrome/84.0.4147.125 Safari/537.36"
::1 - - [20/Oct/2020:13:25:42 +0000] "OPTIONS /login HTTP/1.1" 204 0 "http://localhost:8080/" "Mozilla/5.0 (Windows NT 10.0; Win64; x64) AppleWebKit/537.36 (KHTML, like Gecko) Chrome/84.0.4147.125 Safari/537.36"
::1 - - [20/Oct/2020:13:25:42 +0000] "POST /login HTTP/1.1" 200 48 "http://localhost:8080/" "Mozilla/5.0 (Windows NT 10.0; Win64; x64) AppleWebKit/537.36 (KHTML, like Gecko) Chrome/84.0.4147.125 Safari/537.36"
::1 - - [20/Oct/2020:13:25:47 +0000] "POST /login HTTP/1.1" 200 232 "http://localhost:8080/" "Mozilla/5.0 (Windows NT 10.0; Win64; x64) AppleWebKit/537.36 (KHTML, like Gecko) Chrome/84.0.4147.125 Safari/537.36"
::1 - - [20/Oct/2020:13:25:47 +0000] "OPTIONS /shuserinfo HTTP/1.1" 204 0 "http://localhost:8080/" "Mozilla/5.0 (Windows NT 10.0; Win64; x64) AppleWebKit/537.36 (KHTML, like Gecko) Chrome/84.0.4147.125 Safari/537.36"
::1 - - [20/Oct/2020:13:25:47 +0000] "POST /shuserinfo HTTP/1.1" 200 312 "http://localhost:8080/" "Mozilla/5.0 (Windows NT 10.0; Win64; x64) AppleWebKit/537.36 (KHTML, like Gecko) Chrome/84.0.4147.125 Safari/537.36"
::1 - - [20/Oct/2020:13:25:48 +0000] "GET /public/images/1602830717166u=2409086564,4092922119&fm=26&gp=0.jpg HTTP/1.1" 200 36888 "http://localhost:8080/" "Mozilla/5.0 (Windows NT 10.0; Win64; x64) AppleWebKit/537.36 (KHTML, like Gecko) Chrome/84.0.4147.125 Safari/537.36"
::1 - - [20/Oct/2020:13:25:49 +0000] "POST /shuserinfo HTTP/1.1" 200 45 "http://localhost:8080/" "Mozilla/5.0 (Windows NT 10.0; Win64; x64) AppleWebKit/537.36 (KHTML, like Gecko) Chrome/84.0.4147.125 Safari/537.36"
::1 - - [20/Oct/2020:13:26:18 +0000] "OPTIONS /shuserinfo HTTP/1.1" 204 0 "http://localhost:8080/" "Mozilla/5.0 (Windows NT 10.0; Win64; x64) AppleWebKit/537.36 (KHTML, like Gecko) Chrome/84.0.4147.125 Safari/537.36"
::1 - - [20/Oct/2020:13:26:18 +0000] "POST /shuserinfo HTTP/1.1" 200 45 "http://localhost:8080/" "Mozilla/5.0 (Windows NT 10.0; Win64; x64) AppleWebKit/537.36 (KHTML, like Gecko) Chrome/84.0.4147.125 Safari/537.36"
::1 - - [20/Oct/2020:13:27:12 +0000] "OPTIONS /shuserinfo HTTP/1.1" 204 0 "http://localhost:8080/" "Mozilla/5.0 (Windows NT 10.0; Win64; x64) AppleWebKit/537.36 (KHTML, like Gecko) Chrome/84.0.4147.125 Safari/537.36"
::1 - - [20/Oct/2020:13:27:12 +0000] "POST /shuserinfo HTTP/1.1" 200 312 "http://localhost:8080/" "Mozilla/5.0 (Windows NT 10.0; Win64; x64) AppleWebKit/537.36 (KHTML, like Gecko) Chrome/84.0.4147.125 Safari/537.36"
::1 - - [20/Oct/2020:13:27:18 +0000] "OPTIONS /shuserinfo HTTP/1.1" 204 0 "http://localhost:8080/" "Mozilla/5.0 (Windows NT 10.0; Win64; x64) AppleWebKit/537.36 (KHTML, like Gecko) Chrome/84.0.4147.125 Safari/537.36"
::1 - - [20/Oct/2020:13:27:18 +0000] "OPTIONS /shuserinfo HTTP/1.1" 204 0 "http://localhost:8080/" "Mozilla/5.0 (Windows NT 10.0; Win64; x64) AppleWebKit/537.36 (KHTML, like Gecko) Chrome/84.0.4147.125 Safari/537.36"
::1 - - [20/Oct/2020:13:27:18 +0000] "POST /shuserinfo HTTP/1.1" 200 312 "http://localhost:8080/" "Mozilla/5.0 (Windows NT 10.0; Win64; x64) AppleWebKit/537.36 (KHTML, like Gecko) Chrome/84.0.4147.125 Safari/537.36"
::1 - - [20/Oct/2020:13:27:18 +0000] "POST /shuserinfo HTTP/1.1" 200 312 "http://localhost:8080/" "Mozilla/5.0 (Windows NT 10.0; Win64; x64) AppleWebKit/537.36 (KHTML, like Gecko) Chrome/84.0.4147.125 Safari/537.36"
::1 - - [20/Oct/2020:13:27:19 +0000] "GET /public/images/1602830717166u=2409086564,4092922119&fm=26&gp=0.jpg HTTP/1.1" 304 - "http://localhost:8080/" "Mozilla/5.0 (Windows NT 10.0; Win64; x64) AppleWebKit/537.36 (KHTML, like Gecko) Chrome/84.0.4147.125 Safari/537.36"
::1 - - [20/Oct/2020:13:31:21 +0000] "OPTIONS /shuserinfo HTTP/1.1" 204 0 "http://localhost:8080/" "Mozilla/5.0 (Windows NT 10.0; Win64; x64) AppleWebKit/537.36 (KHTML, like Gecko) Chrome/84.0.4147.125 Safari/537.36"
::1 - - [20/Oct/2020:13:31:21 +0000] "POST /shuserinfo HTTP/1.1" 200 312 "http://localhost:8080/" "Mozilla/5.0 (Windows NT 10.0; Win64; x64) AppleWebKit/537.36 (KHTML, like Gecko) Chrome/84.0.4147.125 Safari/537.36"
::1 - - [20/Oct/2020:13:53:38 +0000] "OPTIONS /shuserinfo HTTP/1.1" 204 0 "http://localhost:8080/" "Mozilla/5.0 (Windows NT 10.0; Win64; x64) AppleWebKit/537.36 (KHTML, like Gecko) Chrome/84.0.4147.125 Safari/537.36"
::1 - - [20/Oct/2020:13:53:38 +0000] "POST /shuserinfo HTTP/1.1" 200 312 "http://localhost:8080/" "Mozilla/5.0 (Windows NT 10.0; Win64; x64) AppleWebKit/537.36 (KHTML, like Gecko) Chrome/84.0.4147.125 Safari/537.36"
::1 - - [20/Oct/2020:13:54:00 +0000] "OPTIONS /shuserinfo HTTP/1.1" 204 0 "http://localhost:8080/" "Mozilla/5.0 (Windows NT 10.0; Win64; x64) AppleWebKit/537.36 (KHTML, like Gecko) Chrome/84.0.4147.125 Safari/537.36"
::1 - - [20/Oct/2020:13:54:00 +0000] "POST /shuserinfo HTTP/1.1" 200 312 "http://localhost:8080/" "Mozilla/5.0 (Windows NT 10.0; Win64; x64) AppleWebKit/537.36 (KHTML, like Gecko) Chrome/84.0.4147.125 Safari/537.36"
::1 - - [20/Oct/2020:13:54:02 +0000] "POST /shuserinfo HTTP/1.1" 200 312 "http://localhost:8080/" "Mozilla/5.0 (Windows NT 10.0; Win64; x64) AppleWebKit/537.36 (KHTML, like Gecko) Chrome/84.0.4147.125 Safari/537.36"
::1 - - [20/Oct/2020:13:54:52 +0000] "OPTIONS /shuserinfo HTTP/1.1" 204 0 "http://localhost:8080/" "Mozilla/5.0 (Windows NT 10.0; Win64; x64) AppleWebKit/537.36 (KHTML, like Gecko) Chrome/84.0.4147.125 Safari/537.36"
::1 - - [20/Oct/2020:13:54:52 +0000] "POST /shuserinfo HTTP/1.1" 200 312 "http://localhost:8080/" "Mozilla/5.0 (Windows NT 10.0; Win64; x64) AppleWebKit/537.36 (KHTML, like Gecko) Chrome/84.0.4147.125 Safari/537.36"
::1 - - [20/Oct/2020:13:55:16 +0000] "OPTIONS /shuserinfo HTTP/1.1" 204 0 "http://localhost:8080/" "Mozilla/5.0 (Windows NT 10.0; Win64; x64) AppleWebKit/537.36 (KHTML, like Gecko) Chrome/84.0.4147.125 Safari/537.36"
::1 - - [20/Oct/2020:13:55:16 +0000] "POST /shuserinfo HTTP/1.1" 200 312 "http://localhost:8080/" "Mozilla/5.0 (Windows NT 10.0; Win64; x64) AppleWebKit/537.36 (KHTML, like Gecko) Chrome/84.0.4147.125 Safari/537.36"
::1 - - [20/Oct/2020:13:55:41 +0000] "OPTIONS /shuserinfo HTTP/1.1" 204 0 "http://localhost:8080/" "Mozilla/5.0 (Windows NT 10.0; Win64; x64) AppleWebKit/537.36 (KHTML, like Gecko) Chrome/84.0.4147.125 Safari/537.36"
::1 - - [20/Oct/2020:13:55:42 +0000] "POST /shuserinfo HTTP/1.1" 200 312 "http://localhost:8080/" "Mozilla/5.0 (Windows NT 10.0; Win64; x64) AppleWebKit/537.36 (KHTML, like Gecko) Chrome/84.0.4147.125 Safari/537.36"
::1 - - [20/Oct/2020:13:57:00 +0000] "OPTIONS /shuserinfo HTTP/1.1" 204 0 "http://localhost:8080/" "Mozilla/5.0 (Windows NT 10.0; Win64; x64) AppleWebKit/537.36 (KHTML, like Gecko) Chrome/84.0.4147.125 Safari/537.36"
::1 - - [20/Oct/2020:13:57:00 +0000] "POST /shuserinfo HTTP/1.1" 200 312 "http://localhost:8080/" "Mozilla/5.0 (Windows NT 10.0; Win64; x64) AppleWebKit/537.36 (KHTML, like Gecko) Chrome/84.0.4147.125 Safari/537.36"
::1 - - [20/Oct/2020:13:57:00 +0000] "GET /public/images/1602830717166u=2409086564,4092922119&fm=26&gp=0.jpg HTTP/1.1" 304 - "http://localhost:8080/" "Mozilla/5.0 (Windows NT 10.0; Win64; x64) AppleWebKit/537.36 (KHTML, like Gecko) Chrome/84.0.4147.125 Safari/537.36"
::1 - - [20/Oct/2020:14:01:20 +0000] "OPTIONS /shuserinfo HTTP/1.1" 204 0 "http://localhost:8080/" "Mozilla/5.0 (Windows NT 10.0; Win64; x64) AppleWebKit/537.36 (KHTML, like Gecko) Chrome/84.0.4147.125 Safari/537.36"
::1 - - [20/Oct/2020:14:01:20 +0000] "POST /shuserinfo HTTP/1.1" 200 312 "http://localhost:8080/" "Mozilla/5.0 (Windows NT 10.0; Win64; x64) AppleWebKit/537.36 (KHTML, like Gecko) Chrome/84.0.4147.125 Safari/537.36"
::1 - - [20/Oct/2020:14:01:20 +0000] "GET /public/images/1602830717166u=2409086564,4092922119&fm=26&gp=0.jpg HTTP/1.1" 304 - "http://localhost:8080/" "Mozilla/5.0 (Windows NT 10.0; Win64; x64) AppleWebKit/537.36 (KHTML, like Gecko) Chrome/84.0.4147.125 Safari/537.36"
::1 - - [20/Oct/2020:14:01:43 +0000] "OPTIONS /shuserinfo HTTP/1.1" 204 0 "http://localhost:8080/" "Mozilla/5.0 (Windows NT 10.0; Win64; x64) AppleWebKit/537.36 (KHTML, like Gecko) Chrome/84.0.4147.125 Safari/537.36"
::1 - - [20/Oct/2020:14:01:43 +0000] "POST /shuserinfo HTTP/1.1" 200 312 "http://localhost:8080/" "Mozilla/5.0 (Windows NT 10.0; Win64; x64) AppleWebKit/537.36 (KHTML, like Gecko) Chrome/84.0.4147.125 Safari/537.36"
::1 - - [20/Oct/2020:14:01:59 +0000] "OPTIONS /shuserinfo HTTP/1.1" 204 0 "http://localhost:8080/" "Mozilla/5.0 (Windows NT 10.0; Win64; x64) AppleWebKit/537.36 (KHTML, like Gecko) Chrome/84.0.4147.125 Safari/537.36"
::1 - - [20/Oct/2020:14:01:59 +0000] "OPTIONS /shuserinfo HTTP/1.1" 204 0 "http://localhost:8080/" "Mozilla/5.0 (Windows NT 10.0; Win64; x64) AppleWebKit/537.36 (KHTML, like Gecko) Chrome/84.0.4147.125 Safari/537.36"
::1 - - [20/Oct/2020:14:01:59 +0000] "POST /shuserinfo HTTP/1.1" 200 312 "http://localhost:8080/" "Mozilla/5.0 (Windows NT 10.0; Win64; x64) AppleWebKit/537.36 (KHTML, like Gecko) Chrome/84.0.4147.125 Safari/537.36"
::1 - - [20/Oct/2020:14:01:59 +0000] "POST /shuserinfo HTTP/1.1" 200 312 "http://localhost:8080/" "Mozilla/5.0 (Windows NT 10.0; Win64; x64) AppleWebKit/537.36 (KHTML, like Gecko) Chrome/84.0.4147.125 Safari/537.36"
::1 - - [20/Oct/2020:14:01:59 +0000] "GET /public/images/1602830717166u=2409086564,4092922119&fm=26&gp=0.jpg HTTP/1.1" 304 - "http://localhost:8080/" "Mozilla/5.0 (Windows NT 10.0; Win64; x64) AppleWebKit/537.36 (KHTML, like Gecko) Chrome/84.0.4147.125 Safari/537.36"
::1 - - [20/Oct/2020:14:13:22 +0000] "OPTIONS /shuserinfo HTTP/1.1" 204 0 "http://localhost:8080/" "Mozilla/5.0 (Windows NT 10.0; Win64; x64) AppleWebKit/537.36 (KHTML, like Gecko) Chrome/84.0.4147.125 Safari/537.36"
::1 - - [20/Oct/2020:14:13:23 +0000] "POST /shuserinfo HTTP/1.1" 200 312 "http://localhost:8080/" "Mozilla/5.0 (Windows NT 10.0; Win64; x64) AppleWebKit/537.36 (KHTML, like Gecko) Chrome/84.0.4147.125 Safari/537.36"
::1 - - [20/Oct/2020:14:16:05 +0000] "OPTIONS /shuserinfo HTTP/1.1" 204 0 "http://localhost:8080/" "Mozilla/5.0 (Windows NT 10.0; Win64; x64) AppleWebKit/537.36 (KHTML, like Gecko) Chrome/84.0.4147.125 Safari/537.36"
::1 - - [20/Oct/2020:14:16:06 +0000] "POST /shuserinfo HTTP/1.1" 200 312 "http://localhost:8080/" "Mozilla/5.0 (Windows NT 10.0; Win64; x64) AppleWebKit/537.36 (KHTML, like Gecko) Chrome/84.0.4147.125 Safari/537.36"
::1 - - [20/Oct/2020:14:17:50 +0000] "OPTIONS /shuserinfo HTTP/1.1" 204 0 "http://localhost:8080/" "Mozilla/5.0 (Windows NT 10.0; Win64; x64) AppleWebKit/537.36 (KHTML, like Gecko) Chrome/84.0.4147.125 Safari/537.36"
::1 - - [20/Oct/2020:14:17:51 +0000] "POST /shuserinfo HTTP/1.1" 200 312 "http://localhost:8080/" "Mozilla/5.0 (Windows NT 10.0; Win64; x64) AppleWebKit/537.36 (KHTML, like Gecko) Chrome/84.0.4147.125 Safari/537.36"
::1 - - [20/Oct/2020:14:18:36 +0000] "OPTIONS /shuserinfo HTTP/1.1" 204 0 "http://localhost:8080/" "Mozilla/5.0 (Windows NT 10.0; Win64; x64) AppleWebKit/537.36 (KHTML, like Gecko) Chrome/84.0.4147.125 Safari/537.36"
::1 - - [20/Oct/2020:14:18:36 +0000] "POST /shuserinfo HTTP/1.1" 200 312 "http://localhost:8080/" "Mozilla/5.0 (Windows NT 10.0; Win64; x64) AppleWebKit/537.36 (KHTML, like Gecko) Chrome/84.0.4147.125 Safari/537.36"
::1 - - [20/Oct/2020:14:18:40 +0000] "OPTIONS /postcomm HTTP/1.1" 204 0 "http://localhost:8080/" "Mozilla/5.0 (Windows NT 10.0; Win64; x64) AppleWebKit/537.36 (KHTML, like Gecko) Chrome/84.0.4147.125 Safari/537.36"
::1 - - [20/Oct/2020:14:18:40 +0000] "POST /postcomm HTTP/1.1" 404 148 "http://localhost:8080/" "Mozilla/5.0 (Windows NT 10.0; Win64; x64) AppleWebKit/537.36 (KHTML, like Gecko) Chrome/84.0.4147.125 Safari/537.36"
::1 - - [20/Oct/2020:14:19:16 +0000] "OPTIONS /shuserinfo HTTP/1.1" 204 0 "http://localhost:8080/" "Mozilla/5.0 (Windows NT 10.0; Win64; x64) AppleWebKit/537.36 (KHTML, like Gecko) Chrome/84.0.4147.125 Safari/537.36"
::1 - - [20/Oct/2020:14:19:16 +0000] "POST /shuserinfo HTTP/1.1" 200 312 "http://localhost:8080/" "Mozilla/5.0 (Windows NT 10.0; Win64; x64) AppleWebKit/537.36 (KHTML, like Gecko) Chrome/84.0.4147.125 Safari/537.36"
::1 - - [20/Oct/2020:14:19:42 +0000] "OPTIONS /shuserinfo HTTP/1.1" 204 0 "http://localhost:8080/" "Mozilla/5.0 (Windows NT 10.0; Win64; x64) AppleWebKit/537.36 (KHTML, like Gecko) Chrome/84.0.4147.125 Safari/537.36"
::1 - - [20/Oct/2020:14:19:42 +0000] "POST /shuserinfo HTTP/1.1" 200 312 "http://localhost:8080/" "Mozilla/5.0 (Windows NT 10.0; Win64; x64) AppleWebKit/537.36 (KHTML, like Gecko) Chrome/84.0.4147.125 Safari/537.36"
::1 - - [20/Oct/2020:14:19:45 +0000] "OPTIONS /postcomm HTTP/1.1" 204 0 "http://localhost:8080/" "Mozilla/5.0 (Windows NT 10.0; Win64; x64) AppleWebKit/537.36 (KHTML, like Gecko) Chrome/84.0.4147.125 Safari/537.36"
::1 - - [20/Oct/2020:14:19:45 +0000] "POST /postcomm HTTP/1.1" 404 148 "http://localhost:8080/" "Mozilla/5.0 (Windows NT 10.0; Win64; x64) AppleWebKit/537.36 (KHTML, like Gecko) Chrome/84.0.4147.125 Safari/537.36"
::1 - - [20/Oct/2020:14:19:45 +0000] "POST /postcomm HTTP/1.1" 404 148 "http://localhost:8080/" "Mozilla/5.0 (Windows NT 10.0; Win64; x64) AppleWebKit/537.36 (KHTML, like Gecko) Chrome/84.0.4147.125 Safari/537.36"
::1 - - [20/Oct/2020:14:23:34 +0000] "OPTIONS /shuserinfo HTTP/1.1" 204 0 "http://localhost:8080/" "Mozilla/5.0 (Windows NT 10.0; Win64; x64) AppleWebKit/537.36 (KHTML, like Gecko) Chrome/84.0.4147.125 Safari/537.36"
::1 - - [20/Oct/2020:14:23:34 +0000] "POST /shuserinfo HTTP/1.1" 200 312 "http://localhost:8080/" "Mozilla/5.0 (Windows NT 10.0; Win64; x64) AppleWebKit/537.36 (KHTML, like Gecko) Chrome/84.0.4147.125 Safari/537.36"
::1 - - [20/Oct/2020:14:24:49 +0000] "OPTIONS /postcomm HTTP/1.1" 204 0 "http://localhost:8080/" "Mozilla/5.0 (Windows NT 10.0; Win64; x64) AppleWebKit/537.36 (KHTML, like Gecko) Chrome/84.0.4147.125 Safari/537.36"
::1 - - [20/Oct/2020:14:24:50 +0000] "POST /postcomm HTTP/1.1" 200 39 "http://localhost:8080/" "Mozilla/5.0 (Windows NT 10.0; Win64; x64) AppleWebKit/537.36 (KHTML, like Gecko) Chrome/84.0.4147.125 Safari/537.36"
::1 - - [20/Oct/2020:14:42:05 +0000] "OPTIONS /shuserinfo HTTP/1.1" 204 0 "http://localhost:8080/" "Mozilla/5.0 (Windows NT 10.0; Win64; x64) AppleWebKit/537.36 (KHTML, like Gecko) Chrome/84.0.4147.125 Safari/537.36"
::1 - - [20/Oct/2020:14:42:05 +0000] "POST /shuserinfo HTTP/1.1" 200 312 "http://localhost:8080/" "Mozilla/5.0 (Windows NT 10.0; Win64; x64) AppleWebKit/537.36 (KHTML, like Gecko) Chrome/84.0.4147.125 Safari/537.36"
::1 - - [20/Oct/2020:14:42:11 +0000] "OPTIONS /postcomm HTTP/1.1" 204 0 "http://localhost:8080/" "Mozilla/5.0 (Windows NT 10.0; Win64; x64) AppleWebKit/537.36 (KHTML, like Gecko) Chrome/84.0.4147.125 Safari/537.36"
::1 - - [20/Oct/2020:14:42:11 +0000] "POST /postcomm HTTP/1.1" 200 39 "http://localhost:8080/" "Mozilla/5.0 (Windows NT 10.0; Win64; x64) AppleWebKit/537.36 (KHTML, like Gecko) Chrome/84.0.4147.125 Safari/537.36"
::1 - - [20/Oct/2020:14:43:07 +0000] "OPTIONS /postcomm HTTP/1.1" 204 0 "http://localhost:8080/" "Mozilla/5.0 (Windows NT 10.0; Win64; x64) AppleWebKit/537.36 (KHTML, like Gecko) Chrome/84.0.4147.125 Safari/537.36"
::1 - - [20/Oct/2020:14:43:07 +0000] "POST /postcomm HTTP/1.1" 200 39 "http://localhost:8080/" "Mozilla/5.0 (Windows NT 10.0; Win64; x64) AppleWebKit/537.36 (KHTML, like Gecko) Chrome/84.0.4147.125 Safari/537.36"
::1 - - [20/Oct/2020:14:43:44 +0000] "OPTIONS /postcomm HTTP/1.1" 204 0 "http://localhost:8080/" "Mozilla/5.0 (Windows NT 10.0; Win64; x64) AppleWebKit/537.36 (KHTML, like Gecko) Chrome/84.0.4147.125 Safari/537.36"
::1 - - [20/Oct/2020:14:43:44 +0000] "POST /postcomm HTTP/1.1" 200 39 "http://localhost:8080/" "Mozilla/5.0 (Windows NT 10.0; Win64; x64) AppleWebKit/537.36 (KHTML, like Gecko) Chrome/84.0.4147.125 Safari/537.36"
::1 - - [20/Oct/2020:14:44:03 +0000] "OPTIONS /shuserinfo HTTP/1.1" 204 0 "http://localhost:8080/" "Mozilla/5.0 (Windows NT 10.0; Win64; x64) AppleWebKit/537.36 (KHTML, like Gecko) Chrome/84.0.4147.125 Safari/537.36"
::1 - - [20/Oct/2020:14:44:03 +0000] "POST /shuserinfo HTTP/1.1" 200 312 "http://localhost:8080/" "Mozilla/5.0 (Windows NT 10.0; Win64; x64) AppleWebKit/537.36 (KHTML, like Gecko) Chrome/84.0.4147.125 Safari/537.36"
::1 - - [20/Oct/2020:14:44:08 +0000] "OPTIONS /postcomm HTTP/1.1" 204 0 "http://localhost:8080/" "Mozilla/5.0 (Windows NT 10.0; Win64; x64) AppleWebKit/537.36 (KHTML, like Gecko) Chrome/84.0.4147.125 Safari/537.36"
::1 - - [20/Oct/2020:14:44:08 +0000] "POST /postcomm HTTP/1.1" 200 39 "http://localhost:8080/" "Mozilla/5.0 (Windows NT 10.0; Win64; x64) AppleWebKit/537.36 (KHTML, like Gecko) Chrome/84.0.4147.125 Safari/537.36"
::1 - - [20/Oct/2020:14:45:51 +0000] "OPTIONS /shuserinfo HTTP/1.1" 204 0 "http://localhost:8080/" "Mozilla/5.0 (Windows NT 10.0; Win64; x64) AppleWebKit/537.36 (KHTML, like Gecko) Chrome/84.0.4147.125 Safari/537.36"
::1 - - [20/Oct/2020:14:45:51 +0000] "POST /shuserinfo HTTP/1.1" 200 312 "http://localhost:8080/" "Mozilla/5.0 (Windows NT 10.0; Win64; x64) AppleWebKit/537.36 (KHTML, like Gecko) Chrome/84.0.4147.125 Safari/537.36"
::1 - - [20/Oct/2020:14:45:56 +0000] "OPTIONS /postcomm HTTP/1.1" 204 0 "http://localhost:8080/" "Mozilla/5.0 (Windows NT 10.0; Win64; x64) AppleWebKit/537.36 (KHTML, like Gecko) Chrome/84.0.4147.125 Safari/537.36"
::1 - - [20/Oct/2020:14:45:56 +0000] "POST /postcomm HTTP/1.1" 200 39 "http://localhost:8080/" "Mozilla/5.0 (Windows NT 10.0; Win64; x64) AppleWebKit/537.36 (KHTML, like Gecko) Chrome/84.0.4147.125 Safari/537.36"
::1 - - [20/Oct/2020:14:46:23 +0000] "OPTIONS /shuserinfo HTTP/1.1" 204 0 "http://localhost:8080/" "Mozilla/5.0 (Windows NT 10.0; Win64; x64) AppleWebKit/537.36 (KHTML, like Gecko) Chrome/84.0.4147.125 Safari/537.36"
::1 - - [20/Oct/2020:14:46:23 +0000] "POST /shuserinfo HTTP/1.1" 200 312 "http://localhost:8080/" "Mozilla/5.0 (Windows NT 10.0; Win64; x64) AppleWebKit/537.36 (KHTML, like Gecko) Chrome/84.0.4147.125 Safari/537.36"
::1 - - [20/Oct/2020:14:46:28 +0000] "OPTIONS /postcomm HTTP/1.1" 204 0 "http://localhost:8080/" "Mozilla/5.0 (Windows NT 10.0; Win64; x64) AppleWebKit/537.36 (KHTML, like Gecko) Chrome/84.0.4147.125 Safari/537.36"
::1 - - [20/Oct/2020:14:46:29 +0000] "POST /postcomm HTTP/1.1" 200 39 "http://localhost:8080/" "Mozilla/5.0 (Windows NT 10.0; Win64; x64) AppleWebKit/537.36 (KHTML, like Gecko) Chrome/84.0.4147.125 Safari/537.36"
::1 - - [20/Oct/2020:14:46:55 +0000] "OPTIONS /shuserinfo HTTP/1.1" 204 0 "http://localhost:8080/" "Mozilla/5.0 (Windows NT 10.0; Win64; x64) AppleWebKit/537.36 (KHTML, like Gecko) Chrome/84.0.4147.125 Safari/537.36"
::1 - - [20/Oct/2020:14:46:55 +0000] "POST /shuserinfo HTTP/1.1" 200 312 "http://localhost:8080/" "Mozilla/5.0 (Windows NT 10.0; Win64; x64) AppleWebKit/537.36 (KHTML, like Gecko) Chrome/84.0.4147.125 Safari/537.36"
::1 - - [20/Oct/2020:14:46:58 +0000] "OPTIONS /postcomm HTTP/1.1" 204 0 "http://localhost:8080/" "Mozilla/5.0 (Windows NT 10.0; Win64; x64) AppleWebKit/537.36 (KHTML, like Gecko) Chrome/84.0.4147.125 Safari/537.36"
::1 - - [20/Oct/2020:14:46:58 +0000] "POST /postcomm HTTP/1.1" 200 39 "http://localhost:8080/" "Mozilla/5.0 (Windows NT 10.0; Win64; x64) AppleWebKit/537.36 (KHTML, like Gecko) Chrome/84.0.4147.125 Safari/537.36"
::1 - - [20/Oct/2020:14:50:52 +0000] "OPTIONS /shuserinfo HTTP/1.1" 204 0 "http://localhost:8080/" "Mozilla/5.0 (Windows NT 10.0; Win64; x64) AppleWebKit/537.36 (KHTML, like Gecko) Chrome/84.0.4147.125 Safari/537.36"
::1 - - [20/Oct/2020:14:50:52 +0000] "POST /shuserinfo HTTP/1.1" 200 312 "http://localhost:8080/" "Mozilla/5.0 (Windows NT 10.0; Win64; x64) AppleWebKit/537.36 (KHTML, like Gecko) Chrome/84.0.4147.125 Safari/537.36"
::1 - - [20/Oct/2020:14:51:33 +0000] "OPTIONS /shuserinfo HTTP/1.1" 204 0 "http://localhost:8080/" "Mozilla/5.0 (Windows NT 10.0; Win64; x64) AppleWebKit/537.36 (KHTML, like Gecko) Chrome/84.0.4147.125 Safari/537.36"
::1 - - [20/Oct/2020:14:51:34 +0000] "POST /shuserinfo HTTP/1.1" 200 312 "http://localhost:8080/" "Mozilla/5.0 (Windows NT 10.0; Win64; x64) AppleWebKit/537.36 (KHTML, like Gecko) Chrome/84.0.4147.125 Safari/537.36"
::1 - - [20/Oct/2020:14:52:34 +0000] "OPTIONS /shuserinfo HTTP/1.1" 204 0 "http://localhost:8080/" "Mozilla/5.0 (Windows NT 10.0; Win64; x64) AppleWebKit/537.36 (KHTML, like Gecko) Chrome/84.0.4147.125 Safari/537.36"
::1 - - [20/Oct/2020:14:52:34 +0000] "POST /shuserinfo HTTP/1.1" 200 312 "http://localhost:8080/" "Mozilla/5.0 (Windows NT 10.0; Win64; x64) AppleWebKit/537.36 (KHTML, like Gecko) Chrome/84.0.4147.125 Safari/537.36"
::1 - - [20/Oct/2020:14:53:59 +0000] "OPTIONS /shuserinfo HTTP/1.1" 204 0 "http://localhost:8080/" "Mozilla/5.0 (Windows NT 10.0; Win64; x64) AppleWebKit/537.36 (KHTML, like Gecko) Chrome/84.0.4147.125 Safari/537.36"
::1 - - [20/Oct/2020:14:54:00 +0000] "POST /shuserinfo HTTP/1.1" 200 312 "http://localhost:8080/" "Mozilla/5.0 (Windows NT 10.0; Win64; x64) AppleWebKit/537.36 (KHTML, like Gecko) Chrome/84.0.4147.125 Safari/537.36"
::1 - - [20/Oct/2020:14:55:38 +0000] "OPTIONS /shuserinfo HTTP/1.1" 204 0 "http://localhost:8080/" "Mozilla/5.0 (Windows NT 10.0; Win64; x64) AppleWebKit/537.36 (KHTML, like Gecko) Chrome/84.0.4147.125 Safari/537.36"
::1 - - [20/Oct/2020:14:55:38 +0000] "POST /shuserinfo HTTP/1.1" 200 312 "http://localhost:8080/" "Mozilla/5.0 (Windows NT 10.0; Win64; x64) AppleWebKit/537.36 (KHTML, like Gecko) Chrome/84.0.4147.125 Safari/537.36"
::1 - - [20/Oct/2020:14:55:42 +0000] "OPTIONS /postcomm HTTP/1.1" 204 0 "http://localhost:8080/" "Mozilla/5.0 (Windows NT 10.0; Win64; x64) AppleWebKit/537.36 (KHTML, like Gecko) Chrome/84.0.4147.125 Safari/537.36"
::1 - - [20/Oct/2020:14:55:43 +0000] "POST /postcomm HTTP/1.1" 200 39 "http://localhost:8080/" "Mozilla/5.0 (Windows NT 10.0; Win64; x64) AppleWebKit/537.36 (KHTML, like Gecko) Chrome/84.0.4147.125 Safari/537.36"
::1 - - [20/Oct/2020:14:56:18 +0000] "OPTIONS /shuserinfo HTTP/1.1" 204 0 "http://localhost:8080/" "Mozilla/5.0 (Windows NT 10.0; Win64; x64) AppleWebKit/537.36 (KHTML, like Gecko) Chrome/84.0.4147.125 Safari/537.36"
::1 - - [20/Oct/2020:14:56:18 +0000] "POST /shuserinfo HTTP/1.1" 200 312 "http://localhost:8080/" "Mozilla/5.0 (Windows NT 10.0; Win64; x64) AppleWebKit/537.36 (KHTML, like Gecko) Chrome/84.0.4147.125 Safari/537.36"
::1 - - [20/Oct/2020:14:56:35 +0000] "OPTIONS /shuserinfo HTTP/1.1" 204 0 "http://localhost:8080/" "Mozilla/5.0 (Windows NT 10.0; Win64; x64) AppleWebKit/537.36 (KHTML, like Gecko) Chrome/84.0.4147.125 Safari/537.36"
::1 - - [20/Oct/2020:14:56:35 +0000] "POST /shuserinfo HTTP/1.1" 200 312 "http://localhost:8080/" "Mozilla/5.0 (Windows NT 10.0; Win64; x64) AppleWebKit/537.36 (KHTML, like Gecko) Chrome/84.0.4147.125 Safari/537.36"
::1 - - [20/Oct/2020:14:57:13 +0000] "OPTIONS /shuserinfo HTTP/1.1" 204 0 "http://localhost:8080/" "Mozilla/5.0 (Windows NT 10.0; Win64; x64) AppleWebKit/537.36 (KHTML, like Gecko) Chrome/84.0.4147.125 Safari/537.36"
::1 - - [20/Oct/2020:14:57:13 +0000] "POST /shuserinfo HTTP/1.1" 200 312 "http://localhost:8080/" "Mozilla/5.0 (Windows NT 10.0; Win64; x64) AppleWebKit/537.36 (KHTML, like Gecko) Chrome/84.0.4147.125 Safari/537.36"
::1 - - [20/Oct/2020:14:58:29 +0000] "OPTIONS /shuserinfo HTTP/1.1" 204 0 "http://localhost:8080/" "Mozilla/5.0 (Windows NT 10.0; Win64; x64) AppleWebKit/537.36 (KHTML, like Gecko) Chrome/84.0.4147.125 Safari/537.36"
::1 - - [20/Oct/2020:14:58:29 +0000] "POST /shuserinfo HTTP/1.1" 200 312 "http://localhost:8080/" "Mozilla/5.0 (Windows NT 10.0; Win64; x64) AppleWebKit/537.36 (KHTML, like Gecko) Chrome/84.0.4147.125 Safari/537.36"
::1 - - [20/Oct/2020:14:58:36 +0000] "OPTIONS /shuserinfo HTTP/1.1" 204 0 "http://localhost:8080/" "Mozilla/5.0 (Windows NT 10.0; Win64; x64) AppleWebKit/537.36 (KHTML, like Gecko) Chrome/84.0.4147.125 Safari/537.36"
::1 - - [20/Oct/2020:14:58:36 +0000] "OPTIONS /shuserinfo HTTP/1.1" 204 0 "http://localhost:8080/" "Mozilla/5.0 (Windows NT 10.0; Win64; x64) AppleWebKit/537.36 (KHTML, like Gecko) Chrome/84.0.4147.125 Safari/537.36"
::1 - - [20/Oct/2020:14:58:36 +0000] "POST /shuserinfo HTTP/1.1" 200 312 "http://localhost:8080/" "Mozilla/5.0 (Windows NT 10.0; Win64; x64) AppleWebKit/537.36 (KHTML, like Gecko) Chrome/84.0.4147.125 Safari/537.36"
::1 - - [20/Oct/2020:14:58:36 +0000] "POST /shuserinfo HTTP/1.1" 200 312 "http://localhost:8080/" "Mozilla/5.0 (Windows NT 10.0; Win64; x64) AppleWebKit/537.36 (KHTML, like Gecko) Chrome/84.0.4147.125 Safari/537.36"
::1 - - [20/Oct/2020:14:58:37 +0000] "GET /public/images/1602830717166u=2409086564,4092922119&fm=26&gp=0.jpg HTTP/1.1" 304 - "http://localhost:8080/" "Mozilla/5.0 (Windows NT 10.0; Win64; x64) AppleWebKit/537.36 (KHTML, like Gecko) Chrome/84.0.4147.125 Safari/537.36"
