::1 - - [22/Oct/2020:09:21:48 +0000] "GET / HTTP/1.1" - - "-" "Mozilla/5.0 (Windows NT 10.0; Win64; x64) AppleWebKit/537.36 (KHTML, like Gecko) Chrome/84.0.4147.125 Safari/537.36"
::1 - - [22/Oct/2020:09:21:53 +0000] "GET / HTTP/1.1" 200 1849 "-" "Mozilla/5.0 (Windows NT 10.0; Win64; x64) AppleWebKit/537.36 (KHTML, like Gecko) Chrome/84.0.4147.125 Safari/537.36"
::1 - - [22/Oct/2020:09:21:55 +0000] "GET /favicon.ico HTTP/1.1" 404 150 "http://localhost:3000/" "Mozilla/5.0 (Windows NT 10.0; Win64; x64) AppleWebKit/537.36 (KHTML, like Gecko) Chrome/84.0.4147.125 Safari/537.36"
::1 - - [22/Oct/2020:09:24:42 +0000] "GET / HTTP/1.1" 304 - "-" "Mozilla/5.0 (Windows NT 10.0; Win64; x64) AppleWebKit/537.36 (KHTML, like Gecko) Chrome/84.0.4147.125 Safari/537.36"
::1 - - [22/Oct/2020:09:25:53 +0000] "GET /my HTTP/1.1" 404 141 "-" "Mozilla/5.0 (Windows NT 10.0; Win64; x64) AppleWebKit/537.36 (KHTML, like Gecko) Chrome/84.0.4147.125 Safari/537.36"
::1 - - [22/Oct/2020:11:55:27 +0000] "OPTIONS /login HTTP/1.1" 204 0 "http://localhost:8080/" "Mozilla/5.0 (Windows NT 10.0; Win64; x64) AppleWebKit/537.36 (KHTML, like Gecko) Chrome/84.0.4147.125 Safari/537.36"
::1 - - [22/Oct/2020:11:55:28 +0000] "POST /login HTTP/1.1" 200 219 "http://localhost:8080/" "Mozilla/5.0 (Windows NT 10.0; Win64; x64) AppleWebKit/537.36 (KHTML, like Gecko) Chrome/84.0.4147.125 Safari/537.36"
::1 - - [22/Oct/2020:11:55:28 +0000] "OPTIONS /shuserinfo HTTP/1.1" 204 0 "http://localhost:8080/" "Mozilla/5.0 (Windows NT 10.0; Win64; x64) AppleWebKit/537.36 (KHTML, like Gecko) Chrome/84.0.4147.125 Safari/537.36"
::1 - - [22/Oct/2020:11:55:28 +0000] "POST /shuserinfo HTTP/1.1" 200 303 "http://localhost:8080/" "Mozilla/5.0 (Windows NT 10.0; Win64; x64) AppleWebKit/537.36 (KHTML, like Gecko) Chrome/84.0.4147.125 Safari/537.36"
::1 - - [22/Oct/2020:11:55:29 +0000] "GET /public/images/160283202388829c52b526855b04b3b85282a89134631.jpg HTTP/1.1" 200 451948 "http://localhost:8080/" "Mozilla/5.0 (Windows NT 10.0; Win64; x64) AppleWebKit/537.36 (KHTML, like Gecko) Chrome/84.0.4147.125 Safari/537.36"
::1 - - [22/Oct/2020:11:55:46 +0000] "OPTIONS /shuserinfo HTTP/1.1" 204 0 "http://localhost:8080/" "Mozilla/5.0 (Windows NT 10.0; Win64; x64) AppleWebKit/537.36 (KHTML, like Gecko) Chrome/84.0.4147.125 Safari/537.36"
::1 - - [22/Oct/2020:11:55:46 +0000] "POST /shuserinfo HTTP/1.1" 200 303 "http://localhost:8080/" "Mozilla/5.0 (Windows NT 10.0; Win64; x64) AppleWebKit/537.36 (KHTML, like Gecko) Chrome/84.0.4147.125 Safari/537.36"
::1 - - [22/Oct/2020:11:55:47 +0000] "GET /public/images/160283202388829c52b526855b04b3b85282a89134631.jpg HTTP/1.1" 304 - "http://localhost:8080/" "Mozilla/5.0 (Windows NT 10.0; Win64; x64) AppleWebKit/537.36 (KHTML, like Gecko) Chrome/84.0.4147.125 Safari/537.36"
::1 - - [22/Oct/2020:12:01:16 +0000] "OPTIONS /shuserinfo HTTP/1.1" 204 0 "http://localhost:8080/" "Mozilla/5.0 (Windows NT 10.0; Win64; x64) AppleWebKit/537.36 (KHTML, like Gecko) Chrome/84.0.4147.125 Safari/537.36"
::1 - - [22/Oct/2020:12:01:17 +0000] "POST /shuserinfo HTTP/1.1" 200 303 "http://localhost:8080/" "Mozilla/5.0 (Windows NT 10.0; Win64; x64) AppleWebKit/537.36 (KHTML, like Gecko) Chrome/84.0.4147.125 Safari/537.36"
::1 - - [22/Oct/2020:12:01:17 +0000] "GET /public/images/160283202388829c52b526855b04b3b85282a89134631.jpg HTTP/1.1" 304 - "http://localhost:8080/" "Mozilla/5.0 (Windows NT 10.0; Win64; x64) AppleWebKit/537.36 (KHTML, like Gecko) Chrome/84.0.4147.125 Safari/537.36"
::1 - - [22/Oct/2020:12:01:25 +0000] "OPTIONS /shuserinfo HTTP/1.1" 204 0 "http://localhost:8080/" "Mozilla/5.0 (Windows NT 10.0; Win64; x64) AppleWebKit/537.36 (KHTML, like Gecko) Chrome/84.0.4147.125 Safari/537.36"
::1 - - [22/Oct/2020:12:01:25 +0000] "POST /shuserinfo HTTP/1.1" 200 303 "http://localhost:8080/" "Mozilla/5.0 (Windows NT 10.0; Win64; x64) AppleWebKit/537.36 (KHTML, like Gecko) Chrome/84.0.4147.125 Safari/537.36"
::1 - - [22/Oct/2020:12:01:25 +0000] "GET /public/images/160283202388829c52b526855b04b3b85282a89134631.jpg HTTP/1.1" 304 - "http://localhost:8080/" "Mozilla/5.0 (Windows NT 10.0; Win64; x64) AppleWebKit/537.36 (KHTML, like Gecko) Chrome/84.0.4147.125 Safari/537.36"
::1 - - [22/Oct/2020:12:01:30 +0000] "OPTIONS /shuserinfo HTTP/1.1" 204 0 "http://localhost:8080/" "Mozilla/5.0 (Windows NT 10.0; Win64; x64) AppleWebKit/537.36 (KHTML, like Gecko) Chrome/84.0.4147.125 Safari/537.36"
::1 - - [22/Oct/2020:12:01:30 +0000] "OPTIONS /getcomm HTTP/1.1" 204 0 "http://localhost:8080/" "Mozilla/5.0 (Windows NT 10.0; Win64; x64) AppleWebKit/537.36 (KHTML, like Gecko) Chrome/84.0.4147.125 Safari/537.36"
::1 - - [22/Oct/2020:12:01:31 +0000] "POST /shuserinfo HTTP/1.1" 200 303 "http://localhost:8080/" "Mozilla/5.0 (Windows NT 10.0; Win64; x64) AppleWebKit/537.36 (KHTML, like Gecko) Chrome/84.0.4147.125 Safari/537.36"
::1 - - [22/Oct/2020:12:01:31 +0000] "GET /getcomm HTTP/1.1" 200 6024 "http://localhost:8080/" "Mozilla/5.0 (Windows NT 10.0; Win64; x64) AppleWebKit/537.36 (KHTML, like Gecko) Chrome/84.0.4147.125 Safari/537.36"
::1 - - [22/Oct/2020:12:01:31 +0000] "GET /public/images/1603250241278892e5b55170b2aad76ea9cb1a4c42551.jpg HTTP/1.1" 200 112476 "http://localhost:8080/" "Mozilla/5.0 (Windows NT 10.0; Win64; x64) AppleWebKit/537.36 (KHTML, like Gecko) Chrome/84.0.4147.125 Safari/537.36"
::1 - - [22/Oct/2020:12:01:31 +0000] "GET /public/images/1603262878798a2e7ff7ee3e011229f3f503925d824b9.jpg HTTP/1.1" 200 189836 "http://localhost:8080/" "Mozilla/5.0 (Windows NT 10.0; Win64; x64) AppleWebKit/537.36 (KHTML, like Gecko) Chrome/84.0.4147.125 Safari/537.36"
::1 - - [22/Oct/2020:12:01:31 +0000] "GET /public/images/160326210741046849996dc773d969f561b42ac4fce6e.jpg HTTP/1.1" 200 1443015 "http://localhost:8080/" "Mozilla/5.0 (Windows NT 10.0; Win64; x64) AppleWebKit/537.36 (KHTML, like Gecko) Chrome/84.0.4147.125 Safari/537.36"
::1 - - [22/Oct/2020:12:01:31 +0000] "GET /public/images/1603249719512e7ce86382fa47c58d7f89334538b235a.jpg HTTP/1.1" 200 1448043 "http://localhost:8080/" "Mozilla/5.0 (Windows NT 10.0; Win64; x64) AppleWebKit/537.36 (KHTML, like Gecko) Chrome/84.0.4147.125 Safari/537.36"
::1 - - [22/Oct/2020:12:08:27 +0000] "OPTIONS /shuserinfo HTTP/1.1" 204 0 "http://localhost:8080/" "Mozilla/5.0 (Windows NT 10.0; Win64; x64) AppleWebKit/537.36 (KHTML, like Gecko) Chrome/84.0.4147.125 Safari/537.36"
::1 - - [22/Oct/2020:12:08:28 +0000] "POST /shuserinfo HTTP/1.1" 200 303 "http://localhost:8080/" "Mozilla/5.0 (Windows NT 10.0; Win64; x64) AppleWebKit/537.36 (KHTML, like Gecko) Chrome/84.0.4147.125 Safari/537.36"
::1 - - [22/Oct/2020:12:08:28 +0000] "GET /public/images/160283202388829c52b526855b04b3b85282a89134631.jpg HTTP/1.1" 304 - "http://localhost:8080/" "Mozilla/5.0 (Windows NT 10.0; Win64; x64) AppleWebKit/537.36 (KHTML, like Gecko) Chrome/84.0.4147.125 Safari/537.36"
::1 - - [22/Oct/2020:12:09:08 +0000] "OPTIONS /shuserinfo HTTP/1.1" 204 0 "http://localhost:8080/" "Mozilla/5.0 (Windows NT 10.0; Win64; x64) AppleWebKit/537.36 (KHTML, like Gecko) Chrome/84.0.4147.125 Safari/537.36"
::1 - - [22/Oct/2020:12:09:08 +0000] "POST /shuserinfo HTTP/1.1" 200 303 "http://localhost:8080/" "Mozilla/5.0 (Windows NT 10.0; Win64; x64) AppleWebKit/537.36 (KHTML, like Gecko) Chrome/84.0.4147.125 Safari/537.36"
::1 - - [22/Oct/2020:12:09:08 +0000] "GET /public/images/160283202388829c52b526855b04b3b85282a89134631.jpg HTTP/1.1" 304 - "http://localhost:8080/" "Mozilla/5.0 (Windows NT 10.0; Win64; x64) AppleWebKit/537.36 (KHTML, like Gecko) Chrome/84.0.4147.125 Safari/537.36"
::1 - - [22/Oct/2020:12:12:03 +0000] "OPTIONS /shuserinfo HTTP/1.1" 204 0 "http://localhost:8080/" "Mozilla/5.0 (Windows NT 10.0; Win64; x64) AppleWebKit/537.36 (KHTML, like Gecko) Chrome/84.0.4147.125 Safari/537.36"
::1 - - [22/Oct/2020:12:12:04 +0000] "POST /shuserinfo HTTP/1.1" 200 303 "http://localhost:8080/" "Mozilla/5.0 (Windows NT 10.0; Win64; x64) AppleWebKit/537.36 (KHTML, like Gecko) Chrome/84.0.4147.125 Safari/537.36"
::1 - - [22/Oct/2020:12:12:04 +0000] "GET /public/images/160283202388829c52b526855b04b3b85282a89134631.jpg HTTP/1.1" 304 - "http://localhost:8080/" "Mozilla/5.0 (Windows NT 10.0; Win64; x64) AppleWebKit/537.36 (KHTML, like Gecko) Chrome/84.0.4147.125 Safari/537.36"
::1 - - [22/Oct/2020:12:18:39 +0000] "OPTIONS /shuserinfo HTTP/1.1" 204 0 "http://localhost:8080/" "Mozilla/5.0 (Windows NT 10.0; Win64; x64) AppleWebKit/537.36 (KHTML, like Gecko) Chrome/84.0.4147.125 Safari/537.36"
::1 - - [22/Oct/2020:12:18:40 +0000] "POST /shuserinfo HTTP/1.1" 200 303 "http://localhost:8080/" "Mozilla/5.0 (Windows NT 10.0; Win64; x64) AppleWebKit/537.36 (KHTML, like Gecko) Chrome/84.0.4147.125 Safari/537.36"
::ffff:127.0.0.1 - - [22/Oct/2020:12:18:41 +0000] "GET /public/images/160283202388829c52b526855b04b3b85282a89134631.jpg HTTP/1.1" 304 - "http://localhost:8080/" "Mozilla/5.0 (Windows NT 10.0; Win64; x64) AppleWebKit/537.36 (KHTML, like Gecko) Chrome/84.0.4147.125 Safari/537.36"
::1 - - [22/Oct/2020:13:09:00 +0000] "OPTIONS /shuserinfo HTTP/1.1" 204 0 "http://localhost:8080/" "Mozilla/5.0 (Windows NT 10.0; Win64; x64) AppleWebKit/537.36 (KHTML, like Gecko) Chrome/84.0.4147.125 Safari/537.36"
::1 - - [22/Oct/2020:13:09:00 +0000] "POST /shuserinfo HTTP/1.1" 200 303 "http://localhost:8080/" "Mozilla/5.0 (Windows NT 10.0; Win64; x64) AppleWebKit/537.36 (KHTML, like Gecko) Chrome/84.0.4147.125 Safari/537.36"
::1 - - [22/Oct/2020:13:10:16 +0000] "OPTIONS /shuserinfo HTTP/1.1" 204 0 "http://localhost:8080/" "Mozilla/5.0 (Windows NT 10.0; Win64; x64) AppleWebKit/537.36 (KHTML, like Gecko) Chrome/84.0.4147.125 Safari/537.36"
::1 - - [22/Oct/2020:13:10:16 +0000] "POST /shuserinfo HTTP/1.1" 200 303 "http://localhost:8080/" "Mozilla/5.0 (Windows NT 10.0; Win64; x64) AppleWebKit/537.36 (KHTML, like Gecko) Chrome/84.0.4147.125 Safari/537.36"
::1 - - [22/Oct/2020:13:14:45 +0000] "OPTIONS /getcomm HTTP/1.1" 204 0 "http://localhost:8080/" "Mozilla/5.0 (Windows NT 10.0; Win64; x64) AppleWebKit/537.36 (KHTML, like Gecko) Chrome/84.0.4147.125 Safari/537.36"
::1 - - [22/Oct/2020:13:14:45 +0000] "GET /getcomm HTTP/1.1" 200 6024 "http://localhost:8080/" "Mozilla/5.0 (Windows NT 10.0; Win64; x64) AppleWebKit/537.36 (KHTML, like Gecko) Chrome/84.0.4147.125 Safari/537.36"
::1 - - [22/Oct/2020:13:14:45 +0000] "GET /public/images/1603262878798a2e7ff7ee3e011229f3f503925d824b9.jpg HTTP/1.1" 200 189836 "http://localhost:8080/" "Mozilla/5.0 (Windows NT 10.0; Win64; x64) AppleWebKit/537.36 (KHTML, like Gecko) Chrome/84.0.4147.125 Safari/537.36"
::1 - - [22/Oct/2020:13:14:45 +0000] "GET /public/images/1603250241278892e5b55170b2aad76ea9cb1a4c42551.jpg HTTP/1.1" 200 112476 "http://localhost:8080/" "Mozilla/5.0 (Windows NT 10.0; Win64; x64) AppleWebKit/537.36 (KHTML, like Gecko) Chrome/84.0.4147.125 Safari/537.36"
::1 - - [22/Oct/2020:13:14:45 +0000] "GET /public/images/160326210741046849996dc773d969f561b42ac4fce6e.jpg HTTP/1.1" 200 1443015 "http://localhost:8080/" "Mozilla/5.0 (Windows NT 10.0; Win64; x64) AppleWebKit/537.36 (KHTML, like Gecko) Chrome/84.0.4147.125 Safari/537.36"
::1 - - [22/Oct/2020:13:14:45 +0000] "GET /public/images/1603249719512e7ce86382fa47c58d7f89334538b235a.jpg HTTP/1.1" 200 1448043 "http://localhost:8080/" "Mozilla/5.0 (Windows NT 10.0; Win64; x64) AppleWebKit/537.36 (KHTML, like Gecko) Chrome/84.0.4147.125 Safari/537.36"
::1 - - [22/Oct/2020:13:14:55 +0000] "OPTIONS /getcomm HTTP/1.1" 204 0 "http://localhost:8080/" "Mozilla/5.0 (Windows NT 10.0; Win64; x64) AppleWebKit/537.36 (KHTML, like Gecko) Chrome/84.0.4147.125 Safari/537.36"
::1 - - [22/Oct/2020:13:14:55 +0000] "GET /getcomm HTTP/1.1" 304 - "http://localhost:8080/" "Mozilla/5.0 (Windows NT 10.0; Win64; x64) AppleWebKit/537.36 (KHTML, like Gecko) Chrome/84.0.4147.125 Safari/537.36"
::1 - - [22/Oct/2020:13:14:55 +0000] "GET /public/images/1603262878798a2e7ff7ee3e011229f3f503925d824b9.jpg HTTP/1.1" 304 - "http://localhost:8080/" "Mozilla/5.0 (Windows NT 10.0; Win64; x64) AppleWebKit/537.36 (KHTML, like Gecko) Chrome/84.0.4147.125 Safari/537.36"
::1 - - [22/Oct/2020:13:14:55 +0000] "GET /public/images/160326210741046849996dc773d969f561b42ac4fce6e.jpg HTTP/1.1" 304 - "http://localhost:8080/" "Mozilla/5.0 (Windows NT 10.0; Win64; x64) AppleWebKit/537.36 (KHTML, like Gecko) Chrome/84.0.4147.125 Safari/537.36"
::1 - - [22/Oct/2020:13:14:55 +0000] "GET /public/images/1603250241278892e5b55170b2aad76ea9cb1a4c42551.jpg HTTP/1.1" 304 - "http://localhost:8080/" "Mozilla/5.0 (Windows NT 10.0; Win64; x64) AppleWebKit/537.36 (KHTML, like Gecko) Chrome/84.0.4147.125 Safari/537.36"
::1 - - [22/Oct/2020:13:14:55 +0000] "GET /public/images/1603249719512e7ce86382fa47c58d7f89334538b235a.jpg HTTP/1.1" 304 - "http://localhost:8080/" "Mozilla/5.0 (Windows NT 10.0; Win64; x64) AppleWebKit/537.36 (KHTML, like Gecko) Chrome/84.0.4147.125 Safari/537.36"
::1 - - [22/Oct/2020:13:15:03 +0000] "OPTIONS /getcomm HTTP/1.1" 204 0 "http://localhost:8080/" "Mozilla/5.0 (Windows NT 10.0; Win64; x64) AppleWebKit/537.36 (KHTML, like Gecko) Chrome/84.0.4147.125 Safari/537.36"
::1 - - [22/Oct/2020:13:15:03 +0000] "GET /getcomm HTTP/1.1" 304 - "http://localhost:8080/" "Mozilla/5.0 (Windows NT 10.0; Win64; x64) AppleWebKit/537.36 (KHTML, like Gecko) Chrome/84.0.4147.125 Safari/537.36"
::1 - - [22/Oct/2020:13:15:03 +0000] "GET /public/images/160283202388829c52b526855b04b3b85282a89134631.jpg HTTP/1.1" 304 - "http://localhost:8080/" "Mozilla/5.0 (Windows NT 10.0; Win64; x64) AppleWebKit/537.36 (KHTML, like Gecko) Chrome/84.0.4147.125 Safari/537.36"
::1 - - [22/Oct/2020:13:15:03 +0000] "GET /public/images/1602830717166u=2409086564,4092922119&fm=26&gp=0.jpg HTTP/1.1" 200 36888 "http://localhost:8080/" "Mozilla/5.0 (Windows NT 10.0; Win64; x64) AppleWebKit/537.36 (KHTML, like Gecko) Chrome/84.0.4147.125 Safari/537.36"
::1 - - [22/Oct/2020:13:15:03 +0000] "GET /public/images/160283218164589c2961f4a63cb6156b7af1c2cc372bf.jpg HTTP/1.1" 200 1261743 "http://localhost:8080/" "Mozilla/5.0 (Windows NT 10.0; Win64; x64) AppleWebKit/537.36 (KHTML, like Gecko) Chrome/84.0.4147.125 Safari/537.36"
::1 - - [22/Oct/2020:13:15:37 +0000] "OPTIONS /login HTTP/1.1" 204 0 "http://localhost:8080/" "Mozilla/5.0 (Windows NT 10.0; Win64; x64) AppleWebKit/537.36 (KHTML, like Gecko) Chrome/84.0.4147.125 Safari/537.36"
::1 - - [22/Oct/2020:13:15:37 +0000] "POST /login HTTP/1.1" 200 219 "http://localhost:8080/" "Mozilla/5.0 (Windows NT 10.0; Win64; x64) AppleWebKit/537.36 (KHTML, like Gecko) Chrome/84.0.4147.125 Safari/537.36"
::1 - - [22/Oct/2020:13:15:38 +0000] "OPTIONS /shuserinfo HTTP/1.1" 204 0 "http://localhost:8080/" "Mozilla/5.0 (Windows NT 10.0; Win64; x64) AppleWebKit/537.36 (KHTML, like Gecko) Chrome/84.0.4147.125 Safari/537.36"
::1 - - [22/Oct/2020:13:15:38 +0000] "POST /shuserinfo HTTP/1.1" 200 303 "http://localhost:8080/" "Mozilla/5.0 (Windows NT 10.0; Win64; x64) AppleWebKit/537.36 (KHTML, like Gecko) Chrome/84.0.4147.125 Safari/537.36"
::1 - - [22/Oct/2020:13:15:50 +0000] "OPTIONS /getcomm HTTP/1.1" 204 0 "http://localhost:8080/" "Mozilla/5.0 (Windows NT 10.0; Win64; x64) AppleWebKit/537.36 (KHTML, like Gecko) Chrome/84.0.4147.125 Safari/537.36"
::1 - - [22/Oct/2020:13:15:50 +0000] "GET /getcomm HTTP/1.1" 304 - "http://localhost:8080/" "Mozilla/5.0 (Windows NT 10.0; Win64; x64) AppleWebKit/537.36 (KHTML, like Gecko) Chrome/84.0.4147.125 Safari/537.36"
::1 - - [22/Oct/2020:13:15:50 +0000] "GET /public/images/1603262878798a2e7ff7ee3e011229f3f503925d824b9.jpg HTTP/1.1" 304 - "http://localhost:8080/" "Mozilla/5.0 (Windows NT 10.0; Win64; x64) AppleWebKit/537.36 (KHTML, like Gecko) Chrome/84.0.4147.125 Safari/537.36"
::1 - - [22/Oct/2020:13:15:50 +0000] "GET /public/images/160326210741046849996dc773d969f561b42ac4fce6e.jpg HTTP/1.1" 304 - "http://localhost:8080/" "Mozilla/5.0 (Windows NT 10.0; Win64; x64) AppleWebKit/537.36 (KHTML, like Gecko) Chrome/84.0.4147.125 Safari/537.36"
::1 - - [22/Oct/2020:13:15:50 +0000] "GET /public/images/1603250241278892e5b55170b2aad76ea9cb1a4c42551.jpg HTTP/1.1" 304 - "http://localhost:8080/" "Mozilla/5.0 (Windows NT 10.0; Win64; x64) AppleWebKit/537.36 (KHTML, like Gecko) Chrome/84.0.4147.125 Safari/537.36"
::1 - - [22/Oct/2020:13:15:50 +0000] "GET /public/images/1603249719512e7ce86382fa47c58d7f89334538b235a.jpg HTTP/1.1" 304 - "http://localhost:8080/" "Mozilla/5.0 (Windows NT 10.0; Win64; x64) AppleWebKit/537.36 (KHTML, like Gecko) Chrome/84.0.4147.125 Safari/537.36"
::1 - - [22/Oct/2020:13:16:04 +0000] "OPTIONS /getcomm HTTP/1.1" 204 0 "http://localhost:8080/" "Mozilla/5.0 (Windows NT 10.0; Win64; x64) AppleWebKit/537.36 (KHTML, like Gecko) Chrome/84.0.4147.125 Safari/537.36"
::1 - - [22/Oct/2020:13:16:04 +0000] "GET /getcomm HTTP/1.1" 304 - "http://localhost:8080/" "Mozilla/5.0 (Windows NT 10.0; Win64; x64) AppleWebKit/537.36 (KHTML, like Gecko) Chrome/84.0.4147.125 Safari/537.36"
::1 - - [22/Oct/2020:13:16:04 +0000] "GET /public/images/160283218164589c2961f4a63cb6156b7af1c2cc372bf.jpg HTTP/1.1" 304 - "http://localhost:8080/" "Mozilla/5.0 (Windows NT 10.0; Win64; x64) AppleWebKit/537.36 (KHTML, like Gecko) Chrome/84.0.4147.125 Safari/537.36"
::1 - - [22/Oct/2020:13:16:04 +0000] "GET /public/images/1602830717166u=2409086564,4092922119&fm=26&gp=0.jpg HTTP/1.1" 304 - "http://localhost:8080/" "Mozilla/5.0 (Windows NT 10.0; Win64; x64) AppleWebKit/537.36 (KHTML, like Gecko) Chrome/84.0.4147.125 Safari/537.36"
::1 - - [22/Oct/2020:13:16:07 +0000] "GET /getcomm HTTP/1.1" 304 - "http://localhost:8080/" "Mozilla/5.0 (Windows NT 10.0; Win64; x64) AppleWebKit/537.36 (KHTML, like Gecko) Chrome/84.0.4147.125 Safari/537.36"
::1 - - [22/Oct/2020:13:16:11 +0000] "OPTIONS /getcomm HTTP/1.1" 204 0 "http://localhost:8080/" "Mozilla/5.0 (Windows NT 10.0; Win64; x64) AppleWebKit/537.36 (KHTML, like Gecko) Chrome/84.0.4147.125 Safari/537.36"
::1 - - [22/Oct/2020:13:16:11 +0000] "GET /getcomm HTTP/1.1" 304 - "http://localhost:8080/" "Mozilla/5.0 (Windows NT 10.0; Win64; x64) AppleWebKit/537.36 (KHTML, like Gecko) Chrome/84.0.4147.125 Safari/537.36"
::1 - - [22/Oct/2020:13:16:14 +0000] "GET /getcomm HTTP/1.1" 304 - "http://localhost:8080/" "Mozilla/5.0 (Windows NT 10.0; Win64; x64) AppleWebKit/537.36 (KHTML, like Gecko) Chrome/84.0.4147.125 Safari/537.36"
::1 - - [22/Oct/2020:13:16:18 +0000] "OPTIONS /getcomm HTTP/1.1" 204 0 "http://localhost:8080/" "Mozilla/5.0 (Windows NT 10.0; Win64; x64) AppleWebKit/537.36 (KHTML, like Gecko) Chrome/84.0.4147.125 Safari/537.36"
::1 - - [22/Oct/2020:13:16:18 +0000] "GET /getcomm HTTP/1.1" 304 - "http://localhost:8080/" "Mozilla/5.0 (Windows NT 10.0; Win64; x64) AppleWebKit/537.36 (KHTML, like Gecko) Chrome/84.0.4147.125 Safari/537.36"
::1 - - [22/Oct/2020:13:16:30 +0000] "OPTIONS /getcomm HTTP/1.1" 204 0 "http://localhost:8080/" "Mozilla/5.0 (Windows NT 10.0; Win64; x64) AppleWebKit/537.36 (KHTML, like Gecko) Chrome/84.0.4147.125 Safari/537.36"
::1 - - [22/Oct/2020:13:16:30 +0000] "GET /getcomm HTTP/1.1" 304 - "http://localhost:8080/" "Mozilla/5.0 (Windows NT 10.0; Win64; x64) AppleWebKit/537.36 (KHTML, like Gecko) Chrome/84.0.4147.125 Safari/537.36"
::1 - - [22/Oct/2020:13:16:30 +0000] "GET /public/images/1603262878798a2e7ff7ee3e011229f3f503925d824b9.jpg HTTP/1.1" 304 - "http://localhost:8080/" "Mozilla/5.0 (Windows NT 10.0; Win64; x64) AppleWebKit/537.36 (KHTML, like Gecko) Chrome/84.0.4147.125 Safari/537.36"
::1 - - [22/Oct/2020:13:16:30 +0000] "GET /public/images/160326210741046849996dc773d969f561b42ac4fce6e.jpg HTTP/1.1" 304 - "http://localhost:8080/" "Mozilla/5.0 (Windows NT 10.0; Win64; x64) AppleWebKit/537.36 (KHTML, like Gecko) Chrome/84.0.4147.125 Safari/537.36"
::1 - - [22/Oct/2020:13:16:30 +0000] "GET /public/images/1603250241278892e5b55170b2aad76ea9cb1a4c42551.jpg HTTP/1.1" 304 - "http://localhost:8080/" "Mozilla/5.0 (Windows NT 10.0; Win64; x64) AppleWebKit/537.36 (KHTML, like Gecko) Chrome/84.0.4147.125 Safari/537.36"
::1 - - [22/Oct/2020:13:16:30 +0000] "GET /public/images/1603249719512e7ce86382fa47c58d7f89334538b235a.jpg HTTP/1.1" 304 - "http://localhost:8080/" "Mozilla/5.0 (Windows NT 10.0; Win64; x64) AppleWebKit/537.36 (KHTML, like Gecko) Chrome/84.0.4147.125 Safari/537.36"
