::ffff:127.0.0.1 - - [13/Oct/2020:00:46:05 +0000] "GET / HTTP/1.1" 200 58 "-" "Mozilla/5.0 (Windows NT 10.0; Win64; x64) AppleWebKit/537.36 (KHTML, like Gecko) Chrome/84.0.4147.125 Safari/537.36"
::ffff:127.0.0.1 - - [13/Oct/2020:00:46:06 +0000] "GET /favicon.ico HTTP/1.1" 404 150 "http://localhost:3000/" "Mozilla/5.0 (Windows NT 10.0; Win64; x64) AppleWebKit/537.36 (KHTML, like Gecko) Chrome/84.0.4147.125 Safari/537.36"
::1 - - [13/Oct/2020:00:46:19 +0000] "GET /login HTTP/1.1" 200 33 "-" "Mozilla/5.0 (Windows NT 10.0; Win64; x64) AppleWebKit/537.36 (KHTML, like Gecko) Chrome/84.0.4147.125 Safari/537.36"
::1 - - [13/Oct/2020:00:46:35 +0000] "GET /login?username=524543&password=1313133 HTTP/1.1" 200 33 "http://localhost:8080/" "Mozilla/5.0 (Windows NT 10.0; Win64; x64) AppleWebKit/537.36 (KHTML, like Gecko) Chrome/84.0.4147.125 Safari/537.36"
::1 - - [13/Oct/2020:00:47:14 +0000] "GET /login?username=255423&password=45343453 HTTP/1.1" 200 33 "http://localhost:8080/?" "Mozilla/5.0 (Windows NT 10.0; Win64; x64) AppleWebKit/537.36 (KHTML, like Gecko) Chrome/84.0.4147.125 Safari/537.36"
::1 - - [13/Oct/2020:00:47:26 +0000] "GET /login?username=admin&password=45343453 HTTP/1.1" 200 33 "http://localhost:8080/?" "Mozilla/5.0 (Windows NT 10.0; Win64; x64) AppleWebKit/537.36 (KHTML, like Gecko) Chrome/84.0.4147.125 Safari/537.36"
::1 - - [13/Oct/2020:00:47:34 +0000] "GET /login?username=admin&password=123456 HTTP/1.1" 304 - "http://localhost:8080/?" "Mozilla/5.0 (Windows NT 10.0; Win64; x64) AppleWebKit/537.36 (KHTML, like Gecko) Chrome/84.0.4147.125 Safari/537.36"
::1 - - [13/Oct/2020:00:49:54 +0000] "OPTIONS /login HTTP/1.1" 204 0 "http://localhost:8080/?" "Mozilla/5.0 (Windows NT 10.0; Win64; x64) AppleWebKit/537.36 (KHTML, like Gecko) Chrome/84.0.4147.125 Safari/537.36"
::1 - - [13/Oct/2020:00:52:53 +0000] "OPTIONS /login HTTP/1.1" 204 0 "http://localhost:8080/?" "Mozilla/5.0 (Windows NT 10.0; Win64; x64) AppleWebKit/537.36 (KHTML, like Gecko) Chrome/84.0.4147.125 Safari/537.36"
::1 - - [13/Oct/2020:00:52:53 +0000] "POST /login HTTP/1.1" 200 33 "http://localhost:8080/?" "Mozilla/5.0 (Windows NT 10.0; Win64; x64) AppleWebKit/537.36 (KHTML, like Gecko) Chrome/84.0.4147.125 Safari/537.36"
::1 - - [13/Oct/2020:00:53:05 +0000] "OPTIONS /login HTTP/1.1" 204 0 "http://localhost:8080/?" "Mozilla/5.0 (Windows NT 10.0; Win64; x64) AppleWebKit/537.36 (KHTML, like Gecko) Chrome/84.0.4147.125 Safari/537.36"
::1 - - [13/Oct/2020:00:53:05 +0000] "POST /login HTTP/1.1" 200 33 "http://localhost:8080/?" "Mozilla/5.0 (Windows NT 10.0; Win64; x64) AppleWebKit/537.36 (KHTML, like Gecko) Chrome/84.0.4147.125 Safari/537.36"
::1 - - [13/Oct/2020:00:53:52 +0000] "OPTIONS /login HTTP/1.1" 204 0 "http://localhost:8080/?" "Mozilla/5.0 (Windows NT 10.0; Win64; x64) AppleWebKit/537.36 (KHTML, like Gecko) Chrome/84.0.4147.125 Safari/537.36"
::1 - - [13/Oct/2020:00:53:52 +0000] "POST /login HTTP/1.1" 200 33 "http://localhost:8080/?" "Mozilla/5.0 (Windows NT 10.0; Win64; x64) AppleWebKit/537.36 (KHTML, like Gecko) Chrome/84.0.4147.125 Safari/537.36"
::1 - - [13/Oct/2020:00:54:26 +0000] "OPTIONS /login HTTP/1.1" 204 0 "http://localhost:8080/?" "Mozilla/5.0 (Windows NT 10.0; Win64; x64) AppleWebKit/537.36 (KHTML, like Gecko) Chrome/84.0.4147.125 Safari/537.36"
::1 - - [13/Oct/2020:00:54:26 +0000] "POST /login HTTP/1.1" 200 33 "http://localhost:8080/?" "Mozilla/5.0 (Windows NT 10.0; Win64; x64) AppleWebKit/537.36 (KHTML, like Gecko) Chrome/84.0.4147.125 Safari/537.36"
::1 - - [13/Oct/2020:00:54:38 +0000] "OPTIONS /login HTTP/1.1" 204 0 "http://localhost:8080/?" "Mozilla/5.0 (Windows NT 10.0; Win64; x64) AppleWebKit/537.36 (KHTML, like Gecko) Chrome/84.0.4147.125 Safari/537.36"
::1 - - [13/Oct/2020:00:54:38 +0000] "POST /login HTTP/1.1" 200 33 "http://localhost:8080/?" "Mozilla/5.0 (Windows NT 10.0; Win64; x64) AppleWebKit/537.36 (KHTML, like Gecko) Chrome/84.0.4147.125 Safari/537.36"
::1 - - [13/Oct/2020:00:55:05 +0000] "OPTIONS /login HTTP/1.1" 204 0 "http://localhost:8080/?" "Mozilla/5.0 (Windows NT 10.0; Win64; x64) AppleWebKit/537.36 (KHTML, like Gecko) Chrome/84.0.4147.125 Safari/537.36"
::1 - - [13/Oct/2020:00:55:05 +0000] "POST /login HTTP/1.1" 200 33 "http://localhost:8080/?" "Mozilla/5.0 (Windows NT 10.0; Win64; x64) AppleWebKit/537.36 (KHTML, like Gecko) Chrome/84.0.4147.125 Safari/537.36"
::1 - - [13/Oct/2020:00:56:27 +0000] "OPTIONS /login HTTP/1.1" 204 0 "http://localhost:8080/?" "Mozilla/5.0 (Windows NT 10.0; Win64; x64) AppleWebKit/537.36 (KHTML, like Gecko) Chrome/84.0.4147.125 Safari/537.36"
::1 - - [13/Oct/2020:00:56:28 +0000] "POST /login HTTP/1.1" 200 96 "http://localhost:8080/?" "Mozilla/5.0 (Windows NT 10.0; Win64; x64) AppleWebKit/537.36 (KHTML, like Gecko) Chrome/84.0.4147.125 Safari/537.36"
::1 - - [13/Oct/2020:00:57:46 +0000] "OPTIONS /login HTTP/1.1" 204 0 "http://localhost:8080/?" "Mozilla/5.0 (Windows NT 10.0; Win64; x64) AppleWebKit/537.36 (KHTML, like Gecko) Chrome/84.0.4147.125 Safari/537.36"
::1 - - [13/Oct/2020:00:57:46 +0000] "POST /login HTTP/1.1" 200 88 "http://localhost:8080/?" "Mozilla/5.0 (Windows NT 10.0; Win64; x64) AppleWebKit/537.36 (KHTML, like Gecko) Chrome/84.0.4147.125 Safari/537.36"
::1 - - [13/Oct/2020:00:57:57 +0000] "OPTIONS /login HTTP/1.1" 204 0 "http://localhost:8080/?" "Mozilla/5.0 (Windows NT 10.0; Win64; x64) AppleWebKit/537.36 (KHTML, like Gecko) Chrome/84.0.4147.125 Safari/537.36"
::1 - - [13/Oct/2020:00:57:57 +0000] "POST /login HTTP/1.1" 200 84 "http://localhost:8080/?" "Mozilla/5.0 (Windows NT 10.0; Win64; x64) AppleWebKit/537.36 (KHTML, like Gecko) Chrome/84.0.4147.125 Safari/537.36"
::1 - - [13/Oct/2020:01:16:52 +0000] "OPTIONS /login HTTP/1.1" 204 0 "http://localhost:8080/?" "Mozilla/5.0 (Windows NT 10.0; Win64; x64) AppleWebKit/537.36 (KHTML, like Gecko) Chrome/84.0.4147.125 Safari/537.36"
::1 - - [13/Oct/2020:01:18:29 +0000] "OPTIONS /login HTTP/1.1" 204 0 "http://localhost:8080/?" "Mozilla/5.0 (Windows NT 10.0; Win64; x64) AppleWebKit/537.36 (KHTML, like Gecko) Chrome/84.0.4147.125 Safari/537.36"
::1 - - [13/Oct/2020:01:18:58 +0000] "OPTIONS /login HTTP/1.1" 204 0 "http://localhost:8080/?" "Mozilla/5.0 (Windows NT 10.0; Win64; x64) AppleWebKit/537.36 (KHTML, like Gecko) Chrome/84.0.4147.125 Safari/537.36"
::1 - - [13/Oct/2020:01:23:23 +0000] "OPTIONS /login HTTP/1.1" 204 0 "http://localhost:8080/?" "Mozilla/5.0 (Windows NT 10.0; Win64; x64) AppleWebKit/537.36 (KHTML, like Gecko) Chrome/84.0.4147.125 Safari/537.36"
::1 - - [13/Oct/2020:01:23:51 +0000] "OPTIONS /login HTTP/1.1" 204 0 "http://localhost:8080/?" "Mozilla/5.0 (Windows NT 10.0; Win64; x64) AppleWebKit/537.36 (KHTML, like Gecko) Chrome/84.0.4147.125 Safari/537.36"
::1 - - [13/Oct/2020:01:24:42 +0000] "OPTIONS /login HTTP/1.1" 204 0 "http://localhost:8080/?" "Mozilla/5.0 (Windows NT 10.0; Win64; x64) AppleWebKit/537.36 (KHTML, like Gecko) Chrome/84.0.4147.125 Safari/537.36"
::1 - - [13/Oct/2020:01:24:42 +0000] "POST /login HTTP/1.1" 200 33 "http://localhost:8080/?" "Mozilla/5.0 (Windows NT 10.0; Win64; x64) AppleWebKit/537.36 (KHTML, like Gecko) Chrome/84.0.4147.125 Safari/537.36"
::1 - - [13/Oct/2020:01:25:05 +0000] "OPTIONS /login HTTP/1.1" 204 0 "http://localhost:8080/?" "Mozilla/5.0 (Windows NT 10.0; Win64; x64) AppleWebKit/537.36 (KHTML, like Gecko) Chrome/84.0.4147.125 Safari/537.36"
::1 - - [13/Oct/2020:01:25:05 +0000] "POST /login HTTP/1.1" 200 33 "http://localhost:8080/?" "Mozilla/5.0 (Windows NT 10.0; Win64; x64) AppleWebKit/537.36 (KHTML, like Gecko) Chrome/84.0.4147.125 Safari/537.36"
::1 - - [13/Oct/2020:01:25:20 +0000] "OPTIONS /login HTTP/1.1" 204 0 "http://localhost:8080/?" "Mozilla/5.0 (Windows NT 10.0; Win64; x64) AppleWebKit/537.36 (KHTML, like Gecko) Chrome/84.0.4147.125 Safari/537.36"
::1 - - [13/Oct/2020:01:25:20 +0000] "POST /login HTTP/1.1" 200 33 "http://localhost:8080/?" "Mozilla/5.0 (Windows NT 10.0; Win64; x64) AppleWebKit/537.36 (KHTML, like Gecko) Chrome/84.0.4147.125 Safari/537.36"
::1 - - [13/Oct/2020:01:25:29 +0000] "OPTIONS /login HTTP/1.1" 204 0 "http://localhost:8080/?" "Mozilla/5.0 (Windows NT 10.0; Win64; x64) AppleWebKit/537.36 (KHTML, like Gecko) Chrome/84.0.4147.125 Safari/537.36"
::1 - - [13/Oct/2020:01:25:29 +0000] "POST /login HTTP/1.1" 200 54 "http://localhost:8080/?" "Mozilla/5.0 (Windows NT 10.0; Win64; x64) AppleWebKit/537.36 (KHTML, like Gecko) Chrome/84.0.4147.125 Safari/537.36"
::1 - - [13/Oct/2020:01:26:11 +0000] "OPTIONS /login HTTP/1.1" 204 0 "http://localhost:8080/?" "Mozilla/5.0 (Windows NT 10.0; Win64; x64) AppleWebKit/537.36 (KHTML, like Gecko) Chrome/84.0.4147.125 Safari/537.36"
::1 - - [13/Oct/2020:01:26:11 +0000] "POST /login HTTP/1.1" 200 54 "http://localhost:8080/?" "Mozilla/5.0 (Windows NT 10.0; Win64; x64) AppleWebKit/537.36 (KHTML, like Gecko) Chrome/84.0.4147.125 Safari/537.36"
::1 - - [13/Oct/2020:01:26:19 +0000] "OPTIONS /login HTTP/1.1" 204 0 "http://localhost:8080/?" "Mozilla/5.0 (Windows NT 10.0; Win64; x64) AppleWebKit/537.36 (KHTML, like Gecko) Chrome/84.0.4147.125 Safari/537.36"
::1 - - [13/Oct/2020:01:26:19 +0000] "POST /login HTTP/1.1" 200 48 "http://localhost:8080/?" "Mozilla/5.0 (Windows NT 10.0; Win64; x64) AppleWebKit/537.36 (KHTML, like Gecko) Chrome/84.0.4147.125 Safari/537.36"
::1 - - [13/Oct/2020:01:26:56 +0000] "OPTIONS /login HTTP/1.1" 204 0 "http://localhost:8080/?" "Mozilla/5.0 (Windows NT 10.0; Win64; x64) AppleWebKit/537.36 (KHTML, like Gecko) Chrome/84.0.4147.125 Safari/537.36"
::1 - - [13/Oct/2020:01:26:56 +0000] "POST /login HTTP/1.1" 200 33 "http://localhost:8080/?" "Mozilla/5.0 (Windows NT 10.0; Win64; x64) AppleWebKit/537.36 (KHTML, like Gecko) Chrome/84.0.4147.125 Safari/537.36"
::1 - - [13/Oct/2020:03:03:20 +0000] "OPTIONS /login HTTP/1.1" 204 0 "http://localhost:8080/?" "Mozilla/5.0 (Windows NT 10.0; Win64; x64) AppleWebKit/537.36 (KHTML, like Gecko) Chrome/84.0.4147.125 Safari/537.36"
::1 - - [13/Oct/2020:03:03:21 +0000] "POST /login HTTP/1.1" 200 54 "http://localhost:8080/?" "Mozilla/5.0 (Windows NT 10.0; Win64; x64) AppleWebKit/537.36 (KHTML, like Gecko) Chrome/84.0.4147.125 Safari/537.36"
::1 - - [13/Oct/2020:03:03:37 +0000] "OPTIONS /login HTTP/1.1" 204 0 "http://localhost:8080/?" "Mozilla/5.0 (Windows NT 10.0; Win64; x64) AppleWebKit/537.36 (KHTML, like Gecko) Chrome/84.0.4147.125 Safari/537.36"
::1 - - [13/Oct/2020:03:03:37 +0000] "POST /login HTTP/1.1" 200 33 "http://localhost:8080/?" "Mozilla/5.0 (Windows NT 10.0; Win64; x64) AppleWebKit/537.36 (KHTML, like Gecko) Chrome/84.0.4147.125 Safari/537.36"
::1 - - [13/Oct/2020:03:03:48 +0000] "OPTIONS /login HTTP/1.1" 204 0 "http://localhost:8080/?" "Mozilla/5.0 (Windows NT 10.0; Win64; x64) AppleWebKit/537.36 (KHTML, like Gecko) Chrome/84.0.4147.125 Safari/537.36"
::1 - - [13/Oct/2020:03:03:48 +0000] "POST /login HTTP/1.1" 200 54 "http://localhost:8080/?" "Mozilla/5.0 (Windows NT 10.0; Win64; x64) AppleWebKit/537.36 (KHTML, like Gecko) Chrome/84.0.4147.125 Safari/537.36"
::1 - - [13/Oct/2020:03:03:53 +0000] "OPTIONS /login HTTP/1.1" 204 0 "http://localhost:8080/?" "Mozilla/5.0 (Windows NT 10.0; Win64; x64) AppleWebKit/537.36 (KHTML, like Gecko) Chrome/84.0.4147.125 Safari/537.36"
::1 - - [13/Oct/2020:03:03:53 +0000] "POST /login HTTP/1.1" 200 54 "http://localhost:8080/?" "Mozilla/5.0 (Windows NT 10.0; Win64; x64) AppleWebKit/537.36 (KHTML, like Gecko) Chrome/84.0.4147.125 Safari/537.36"
::1 - - [13/Oct/2020:03:04:39 +0000] "OPTIONS /login HTTP/1.1" 204 0 "http://localhost:8080/?" "Mozilla/5.0 (Windows NT 10.0; Win64; x64) AppleWebKit/537.36 (KHTML, like Gecko) Chrome/84.0.4147.125 Safari/537.36"
::1 - - [13/Oct/2020:03:04:40 +0000] "POST /login HTTP/1.1" 200 54 "http://localhost:8080/?" "Mozilla/5.0 (Windows NT 10.0; Win64; x64) AppleWebKit/537.36 (KHTML, like Gecko) Chrome/84.0.4147.125 Safari/537.36"
::1 - - [13/Oct/2020:03:05:07 +0000] "OPTIONS /login HTTP/1.1" 204 0 "http://localhost:8080/?" "Mozilla/5.0 (Windows NT 10.0; Win64; x64) AppleWebKit/537.36 (KHTML, like Gecko) Chrome/84.0.4147.125 Safari/537.36"
::1 - - [13/Oct/2020:03:05:07 +0000] "POST /login HTTP/1.1" 200 54 "http://localhost:8080/?" "Mozilla/5.0 (Windows NT 10.0; Win64; x64) AppleWebKit/537.36 (KHTML, like Gecko) Chrome/84.0.4147.125 Safari/537.36"
::1 - - [13/Oct/2020:03:05:45 +0000] "OPTIONS /login HTTP/1.1" 204 0 "http://localhost:8080/?" "Mozilla/5.0 (Windows NT 10.0; Win64; x64) AppleWebKit/537.36 (KHTML, like Gecko) Chrome/84.0.4147.125 Safari/537.36"
::1 - - [13/Oct/2020:03:05:45 +0000] "POST /login HTTP/1.1" 200 33 "http://localhost:8080/?" "Mozilla/5.0 (Windows NT 10.0; Win64; x64) AppleWebKit/537.36 (KHTML, like Gecko) Chrome/84.0.4147.125 Safari/537.36"
::1 - - [13/Oct/2020:03:07:32 +0000] "OPTIONS /login HTTP/1.1" 204 0 "http://localhost:8080/?" "Mozilla/5.0 (Windows NT 10.0; Win64; x64) AppleWebKit/537.36 (KHTML, like Gecko) Chrome/84.0.4147.125 Safari/537.36"
::1 - - [13/Oct/2020:03:07:32 +0000] "POST /login HTTP/1.1" 200 54 "http://localhost:8080/?" "Mozilla/5.0 (Windows NT 10.0; Win64; x64) AppleWebKit/537.36 (KHTML, like Gecko) Chrome/84.0.4147.125 Safari/537.36"
::1 - - [13/Oct/2020:03:07:55 +0000] "OPTIONS /login HTTP/1.1" 204 0 "http://localhost:8080/?" "Mozilla/5.0 (Windows NT 10.0; Win64; x64) AppleWebKit/537.36 (KHTML, like Gecko) Chrome/84.0.4147.125 Safari/537.36"
::1 - - [13/Oct/2020:03:07:55 +0000] "POST /login HTTP/1.1" 200 54 "http://localhost:8080/?" "Mozilla/5.0 (Windows NT 10.0; Win64; x64) AppleWebKit/537.36 (KHTML, like Gecko) Chrome/84.0.4147.125 Safari/537.36"
::1 - - [13/Oct/2020:03:08:24 +0000] "OPTIONS /login HTTP/1.1" 204 0 "http://localhost:8080/?" "Mozilla/5.0 (Windows NT 10.0; Win64; x64) AppleWebKit/537.36 (KHTML, like Gecko) Chrome/84.0.4147.125 Safari/537.36"
::1 - - [13/Oct/2020:03:08:25 +0000] "POST /login HTTP/1.1" 200 33 "http://localhost:8080/?" "Mozilla/5.0 (Windows NT 10.0; Win64; x64) AppleWebKit/537.36 (KHTML, like Gecko) Chrome/84.0.4147.125 Safari/537.36"
::1 - - [13/Oct/2020:03:08:32 +0000] "OPTIONS /login HTTP/1.1" 204 0 "http://localhost:8080/?" "Mozilla/5.0 (Windows NT 10.0; Win64; x64) AppleWebKit/537.36 (KHTML, like Gecko) Chrome/84.0.4147.125 Safari/537.36"
::1 - - [13/Oct/2020:03:08:32 +0000] "POST /login HTTP/1.1" 200 54 "http://localhost:8080/?" "Mozilla/5.0 (Windows NT 10.0; Win64; x64) AppleWebKit/537.36 (KHTML, like Gecko) Chrome/84.0.4147.125 Safari/537.36"
::1 - - [13/Oct/2020:03:09:09 +0000] "OPTIONS /login HTTP/1.1" 204 0 "http://localhost:8080/?" "Mozilla/5.0 (Windows NT 10.0; Win64; x64) AppleWebKit/537.36 (KHTML, like Gecko) Chrome/84.0.4147.125 Safari/537.36"
::1 - - [13/Oct/2020:03:09:09 +0000] "POST /login HTTP/1.1" 200 33 "http://localhost:8080/?" "Mozilla/5.0 (Windows NT 10.0; Win64; x64) AppleWebKit/537.36 (KHTML, like Gecko) Chrome/84.0.4147.125 Safari/537.36"
::1 - - [13/Oct/2020:03:09:22 +0000] "OPTIONS /login HTTP/1.1" 204 0 "http://localhost:8080/?" "Mozilla/5.0 (Windows NT 10.0; Win64; x64) AppleWebKit/537.36 (KHTML, like Gecko) Chrome/84.0.4147.125 Safari/537.36"
::1 - - [13/Oct/2020:03:09:22 +0000] "POST /login HTTP/1.1" 200 33 "http://localhost:8080/?" "Mozilla/5.0 (Windows NT 10.0; Win64; x64) AppleWebKit/537.36 (KHTML, like Gecko) Chrome/84.0.4147.125 Safari/537.36"
::1 - - [13/Oct/2020:03:10:10 +0000] "OPTIONS /login HTTP/1.1" 204 0 "http://localhost:8080/?" "Mozilla/5.0 (Windows NT 10.0; Win64; x64) AppleWebKit/537.36 (KHTML, like Gecko) Chrome/84.0.4147.125 Safari/537.36"
::1 - - [13/Oct/2020:03:10:11 +0000] "POST /login HTTP/1.1" 200 33 "http://localhost:8080/?" "Mozilla/5.0 (Windows NT 10.0; Win64; x64) AppleWebKit/537.36 (KHTML, like Gecko) Chrome/84.0.4147.125 Safari/537.36"
::1 - - [13/Oct/2020:03:11:22 +0000] "OPTIONS /login HTTP/1.1" 204 0 "http://localhost:8080/?" "Mozilla/5.0 (Windows NT 10.0; Win64; x64) AppleWebKit/537.36 (KHTML, like Gecko) Chrome/84.0.4147.125 Safari/537.36"
::1 - - [13/Oct/2020:03:11:23 +0000] "POST /login HTTP/1.1" 200 33 "http://localhost:8080/?" "Mozilla/5.0 (Windows NT 10.0; Win64; x64) AppleWebKit/537.36 (KHTML, like Gecko) Chrome/84.0.4147.125 Safari/537.36"
::1 - - [13/Oct/2020:03:11:38 +0000] "OPTIONS /login HTTP/1.1" 204 0 "http://localhost:8080/?" "Mozilla/5.0 (Windows NT 10.0; Win64; x64) AppleWebKit/537.36 (KHTML, like Gecko) Chrome/84.0.4147.125 Safari/537.36"
::1 - - [13/Oct/2020:03:11:38 +0000] "POST /login HTTP/1.1" 200 54 "http://localhost:8080/?" "Mozilla/5.0 (Windows NT 10.0; Win64; x64) AppleWebKit/537.36 (KHTML, like Gecko) Chrome/84.0.4147.125 Safari/537.36"
::1 - - [13/Oct/2020:03:12:02 +0000] "OPTIONS /login HTTP/1.1" 204 0 "http://localhost:8080/?" "Mozilla/5.0 (Windows NT 10.0; Win64; x64) AppleWebKit/537.36 (KHTML, like Gecko) Chrome/84.0.4147.125 Safari/537.36"
::1 - - [13/Oct/2020:03:12:02 +0000] "POST /login HTTP/1.1" 200 54 "http://localhost:8080/?" "Mozilla/5.0 (Windows NT 10.0; Win64; x64) AppleWebKit/537.36 (KHTML, like Gecko) Chrome/84.0.4147.125 Safari/537.36"
::1 - - [13/Oct/2020:03:13:19 +0000] "OPTIONS /login HTTP/1.1" 204 0 "http://localhost:8080/?" "Mozilla/5.0 (Windows NT 10.0; Win64; x64) AppleWebKit/537.36 (KHTML, like Gecko) Chrome/84.0.4147.125 Safari/537.36"
::1 - - [13/Oct/2020:03:13:20 +0000] "POST /login HTTP/1.1" 200 33 "http://localhost:8080/?" "Mozilla/5.0 (Windows NT 10.0; Win64; x64) AppleWebKit/537.36 (KHTML, like Gecko) Chrome/84.0.4147.125 Safari/537.36"
::1 - - [13/Oct/2020:03:13:36 +0000] "OPTIONS /login HTTP/1.1" 204 0 "http://localhost:8080/?" "Mozilla/5.0 (Windows NT 10.0; Win64; x64) AppleWebKit/537.36 (KHTML, like Gecko) Chrome/84.0.4147.125 Safari/537.36"
::1 - - [13/Oct/2020:03:13:36 +0000] "POST /login HTTP/1.1" 200 33 "http://localhost:8080/?" "Mozilla/5.0 (Windows NT 10.0; Win64; x64) AppleWebKit/537.36 (KHTML, like Gecko) Chrome/84.0.4147.125 Safari/537.36"
::1 - - [13/Oct/2020:03:13:43 +0000] "OPTIONS /login HTTP/1.1" 204 0 "http://localhost:8080/?" "Mozilla/5.0 (Windows NT 10.0; Win64; x64) AppleWebKit/537.36 (KHTML, like Gecko) Chrome/84.0.4147.125 Safari/537.36"
::1 - - [13/Oct/2020:03:13:43 +0000] "POST /login HTTP/1.1" 200 33 "http://localhost:8080/?" "Mozilla/5.0 (Windows NT 10.0; Win64; x64) AppleWebKit/537.36 (KHTML, like Gecko) Chrome/84.0.4147.125 Safari/537.36"
