::1 - - [23/Oct/2020:00:26:54 +0000] "OPTIONS /login HTTP/1.1" 204 0 "http://localhost:8080/" "Mozilla/5.0 (Windows NT 10.0; Win64; x64) AppleWebKit/537.36 (KHTML, like Gecko) Chrome/84.0.4147.125 Safari/537.36"
::1 - - [23/Oct/2020:00:26:55 +0000] "POST /login HTTP/1.1" 200 219 "http://localhost:8080/" "Mozilla/5.0 (Windows NT 10.0; Win64; x64) AppleWebKit/537.36 (KHTML, like Gecko) Chrome/84.0.4147.125 Safari/537.36"
::1 - - [23/Oct/2020:00:26:55 +0000] "OPTIONS /shuserinfo HTTP/1.1" 204 0 "http://localhost:8080/" "Mozilla/5.0 (Windows NT 10.0; Win64; x64) AppleWebKit/537.36 (KHTML, like Gecko) Chrome/84.0.4147.125 Safari/537.36"
::1 - - [23/Oct/2020:00:26:55 +0000] "POST /shuserinfo HTTP/1.1" 200 303 "http://localhost:8080/" "Mozilla/5.0 (Windows NT 10.0; Win64; x64) AppleWebKit/537.36 (KHTML, like Gecko) Chrome/84.0.4147.125 Safari/537.36"
::1 - - [23/Oct/2020:00:26:55 +0000] "GET /public/images/160283202388829c52b526855b04b3b85282a89134631.jpg HTTP/1.1" 200 451948 "http://localhost:8080/" "Mozilla/5.0 (Windows NT 10.0; Win64; x64) AppleWebKit/537.36 (KHTML, like Gecko) Chrome/84.0.4147.125 Safari/537.36"
::1 - - [23/Oct/2020:01:02:04 +0000] "OPTIONS /shuserinfo HTTP/1.1" 204 0 "http://localhost:8080/" "Mozilla/5.0 (Windows NT 10.0; Win64; x64) AppleWebKit/537.36 (KHTML, like Gecko) Chrome/84.0.4147.125 Safari/537.36"
::1 - - [23/Oct/2020:01:02:04 +0000] "POST /shuserinfo HTTP/1.1" 200 303 "http://localhost:8080/" "Mozilla/5.0 (Windows NT 10.0; Win64; x64) AppleWebKit/537.36 (KHTML, like Gecko) Chrome/84.0.4147.125 Safari/537.36"
::1 - - [23/Oct/2020:01:02:04 +0000] "GET /public/images/160283202388829c52b526855b04b3b85282a89134631.jpg HTTP/1.1" 304 - "http://localhost:8080/" "Mozilla/5.0 (Windows NT 10.0; Win64; x64) AppleWebKit/537.36 (KHTML, like Gecko) Chrome/84.0.4147.125 Safari/537.36"
::1 - - [23/Oct/2020:01:02:12 +0000] "OPTIONS /shuserinfo HTTP/1.1" 204 0 "http://localhost:8080/" "Mozilla/5.0 (Windows NT 10.0; Win64; x64) AppleWebKit/537.36 (KHTML, like Gecko) Chrome/84.0.4147.125 Safari/537.36"
::1 - - [23/Oct/2020:01:02:12 +0000] "POST /shuserinfo HTTP/1.1" 200 303 "http://localhost:8080/" "Mozilla/5.0 (Windows NT 10.0; Win64; x64) AppleWebKit/537.36 (KHTML, like Gecko) Chrome/84.0.4147.125 Safari/537.36"
::1 - - [23/Oct/2020:01:02:20 +0000] "OPTIONS /shuserinfo HTTP/1.1" 204 0 "http://localhost:8080/" "Mozilla/5.0 (Windows NT 10.0; Win64; x64) AppleWebKit/537.36 (KHTML, like Gecko) Chrome/84.0.4147.125 Safari/537.36"
::1 - - [23/Oct/2020:01:02:20 +0000] "POST /shuserinfo HTTP/1.1" 200 303 "http://localhost:8080/" "Mozilla/5.0 (Windows NT 10.0; Win64; x64) AppleWebKit/537.36 (KHTML, like Gecko) Chrome/84.0.4147.125 Safari/537.36"
::1 - - [23/Oct/2020:01:02:25 +0000] "OPTIONS /shuserinfo HTTP/1.1" 204 0 "http://localhost:8080/" "Mozilla/5.0 (Windows NT 10.0; Win64; x64) AppleWebKit/537.36 (KHTML, like Gecko) Chrome/84.0.4147.125 Safari/537.36"
::1 - - [23/Oct/2020:01:02:26 +0000] "POST /shuserinfo HTTP/1.1" 200 303 "http://localhost:8080/" "Mozilla/5.0 (Windows NT 10.0; Win64; x64) AppleWebKit/537.36 (KHTML, like Gecko) Chrome/84.0.4147.125 Safari/537.36"
::1 - - [23/Oct/2020:01:02:43 +0000] "OPTIONS /shuserinfo HTTP/1.1" 204 0 "http://localhost:8080/" "Mozilla/5.0 (Windows NT 10.0; Win64; x64) AppleWebKit/537.36 (KHTML, like Gecko) Chrome/84.0.4147.125 Safari/537.36"
::1 - - [23/Oct/2020:01:02:43 +0000] "POST /shuserinfo HTTP/1.1" 200 303 "http://localhost:8080/" "Mozilla/5.0 (Windows NT 10.0; Win64; x64) AppleWebKit/537.36 (KHTML, like Gecko) Chrome/84.0.4147.125 Safari/537.36"
::1 - - [23/Oct/2020:01:02:59 +0000] "OPTIONS /shuserinfo HTTP/1.1" 204 0 "http://localhost:8080/" "Mozilla/5.0 (Windows NT 10.0; Win64; x64) AppleWebKit/537.36 (KHTML, like Gecko) Chrome/84.0.4147.125 Safari/537.36"
::1 - - [23/Oct/2020:01:02:59 +0000] "POST /shuserinfo HTTP/1.1" 200 303 "http://localhost:8080/" "Mozilla/5.0 (Windows NT 10.0; Win64; x64) AppleWebKit/537.36 (KHTML, like Gecko) Chrome/84.0.4147.125 Safari/537.36"
::1 - - [23/Oct/2020:01:03:11 +0000] "OPTIONS /shuserinfo HTTP/1.1" 204 0 "http://localhost:8080/" "Mozilla/5.0 (Windows NT 10.0; Win64; x64) AppleWebKit/537.36 (KHTML, like Gecko) Chrome/84.0.4147.125 Safari/537.36"
::1 - - [23/Oct/2020:01:03:11 +0000] "POST /shuserinfo HTTP/1.1" 200 303 "http://localhost:8080/" "Mozilla/5.0 (Windows NT 10.0; Win64; x64) AppleWebKit/537.36 (KHTML, like Gecko) Chrome/84.0.4147.125 Safari/537.36"
::1 - - [23/Oct/2020:01:03:12 +0000] "POST /shuserinfo HTTP/1.1" 200 303 "http://localhost:8080/" "Mozilla/5.0 (Windows NT 10.0; Win64; x64) AppleWebKit/537.36 (KHTML, like Gecko) Chrome/84.0.4147.125 Safari/537.36"
::1 - - [23/Oct/2020:01:03:13 +0000] "POST /shuserinfo HTTP/1.1" 200 303 "http://localhost:8080/" "Mozilla/5.0 (Windows NT 10.0; Win64; x64) AppleWebKit/537.36 (KHTML, like Gecko) Chrome/84.0.4147.125 Safari/537.36"
::1 - - [23/Oct/2020:01:03:14 +0000] "POST /shuserinfo HTTP/1.1" 200 303 "http://localhost:8080/" "Mozilla/5.0 (Windows NT 10.0; Win64; x64) AppleWebKit/537.36 (KHTML, like Gecko) Chrome/84.0.4147.125 Safari/537.36"
::1 - - [23/Oct/2020:01:03:15 +0000] "POST /shuserinfo HTTP/1.1" 200 303 "http://localhost:8080/" "Mozilla/5.0 (Windows NT 10.0; Win64; x64) AppleWebKit/537.36 (KHTML, like Gecko) Chrome/84.0.4147.125 Safari/537.36"
::1 - - [23/Oct/2020:01:09:04 +0000] "GET /public/images/160283202388829c52b526855b04b3b85282a89134631.jpg HTTP/1.1" 304 - "http://localhost:8080/" "Mozilla/5.0 (Windows NT 10.0; Win64; x64) AppleWebKit/537.36 (KHTML, like Gecko) Chrome/84.0.4147.125 Safari/537.36"
::1 - - [23/Oct/2020:01:09:04 +0000] "OPTIONS /shuserinfo HTTP/1.1" 204 0 "http://localhost:8080/" "Mozilla/5.0 (Windows NT 10.0; Win64; x64) AppleWebKit/537.36 (KHTML, like Gecko) Chrome/84.0.4147.125 Safari/537.36"
::1 - - [23/Oct/2020:01:09:04 +0000] "POST /shuserinfo HTTP/1.1" 200 303 "http://localhost:8080/" "Mozilla/5.0 (Windows NT 10.0; Win64; x64) AppleWebKit/537.36 (KHTML, like Gecko) Chrome/84.0.4147.125 Safari/537.36"
::1 - - [23/Oct/2020:01:21:09 +0000] "GET /public/images/160283202388829c52b526855b04b3b85282a89134631.jpg HTTP/1.1" 304 - "http://localhost:8080/" "Mozilla/5.0 (Windows NT 10.0; Win64; x64) AppleWebKit/537.36 (KHTML, like Gecko) Chrome/84.0.4147.125 Safari/537.36"
::1 - - [23/Oct/2020:01:21:09 +0000] "OPTIONS /shuserinfo HTTP/1.1" 204 0 "http://localhost:8080/" "Mozilla/5.0 (Windows NT 10.0; Win64; x64) AppleWebKit/537.36 (KHTML, like Gecko) Chrome/84.0.4147.125 Safari/537.36"
::1 - - [23/Oct/2020:01:21:09 +0000] "POST /shuserinfo HTTP/1.1" 200 303 "http://localhost:8080/" "Mozilla/5.0 (Windows NT 10.0; Win64; x64) AppleWebKit/537.36 (KHTML, like Gecko) Chrome/84.0.4147.125 Safari/537.36"
::1 - - [23/Oct/2020:01:26:25 +0000] "GET /public/images/160283202388829c52b526855b04b3b85282a89134631.jpg HTTP/1.1" 304 - "http://localhost:8080/" "Mozilla/5.0 (Windows NT 10.0; Win64; x64) AppleWebKit/537.36 (KHTML, like Gecko) Chrome/84.0.4147.125 Safari/537.36"
::1 - - [23/Oct/2020:01:26:25 +0000] "OPTIONS /shuserinfo HTTP/1.1" 204 0 "http://localhost:8080/" "Mozilla/5.0 (Windows NT 10.0; Win64; x64) AppleWebKit/537.36 (KHTML, like Gecko) Chrome/84.0.4147.125 Safari/537.36"
::1 - - [23/Oct/2020:01:26:25 +0000] "POST /shuserinfo HTTP/1.1" 200 303 "http://localhost:8080/" "Mozilla/5.0 (Windows NT 10.0; Win64; x64) AppleWebKit/537.36 (KHTML, like Gecko) Chrome/84.0.4147.125 Safari/537.36"
::1 - - [23/Oct/2020:01:45:26 +0000] "OPTIONS /getcomm HTTP/1.1" 204 0 "http://localhost:8080/" "Mozilla/5.0 (Windows NT 10.0; Win64; x64) AppleWebKit/537.36 (KHTML, like Gecko) Chrome/84.0.4147.125 Safari/537.36"
::1 - - [23/Oct/2020:01:45:26 +0000] "GET /getcomm HTTP/1.1" 304 - "http://localhost:8080/" "Mozilla/5.0 (Windows NT 10.0; Win64; x64) AppleWebKit/537.36 (KHTML, like Gecko) Chrome/84.0.4147.125 Safari/537.36"
::1 - - [23/Oct/2020:01:45:26 +0000] "GET /public/images/1603262878798a2e7ff7ee3e011229f3f503925d824b9.jpg HTTP/1.1" 200 189836 "http://localhost:8080/" "Mozilla/5.0 (Windows NT 10.0; Win64; x64) AppleWebKit/537.36 (KHTML, like Gecko) Chrome/84.0.4147.125 Safari/537.36"
::1 - - [23/Oct/2020:01:45:26 +0000] "GET /public/images/1603250241278892e5b55170b2aad76ea9cb1a4c42551.jpg HTTP/1.1" 200 112476 "http://localhost:8080/" "Mozilla/5.0 (Windows NT 10.0; Win64; x64) AppleWebKit/537.36 (KHTML, like Gecko) Chrome/84.0.4147.125 Safari/537.36"
::1 - - [23/Oct/2020:01:45:26 +0000] "GET /public/images/160326210741046849996dc773d969f561b42ac4fce6e.jpg HTTP/1.1" 200 1443015 "http://localhost:8080/" "Mozilla/5.0 (Windows NT 10.0; Win64; x64) AppleWebKit/537.36 (KHTML, like Gecko) Chrome/84.0.4147.125 Safari/537.36"
::1 - - [23/Oct/2020:01:45:26 +0000] "GET /public/images/1603249719512e7ce86382fa47c58d7f89334538b235a.jpg HTTP/1.1" 200 1448043 "http://localhost:8080/" "Mozilla/5.0 (Windows NT 10.0; Win64; x64) AppleWebKit/537.36 (KHTML, like Gecko) Chrome/84.0.4147.125 Safari/537.36"
::1 - - [23/Oct/2020:01:45:39 +0000] "OPTIONS /getcomm HTTP/1.1" 204 0 "http://localhost:8080/" "Mozilla/5.0 (Windows NT 10.0; Win64; x64) AppleWebKit/537.36 (KHTML, like Gecko) Chrome/84.0.4147.125 Safari/537.36"
::1 - - [23/Oct/2020:01:45:39 +0000] "GET /getcomm HTTP/1.1" 304 - "http://localhost:8080/" "Mozilla/5.0 (Windows NT 10.0; Win64; x64) AppleWebKit/537.36 (KHTML, like Gecko) Chrome/84.0.4147.125 Safari/537.36"
::1 - - [23/Oct/2020:01:46:39 +0000] "OPTIONS /getcomm HTTP/1.1" 204 0 "http://localhost:8080/" "Mozilla/5.0 (Windows NT 10.0; Win64; x64) AppleWebKit/537.36 (KHTML, like Gecko) Chrome/84.0.4147.125 Safari/537.36"
::1 - - [23/Oct/2020:01:46:39 +0000] "GET /getcomm HTTP/1.1" 304 - "http://localhost:8080/" "Mozilla/5.0 (Windows NT 10.0; Win64; x64) AppleWebKit/537.36 (KHTML, like Gecko) Chrome/84.0.4147.125 Safari/537.36"
::1 - - [23/Oct/2020:01:51:55 +0000] "GET /public/images/160283202388829c52b526855b04b3b85282a89134631.jpg HTTP/1.1" 304 - "http://localhost:8080/" "Mozilla/5.0 (Windows NT 10.0; Win64; x64) AppleWebKit/537.36 (KHTML, like Gecko) Chrome/84.0.4147.125 Safari/537.36"
::1 - - [23/Oct/2020:01:51:55 +0000] "OPTIONS /shuserinfo HTTP/1.1" 204 0 "http://localhost:8080/" "Mozilla/5.0 (Windows NT 10.0; Win64; x64) AppleWebKit/537.36 (KHTML, like Gecko) Chrome/84.0.4147.125 Safari/537.36"
::1 - - [23/Oct/2020:01:51:56 +0000] "POST /shuserinfo HTTP/1.1" 200 303 "http://localhost:8080/" "Mozilla/5.0 (Windows NT 10.0; Win64; x64) AppleWebKit/537.36 (KHTML, like Gecko) Chrome/84.0.4147.125 Safari/537.36"
::1 - - [23/Oct/2020:01:52:37 +0000] "OPTIONS /getcomm HTTP/1.1" 204 0 "http://localhost:8080/" "Mozilla/5.0 (Windows NT 10.0; Win64; x64) AppleWebKit/537.36 (KHTML, like Gecko) Chrome/84.0.4147.125 Safari/537.36"
::1 - - [23/Oct/2020:01:52:37 +0000] "GET /getcomm HTTP/1.1" 304 - "http://localhost:8080/" "Mozilla/5.0 (Windows NT 10.0; Win64; x64) AppleWebKit/537.36 (KHTML, like Gecko) Chrome/84.0.4147.125 Safari/537.36"
::1 - - [23/Oct/2020:01:52:37 +0000] "GET /public/images/1603262878798a2e7ff7ee3e011229f3f503925d824b9.jpg HTTP/1.1" 304 - "http://localhost:8080/" "Mozilla/5.0 (Windows NT 10.0; Win64; x64) AppleWebKit/537.36 (KHTML, like Gecko) Chrome/84.0.4147.125 Safari/537.36"
::1 - - [23/Oct/2020:01:52:37 +0000] "GET /public/images/160326210741046849996dc773d969f561b42ac4fce6e.jpg HTTP/1.1" 304 - "http://localhost:8080/" "Mozilla/5.0 (Windows NT 10.0; Win64; x64) AppleWebKit/537.36 (KHTML, like Gecko) Chrome/84.0.4147.125 Safari/537.36"
::1 - - [23/Oct/2020:01:52:37 +0000] "GET /public/images/1603250241278892e5b55170b2aad76ea9cb1a4c42551.jpg HTTP/1.1" 304 - "http://localhost:8080/" "Mozilla/5.0 (Windows NT 10.0; Win64; x64) AppleWebKit/537.36 (KHTML, like Gecko) Chrome/84.0.4147.125 Safari/537.36"
::1 - - [23/Oct/2020:01:52:37 +0000] "GET /public/images/1603249719512e7ce86382fa47c58d7f89334538b235a.jpg HTTP/1.1" 304 - "http://localhost:8080/" "Mozilla/5.0 (Windows NT 10.0; Win64; x64) AppleWebKit/537.36 (KHTML, like Gecko) Chrome/84.0.4147.125 Safari/537.36"
::1 - - [23/Oct/2020:01:54:20 +0000] "OPTIONS /getcomm HTTP/1.1" 204 0 "http://localhost:8080/" "Mozilla/5.0 (Windows NT 10.0; Win64; x64) AppleWebKit/537.36 (KHTML, like Gecko) Chrome/84.0.4147.125 Safari/537.36"
::1 - - [23/Oct/2020:01:54:20 +0000] "GET /getcomm HTTP/1.1" 304 - "http://localhost:8080/" "Mozilla/5.0 (Windows NT 10.0; Win64; x64) AppleWebKit/537.36 (KHTML, like Gecko) Chrome/84.0.4147.125 Safari/537.36"
::1 - - [23/Oct/2020:03:10:35 +0000] "GET /public/images/160283202388829c52b526855b04b3b85282a89134631.jpg HTTP/1.1" 304 - "http://localhost:8080/" "Mozilla/5.0 (Windows NT 10.0; Win64; x64) AppleWebKit/537.36 (KHTML, like Gecko) Chrome/84.0.4147.125 Safari/537.36"
::1 - - [23/Oct/2020:03:10:35 +0000] "OPTIONS /shuserinfo HTTP/1.1" 204 0 "http://localhost:8080/" "Mozilla/5.0 (Windows NT 10.0; Win64; x64) AppleWebKit/537.36 (KHTML, like Gecko) Chrome/84.0.4147.125 Safari/537.36"
::1 - - [23/Oct/2020:03:10:35 +0000] "POST /shuserinfo HTTP/1.1" 200 303 "http://localhost:8080/" "Mozilla/5.0 (Windows NT 10.0; Win64; x64) AppleWebKit/537.36 (KHTML, like Gecko) Chrome/84.0.4147.125 Safari/537.36"
::1 - - [23/Oct/2020:08:24:43 +0000] "OPTIONS /login HTTP/1.1" 204 0 "http://localhost:8080/" "Mozilla/5.0 (Windows NT 10.0; Win64; x64) AppleWebKit/537.36 (KHTML, like Gecko) Chrome/84.0.4147.125 Safari/537.36"
::1 - - [23/Oct/2020:08:24:44 +0000] "POST /login HTTP/1.1" 200 219 "http://localhost:8080/" "Mozilla/5.0 (Windows NT 10.0; Win64; x64) AppleWebKit/537.36 (KHTML, like Gecko) Chrome/84.0.4147.125 Safari/537.36"
::1 - - [23/Oct/2020:08:24:44 +0000] "OPTIONS /shuserinfo HTTP/1.1" 204 0 "http://localhost:8080/" "Mozilla/5.0 (Windows NT 10.0; Win64; x64) AppleWebKit/537.36 (KHTML, like Gecko) Chrome/84.0.4147.125 Safari/537.36"
::1 - - [23/Oct/2020:08:24:44 +0000] "POST /shuserinfo HTTP/1.1" 200 303 "http://localhost:8080/" "Mozilla/5.0 (Windows NT 10.0; Win64; x64) AppleWebKit/537.36 (KHTML, like Gecko) Chrome/84.0.4147.125 Safari/537.36"
::1 - - [23/Oct/2020:08:24:44 +0000] "GET /public/images/160283202388829c52b526855b04b3b85282a89134631.jpg HTTP/1.1" 304 - "http://localhost:8080/" "Mozilla/5.0 (Windows NT 10.0; Win64; x64) AppleWebKit/537.36 (KHTML, like Gecko) Chrome/84.0.4147.125 Safari/537.36"
::1 - - [23/Oct/2020:08:24:56 +0000] "OPTIONS /getcomm HTTP/1.1" 204 0 "http://localhost:8080/" "Mozilla/5.0 (Windows NT 10.0; Win64; x64) AppleWebKit/537.36 (KHTML, like Gecko) Chrome/84.0.4147.125 Safari/537.36"
::1 - - [23/Oct/2020:08:24:56 +0000] "GET /getcomm HTTP/1.1" 304 - "http://localhost:8080/" "Mozilla/5.0 (Windows NT 10.0; Win64; x64) AppleWebKit/537.36 (KHTML, like Gecko) Chrome/84.0.4147.125 Safari/537.36"
::1 - - [23/Oct/2020:08:24:56 +0000] "GET /public/images/1603262878798a2e7ff7ee3e011229f3f503925d824b9.jpg HTTP/1.1" 304 - "http://localhost:8080/" "Mozilla/5.0 (Windows NT 10.0; Win64; x64) AppleWebKit/537.36 (KHTML, like Gecko) Chrome/84.0.4147.125 Safari/537.36"
::1 - - [23/Oct/2020:08:24:56 +0000] "GET /public/images/160326210741046849996dc773d969f561b42ac4fce6e.jpg HTTP/1.1" 304 - "http://localhost:8080/" "Mozilla/5.0 (Windows NT 10.0; Win64; x64) AppleWebKit/537.36 (KHTML, like Gecko) Chrome/84.0.4147.125 Safari/537.36"
::1 - - [23/Oct/2020:08:24:56 +0000] "GET /public/images/1603250241278892e5b55170b2aad76ea9cb1a4c42551.jpg HTTP/1.1" 304 - "http://localhost:8080/" "Mozilla/5.0 (Windows NT 10.0; Win64; x64) AppleWebKit/537.36 (KHTML, like Gecko) Chrome/84.0.4147.125 Safari/537.36"
::1 - - [23/Oct/2020:08:24:56 +0000] "GET /public/images/1603249719512e7ce86382fa47c58d7f89334538b235a.jpg HTTP/1.1" 304 - "http://localhost:8080/" "Mozilla/5.0 (Windows NT 10.0; Win64; x64) AppleWebKit/537.36 (KHTML, like Gecko) Chrome/84.0.4147.125 Safari/537.36"
::1 - - [23/Oct/2020:09:05:55 +0000] "OPTIONS /getcomm HTTP/1.1" 204 0 "http://localhost:8080/" "Mozilla/5.0 (Windows NT 10.0; Win64; x64) AppleWebKit/537.36 (KHTML, like Gecko) Chrome/84.0.4147.125 Safari/537.36"
::1 - - [23/Oct/2020:09:05:55 +0000] "GET /getcomm HTTP/1.1" 304 - "http://localhost:8080/" "Mozilla/5.0 (Windows NT 10.0; Win64; x64) AppleWebKit/537.36 (KHTML, like Gecko) Chrome/84.0.4147.125 Safari/537.36"
::1 - - [23/Oct/2020:09:05:55 +0000] "GET /public/images/1603262878798a2e7ff7ee3e011229f3f503925d824b9.jpg HTTP/1.1" 304 - "http://localhost:8080/" "Mozilla/5.0 (Windows NT 10.0; Win64; x64) AppleWebKit/537.36 (KHTML, like Gecko) Chrome/84.0.4147.125 Safari/537.36"
::1 - - [23/Oct/2020:09:05:55 +0000] "GET /public/images/160326210741046849996dc773d969f561b42ac4fce6e.jpg HTTP/1.1" 304 - "http://localhost:8080/" "Mozilla/5.0 (Windows NT 10.0; Win64; x64) AppleWebKit/537.36 (KHTML, like Gecko) Chrome/84.0.4147.125 Safari/537.36"
::1 - - [23/Oct/2020:09:05:55 +0000] "GET /public/images/1603250241278892e5b55170b2aad76ea9cb1a4c42551.jpg HTTP/1.1" 304 - "http://localhost:8080/" "Mozilla/5.0 (Windows NT 10.0; Win64; x64) AppleWebKit/537.36 (KHTML, like Gecko) Chrome/84.0.4147.125 Safari/537.36"
::1 - - [23/Oct/2020:09:05:55 +0000] "GET /public/images/1603249719512e7ce86382fa47c58d7f89334538b235a.jpg HTTP/1.1" 304 - "http://localhost:8080/" "Mozilla/5.0 (Windows NT 10.0; Win64; x64) AppleWebKit/537.36 (KHTML, like Gecko) Chrome/84.0.4147.125 Safari/537.36"
::1 - - [23/Oct/2020:09:38:57 +0000] "OPTIONS /getcomm HTTP/1.1" 204 0 "http://localhost:8080/" "Mozilla/5.0 (Windows NT 10.0; Win64; x64) AppleWebKit/537.36 (KHTML, like Gecko) Chrome/84.0.4147.125 Safari/537.36"
::1 - - [23/Oct/2020:09:40:20 +0000] "GET /getcomm HTTP/1.1" - - "http://localhost:8080/" "Mozilla/5.0 (Windows NT 10.0; Win64; x64) AppleWebKit/537.36 (KHTML, like Gecko) Chrome/84.0.4147.125 Safari/537.36"
::1 - - [23/Oct/2020:09:40:22 +0000] "GET /public/images/160283202388829c52b526855b04b3b85282a89134631.jpg HTTP/1.1" 304 - "http://localhost:8080/" "Mozilla/5.0 (Windows NT 10.0; Win64; x64) AppleWebKit/537.36 (KHTML, like Gecko) Chrome/84.0.4147.125 Safari/537.36"
::1 - - [23/Oct/2020:09:40:22 +0000] "OPTIONS /shuserinfo HTTP/1.1" 204 0 "http://localhost:8080/" "Mozilla/5.0 (Windows NT 10.0; Win64; x64) AppleWebKit/537.36 (KHTML, like Gecko) Chrome/84.0.4147.125 Safari/537.36"
::1 - - [23/Oct/2020:09:40:22 +0000] "POST /shuserinfo HTTP/1.1" 200 303 "http://localhost:8080/" "Mozilla/5.0 (Windows NT 10.0; Win64; x64) AppleWebKit/537.36 (KHTML, like Gecko) Chrome/84.0.4147.125 Safari/537.36"
::1 - - [23/Oct/2020:11:05:51 +0000] "GET /public/images/160283202388829c52b526855b04b3b85282a89134631.jpg HTTP/1.1" 304 - "http://localhost:8080/" "Mozilla/5.0 (Windows NT 10.0; Win64; x64) AppleWebKit/537.36 (KHTML, like Gecko) Chrome/84.0.4147.125 Safari/537.36"
::1 - - [23/Oct/2020:11:05:51 +0000] "OPTIONS /shuserinfo HTTP/1.1" 204 0 "http://localhost:8080/" "Mozilla/5.0 (Windows NT 10.0; Win64; x64) AppleWebKit/537.36 (KHTML, like Gecko) Chrome/84.0.4147.125 Safari/537.36"
::1 - - [23/Oct/2020:11:05:51 +0000] "POST /shuserinfo HTTP/1.1" 200 303 "http://localhost:8080/" "Mozilla/5.0 (Windows NT 10.0; Win64; x64) AppleWebKit/537.36 (KHTML, like Gecko) Chrome/84.0.4147.125 Safari/537.36"
::1 - - [23/Oct/2020:11:18:44 +0000] "GET /public/images/160283202388829c52b526855b04b3b85282a89134631.jpg HTTP/1.1" 304 - "http://localhost:8080/" "Mozilla/5.0 (Windows NT 10.0; Win64; x64) AppleWebKit/537.36 (KHTML, like Gecko) Chrome/84.0.4147.125 Safari/537.36"
::1 - - [23/Oct/2020:11:18:44 +0000] "OPTIONS /shuserinfo HTTP/1.1" 204 0 "http://localhost:8080/" "Mozilla/5.0 (Windows NT 10.0; Win64; x64) AppleWebKit/537.36 (KHTML, like Gecko) Chrome/84.0.4147.125 Safari/537.36"
::1 - - [23/Oct/2020:11:18:44 +0000] "POST /shuserinfo HTTP/1.1" 200 303 "http://localhost:8080/" "Mozilla/5.0 (Windows NT 10.0; Win64; x64) AppleWebKit/537.36 (KHTML, like Gecko) Chrome/84.0.4147.125 Safari/537.36"
::1 - - [23/Oct/2020:11:22:09 +0000] "GET /public/images/160283202388829c52b526855b04b3b85282a89134631.jpg HTTP/1.1" 304 - "http://localhost:8080/" "Mozilla/5.0 (Windows NT 10.0; Win64; x64) AppleWebKit/537.36 (KHTML, like Gecko) Chrome/84.0.4147.125 Safari/537.36"
::1 - - [23/Oct/2020:11:22:09 +0000] "OPTIONS /shuserinfo HTTP/1.1" 204 0 "http://localhost:8080/" "Mozilla/5.0 (Windows NT 10.0; Win64; x64) AppleWebKit/537.36 (KHTML, like Gecko) Chrome/84.0.4147.125 Safari/537.36"
::1 - - [23/Oct/2020:11:22:09 +0000] "POST /shuserinfo HTTP/1.1" 200 303 "http://localhost:8080/" "Mozilla/5.0 (Windows NT 10.0; Win64; x64) AppleWebKit/537.36 (KHTML, like Gecko) Chrome/84.0.4147.125 Safari/537.36"
