::1 - - [18/Oct/2020:00:18:23 +0000] "OPTIONS /shuserinfo HTTP/1.1" 204 0 "http://localhost:8080/" "Mozilla/5.0 (Windows NT 10.0; Win64; x64) AppleWebKit/537.36 (KHTML, like Gecko) Chrome/84.0.4147.125 Safari/537.36"
::1 - - [18/Oct/2020:00:18:24 +0000] "POST /shuserinfo HTTP/1.1" 200 45 "http://localhost:8080/" "Mozilla/5.0 (Windows NT 10.0; Win64; x64) AppleWebKit/537.36 (KHTML, like Gecko) Chrome/84.0.4147.125 Safari/537.36"
::1 - - [18/Oct/2020:00:18:43 +0000] "OPTIONS /login HTTP/1.1" 204 0 "http://localhost:8080/" "Mozilla/5.0 (Windows NT 10.0; Win64; x64) AppleWebKit/537.36 (KHTML, like Gecko) Chrome/84.0.4147.125 Safari/537.36"
::1 - - [18/Oct/2020:00:18:43 +0000] "POST /login HTTP/1.1" 200 230 "http://localhost:8080/" "Mozilla/5.0 (Windows NT 10.0; Win64; x64) AppleWebKit/537.36 (KHTML, like Gecko) Chrome/84.0.4147.125 Safari/537.36"
::1 - - [18/Oct/2020:00:18:43 +0000] "OPTIONS /shuserinfo HTTP/1.1" 204 0 "http://localhost:8080/" "Mozilla/5.0 (Windows NT 10.0; Win64; x64) AppleWebKit/537.36 (KHTML, like Gecko) Chrome/84.0.4147.125 Safari/537.36"
::1 - - [18/Oct/2020:00:18:43 +0000] "POST /shuserinfo HTTP/1.1" 200 183 "http://localhost:8080/" "Mozilla/5.0 (Windows NT 10.0; Win64; x64) AppleWebKit/537.36 (KHTML, like Gecko) Chrome/84.0.4147.125 Safari/537.36"
::1 - - [18/Oct/2020:00:23:42 +0000] "OPTIONS /shuserinfo HTTP/1.1" 204 0 "http://localhost:8080/" "Mozilla/5.0 (Windows NT 10.0; Win64; x64) AppleWebKit/537.36 (KHTML, like Gecko) Chrome/84.0.4147.125 Safari/537.36"
::1 - - [18/Oct/2020:00:23:42 +0000] "POST /shuserinfo HTTP/1.1" 200 183 "http://localhost:8080/" "Mozilla/5.0 (Windows NT 10.0; Win64; x64) AppleWebKit/537.36 (KHTML, like Gecko) Chrome/84.0.4147.125 Safari/537.36"
::1 - - [18/Oct/2020:00:25:18 +0000] "OPTIONS /shuserinfo HTTP/1.1" 204 0 "http://localhost:8080/" "Mozilla/5.0 (Windows NT 10.0; Win64; x64) AppleWebKit/537.36 (KHTML, like Gecko) Chrome/84.0.4147.125 Safari/537.36"
::1 - - [18/Oct/2020:00:25:18 +0000] "POST /shuserinfo HTTP/1.1" 200 183 "http://localhost:8080/" "Mozilla/5.0 (Windows NT 10.0; Win64; x64) AppleWebKit/537.36 (KHTML, like Gecko) Chrome/84.0.4147.125 Safari/537.36"
::1 - - [18/Oct/2020:00:25:22 +0000] "POST /shuserinfo HTTP/1.1" 200 183 "http://localhost:8080/" "Mozilla/5.0 (Windows NT 10.0; Win64; x64) AppleWebKit/537.36 (KHTML, like Gecko) Chrome/84.0.4147.125 Safari/537.36"
::1 - - [18/Oct/2020:00:25:26 +0000] "OPTIONS /shuserinfo HTTP/1.1" 204 0 "http://localhost:8080/" "Mozilla/5.0 (Windows NT 10.0; Win64; x64) AppleWebKit/537.36 (KHTML, like Gecko) Chrome/84.0.4147.125 Safari/537.36"
::1 - - [18/Oct/2020:00:25:26 +0000] "POST /shuserinfo HTTP/1.1" 200 183 "http://localhost:8080/" "Mozilla/5.0 (Windows NT 10.0; Win64; x64) AppleWebKit/537.36 (KHTML, like Gecko) Chrome/84.0.4147.125 Safari/537.36"
::1 - - [18/Oct/2020:00:25:30 +0000] "POST /shuserinfo HTTP/1.1" 200 183 "http://localhost:8080/" "Mozilla/5.0 (Windows NT 10.0; Win64; x64) AppleWebKit/537.36 (KHTML, like Gecko) Chrome/84.0.4147.125 Safari/537.36"
::1 - - [18/Oct/2020:00:27:26 +0000] "OPTIONS /shuserinfo HTTP/1.1" 204 0 "http://localhost:8080/" "Mozilla/5.0 (Windows NT 10.0; Win64; x64) AppleWebKit/537.36 (KHTML, like Gecko) Chrome/84.0.4147.125 Safari/537.36"
::1 - - [18/Oct/2020:00:27:26 +0000] "POST /shuserinfo HTTP/1.1" 200 183 "http://localhost:8080/" "Mozilla/5.0 (Windows NT 10.0; Win64; x64) AppleWebKit/537.36 (KHTML, like Gecko) Chrome/84.0.4147.125 Safari/537.36"
::1 - - [18/Oct/2020:00:28:00 +0000] "OPTIONS /shuserinfo HTTP/1.1" 204 0 "http://localhost:8080/" "Mozilla/5.0 (Windows NT 10.0; Win64; x64) AppleWebKit/537.36 (KHTML, like Gecko) Chrome/84.0.4147.125 Safari/537.36"
::1 - - [18/Oct/2020:00:28:00 +0000] "POST /shuserinfo HTTP/1.1" 200 183 "http://localhost:8080/" "Mozilla/5.0 (Windows NT 10.0; Win64; x64) AppleWebKit/537.36 (KHTML, like Gecko) Chrome/84.0.4147.125 Safari/537.36"
::1 - - [18/Oct/2020:00:28:38 +0000] "OPTIONS /shuserinfo HTTP/1.1" 204 0 "http://localhost:8080/" "Mozilla/5.0 (Windows NT 10.0; Win64; x64) AppleWebKit/537.36 (KHTML, like Gecko) Chrome/84.0.4147.125 Safari/537.36"
::1 - - [18/Oct/2020:00:28:38 +0000] "POST /shuserinfo HTTP/1.1" 200 183 "http://localhost:8080/" "Mozilla/5.0 (Windows NT 10.0; Win64; x64) AppleWebKit/537.36 (KHTML, like Gecko) Chrome/84.0.4147.125 Safari/537.36"
::1 - - [18/Oct/2020:00:29:09 +0000] "OPTIONS /shuserinfo HTTP/1.1" 204 0 "http://localhost:8080/" "Mozilla/5.0 (Windows NT 10.0; Win64; x64) AppleWebKit/537.36 (KHTML, like Gecko) Chrome/84.0.4147.125 Safari/537.36"
::1 - - [18/Oct/2020:00:29:09 +0000] "POST /shuserinfo HTTP/1.1" 200 183 "http://localhost:8080/" "Mozilla/5.0 (Windows NT 10.0; Win64; x64) AppleWebKit/537.36 (KHTML, like Gecko) Chrome/84.0.4147.125 Safari/537.36"
::1 - - [18/Oct/2020:00:31:06 +0000] "OPTIONS /shuserinfo HTTP/1.1" 204 0 "http://localhost:8080/" "Mozilla/5.0 (Windows NT 10.0; Win64; x64) AppleWebKit/537.36 (KHTML, like Gecko) Chrome/84.0.4147.125 Safari/537.36"
::1 - - [18/Oct/2020:00:31:06 +0000] "POST /shuserinfo HTTP/1.1" 200 183 "http://localhost:8080/" "Mozilla/5.0 (Windows NT 10.0; Win64; x64) AppleWebKit/537.36 (KHTML, like Gecko) Chrome/84.0.4147.125 Safari/537.36"
::1 - - [18/Oct/2020:01:07:15 +0000] "OPTIONS /login HTTP/1.1" 204 0 "http://localhost:8080/" "Mozilla/5.0 (Windows NT 10.0; Win64; x64) AppleWebKit/537.36 (KHTML, like Gecko) Chrome/84.0.4147.125 Safari/537.36"
::1 - - [18/Oct/2020:01:07:16 +0000] "POST /login HTTP/1.1" 200 54 "http://localhost:8080/" "Mozilla/5.0 (Windows NT 10.0; Win64; x64) AppleWebKit/537.36 (KHTML, like Gecko) Chrome/84.0.4147.125 Safari/537.36"
::1 - - [18/Oct/2020:01:07:24 +0000] "OPTIONS /login HTTP/1.1" 204 0 "http://localhost:8080/" "Mozilla/5.0 (Windows NT 10.0; Win64; x64) AppleWebKit/537.36 (KHTML, like Gecko) Chrome/84.0.4147.125 Safari/537.36"
::1 - - [18/Oct/2020:01:07:24 +0000] "POST /login HTTP/1.1" 200 48 "http://localhost:8080/" "Mozilla/5.0 (Windows NT 10.0; Win64; x64) AppleWebKit/537.36 (KHTML, like Gecko) Chrome/84.0.4147.125 Safari/537.36"
::1 - - [18/Oct/2020:01:07:51 +0000] "OPTIONS /register HTTP/1.1" 204 0 "http://localhost:8080/" "Mozilla/5.0 (Windows NT 10.0; Win64; x64) AppleWebKit/537.36 (KHTML, like Gecko) Chrome/84.0.4147.125 Safari/537.36"
::1 - - [18/Oct/2020:01:07:51 +0000] "POST /register HTTP/1.1" 200 54 "http://localhost:8080/" "Mozilla/5.0 (Windows NT 10.0; Win64; x64) AppleWebKit/537.36 (KHTML, like Gecko) Chrome/84.0.4147.125 Safari/537.36"
::1 - - [18/Oct/2020:01:08:09 +0000] "OPTIONS /register HTTP/1.1" 204 0 "http://localhost:8080/" "Mozilla/5.0 (Windows NT 10.0; Win64; x64) AppleWebKit/537.36 (KHTML, like Gecko) Chrome/84.0.4147.125 Safari/537.36"
::1 - - [18/Oct/2020:01:08:09 +0000] "POST /register HTTP/1.1" 200 51 "http://localhost:8080/" "Mozilla/5.0 (Windows NT 10.0; Win64; x64) AppleWebKit/537.36 (KHTML, like Gecko) Chrome/84.0.4147.125 Safari/537.36"
::1 - - [18/Oct/2020:01:08:12 +0000] "OPTIONS /shuserinfo HTTP/1.1" 204 0 "http://localhost:8080/" "Mozilla/5.0 (Windows NT 10.0; Win64; x64) AppleWebKit/537.36 (KHTML, like Gecko) Chrome/84.0.4147.125 Safari/537.36"
::1 - - [18/Oct/2020:01:08:12 +0000] "POST /shuserinfo HTTP/1.1" 200 45 "http://localhost:8080/" "Mozilla/5.0 (Windows NT 10.0; Win64; x64) AppleWebKit/537.36 (KHTML, like Gecko) Chrome/84.0.4147.125 Safari/537.36"
::1 - - [18/Oct/2020:01:08:21 +0000] "OPTIONS /login HTTP/1.1" 204 0 "http://localhost:8080/" "Mozilla/5.0 (Windows NT 10.0; Win64; x64) AppleWebKit/537.36 (KHTML, like Gecko) Chrome/84.0.4147.125 Safari/537.36"
::1 - - [18/Oct/2020:01:08:22 +0000] "POST /login HTTP/1.1" 200 230 "http://localhost:8080/" "Mozilla/5.0 (Windows NT 10.0; Win64; x64) AppleWebKit/537.36 (KHTML, like Gecko) Chrome/84.0.4147.125 Safari/537.36"
::1 - - [18/Oct/2020:01:08:22 +0000] "OPTIONS /shuserinfo HTTP/1.1" 204 0 "http://localhost:8080/" "Mozilla/5.0 (Windows NT 10.0; Win64; x64) AppleWebKit/537.36 (KHTML, like Gecko) Chrome/84.0.4147.125 Safari/537.36"
::1 - - [18/Oct/2020:01:08:22 +0000] "POST /shuserinfo HTTP/1.1" 200 183 "http://localhost:8080/" "Mozilla/5.0 (Windows NT 10.0; Win64; x64) AppleWebKit/537.36 (KHTML, like Gecko) Chrome/84.0.4147.125 Safari/537.36"
::1 - - [18/Oct/2020:01:09:47 +0000] "OPTIONS /shuserinfo HTTP/1.1" 204 0 "http://localhost:8080/" "Mozilla/5.0 (Windows NT 10.0; Win64; x64) AppleWebKit/537.36 (KHTML, like Gecko) Chrome/84.0.4147.125 Safari/537.36"
::1 - - [18/Oct/2020:01:09:47 +0000] "POST /shuserinfo HTTP/1.1" 200 183 "http://localhost:8080/" "Mozilla/5.0 (Windows NT 10.0; Win64; x64) AppleWebKit/537.36 (KHTML, like Gecko) Chrome/84.0.4147.125 Safari/537.36"
::1 - - [18/Oct/2020:01:10:06 +0000] "OPTIONS /login HTTP/1.1" 204 0 "http://localhost:8080/" "Mozilla/5.0 (Windows NT 10.0; Win64; x64) AppleWebKit/537.36 (KHTML, like Gecko) Chrome/84.0.4147.125 Safari/537.36"
::1 - - [18/Oct/2020:01:10:06 +0000] "POST /login HTTP/1.1" 200 230 "http://localhost:8080/" "Mozilla/5.0 (Windows NT 10.0; Win64; x64) AppleWebKit/537.36 (KHTML, like Gecko) Chrome/84.0.4147.125 Safari/537.36"
::1 - - [18/Oct/2020:01:10:06 +0000] "OPTIONS /shuserinfo HTTP/1.1" 204 0 "http://localhost:8080/" "Mozilla/5.0 (Windows NT 10.0; Win64; x64) AppleWebKit/537.36 (KHTML, like Gecko) Chrome/84.0.4147.125 Safari/537.36"
::1 - - [18/Oct/2020:01:10:06 +0000] "POST /shuserinfo HTTP/1.1" 200 183 "http://localhost:8080/" "Mozilla/5.0 (Windows NT 10.0; Win64; x64) AppleWebKit/537.36 (KHTML, like Gecko) Chrome/84.0.4147.125 Safari/537.36"
::1 - - [18/Oct/2020:01:13:31 +0000] "OPTIONS /shuserinfo HTTP/1.1" 204 0 "http://localhost:8080/" "Mozilla/5.0 (Windows NT 10.0; Win64; x64) AppleWebKit/537.36 (KHTML, like Gecko) Chrome/84.0.4147.125 Safari/537.36"
::1 - - [18/Oct/2020:01:13:31 +0000] "OPTIONS /shuserinfo HTTP/1.1" 204 0 "http://localhost:8080/" "Mozilla/5.0 (Windows NT 10.0; Win64; x64) AppleWebKit/537.36 (KHTML, like Gecko) Chrome/84.0.4147.125 Safari/537.36"
::1 - - [18/Oct/2020:01:13:32 +0000] "POST /shuserinfo HTTP/1.1" 200 183 "http://localhost:8080/" "Mozilla/5.0 (Windows NT 10.0; Win64; x64) AppleWebKit/537.36 (KHTML, like Gecko) Chrome/84.0.4147.125 Safari/537.36"
::1 - - [18/Oct/2020:01:13:32 +0000] "POST /shuserinfo HTTP/1.1" 200 45 "http://localhost:8080/" "Mozilla/5.0 (Windows NT 10.0; Win64; x64) AppleWebKit/537.36 (KHTML, like Gecko) Chrome/84.0.4147.125 Safari/537.36"
::1 - - [18/Oct/2020:01:14:03 +0000] "OPTIONS /shuserinfo HTTP/1.1" 204 0 "http://localhost:8080/" "Mozilla/5.0 (Windows NT 10.0; Win64; x64) AppleWebKit/537.36 (KHTML, like Gecko) Chrome/84.0.4147.125 Safari/537.36"
::1 - - [18/Oct/2020:01:14:03 +0000] "POST /shuserinfo HTTP/1.1" 200 45 "http://localhost:8080/" "Mozilla/5.0 (Windows NT 10.0; Win64; x64) AppleWebKit/537.36 (KHTML, like Gecko) Chrome/84.0.4147.125 Safari/537.36"
::1 - - [18/Oct/2020:01:14:20 +0000] "OPTIONS /shuserinfo HTTP/1.1" 204 0 "http://localhost:8080/" "Mozilla/5.0 (Windows NT 10.0; Win64; x64) AppleWebKit/537.36 (KHTML, like Gecko) Chrome/84.0.4147.125 Safari/537.36"
::1 - - [18/Oct/2020:01:14:20 +0000] "POST /shuserinfo HTTP/1.1" 200 45 "http://localhost:8080/" "Mozilla/5.0 (Windows NT 10.0; Win64; x64) AppleWebKit/537.36 (KHTML, like Gecko) Chrome/84.0.4147.125 Safari/537.36"
::1 - - [18/Oct/2020:01:14:53 +0000] "OPTIONS /shuserinfo HTTP/1.1" 204 0 "http://localhost:8080/" "Mozilla/5.0 (Windows NT 10.0; Win64; x64) AppleWebKit/537.36 (KHTML, like Gecko) Chrome/84.0.4147.125 Safari/537.36"
::1 - - [18/Oct/2020:01:14:53 +0000] "POST /shuserinfo HTTP/1.1" 200 45 "http://localhost:8080/" "Mozilla/5.0 (Windows NT 10.0; Win64; x64) AppleWebKit/537.36 (KHTML, like Gecko) Chrome/84.0.4147.125 Safari/537.36"
::1 - - [18/Oct/2020:01:15:52 +0000] "OPTIONS /shuserinfo HTTP/1.1" 204 0 "http://localhost:8080/" "Mozilla/5.0 (Windows NT 10.0; Win64; x64) AppleWebKit/537.36 (KHTML, like Gecko) Chrome/84.0.4147.125 Safari/537.36"
::1 - - [18/Oct/2020:01:15:52 +0000] "POST /shuserinfo HTTP/1.1" 200 45 "http://localhost:8080/" "Mozilla/5.0 (Windows NT 10.0; Win64; x64) AppleWebKit/537.36 (KHTML, like Gecko) Chrome/84.0.4147.125 Safari/537.36"
::1 - - [18/Oct/2020:01:16:56 +0000] "OPTIONS /shuserinfo HTTP/1.1" 204 0 "http://localhost:8080/" "Mozilla/5.0 (Windows NT 10.0; Win64; x64) AppleWebKit/537.36 (KHTML, like Gecko) Chrome/84.0.4147.125 Safari/537.36"
::1 - - [18/Oct/2020:01:16:57 +0000] "OPTIONS /shuserinfo HTTP/1.1" 204 0 "http://localhost:8080/" "Mozilla/5.0 (Windows NT 10.0; Win64; x64) AppleWebKit/537.36 (KHTML, like Gecko) Chrome/84.0.4147.125 Safari/537.36"
::1 - - [18/Oct/2020:01:16:57 +0000] "POST /shuserinfo HTTP/1.1" 200 183 "http://localhost:8080/" "Mozilla/5.0 (Windows NT 10.0; Win64; x64) AppleWebKit/537.36 (KHTML, like Gecko) Chrome/84.0.4147.125 Safari/537.36"
::1 - - [18/Oct/2020:01:16:57 +0000] "POST /shuserinfo HTTP/1.1" 200 45 "http://localhost:8080/" "Mozilla/5.0 (Windows NT 10.0; Win64; x64) AppleWebKit/537.36 (KHTML, like Gecko) Chrome/84.0.4147.125 Safari/537.36"
::1 - - [18/Oct/2020:01:18:44 +0000] "OPTIONS /shuserinfo HTTP/1.1" 204 0 "http://localhost:8080/" "Mozilla/5.0 (Windows NT 10.0; Win64; x64) AppleWebKit/537.36 (KHTML, like Gecko) Chrome/84.0.4147.125 Safari/537.36"
::1 - - [18/Oct/2020:01:18:46 +0000] "POST /shuserinfo HTTP/1.1" 200 183 "http://localhost:8080/" "Mozilla/5.0 (Windows NT 10.0; Win64; x64) AppleWebKit/537.36 (KHTML, like Gecko) Chrome/84.0.4147.125 Safari/537.36"
::1 - - [18/Oct/2020:01:18:46 +0000] "POST /shuserinfo HTTP/1.1" 200 183 "http://localhost:8080/" "Mozilla/5.0 (Windows NT 10.0; Win64; x64) AppleWebKit/537.36 (KHTML, like Gecko) Chrome/84.0.4147.125 Safari/537.36"
::1 - - [18/Oct/2020:01:18:52 +0000] "OPTIONS /shuserinfo HTTP/1.1" 204 0 "http://localhost:8080/" "Mozilla/5.0 (Windows NT 10.0; Win64; x64) AppleWebKit/537.36 (KHTML, like Gecko) Chrome/84.0.4147.125 Safari/537.36"
::1 - - [18/Oct/2020:01:18:52 +0000] "POST /shuserinfo HTTP/1.1" 200 45 "http://localhost:8080/" "Mozilla/5.0 (Windows NT 10.0; Win64; x64) AppleWebKit/537.36 (KHTML, like Gecko) Chrome/84.0.4147.125 Safari/537.36"
::1 - - [18/Oct/2020:01:18:57 +0000] "OPTIONS /shuserinfo HTTP/1.1" 204 0 "http://localhost:8080/" "Mozilla/5.0 (Windows NT 10.0; Win64; x64) AppleWebKit/537.36 (KHTML, like Gecko) Chrome/84.0.4147.125 Safari/537.36"
::1 - - [18/Oct/2020:01:18:57 +0000] "POST /shuserinfo HTTP/1.1" 200 183 "http://localhost:8080/" "Mozilla/5.0 (Windows NT 10.0; Win64; x64) AppleWebKit/537.36 (KHTML, like Gecko) Chrome/84.0.4147.125 Safari/537.36"
::1 - - [18/Oct/2020:01:19:19 +0000] "OPTIONS /shuserinfo HTTP/1.1" 204 0 "http://localhost:8080/" "Mozilla/5.0 (Windows NT 10.0; Win64; x64) AppleWebKit/537.36 (KHTML, like Gecko) Chrome/84.0.4147.125 Safari/537.36"
::1 - - [18/Oct/2020:01:19:19 +0000] "POST /shuserinfo HTTP/1.1" 200 183 "http://localhost:8080/" "Mozilla/5.0 (Windows NT 10.0; Win64; x64) AppleWebKit/537.36 (KHTML, like Gecko) Chrome/84.0.4147.125 Safari/537.36"
::1 - - [18/Oct/2020:01:19:52 +0000] "OPTIONS /shuserinfo HTTP/1.1" 204 0 "http://localhost:8080/" "Mozilla/5.0 (Windows NT 10.0; Win64; x64) AppleWebKit/537.36 (KHTML, like Gecko) Chrome/84.0.4147.125 Safari/537.36"
::1 - - [18/Oct/2020:01:19:52 +0000] "POST /shuserinfo HTTP/1.1" 200 183 "http://localhost:8080/" "Mozilla/5.0 (Windows NT 10.0; Win64; x64) AppleWebKit/537.36 (KHTML, like Gecko) Chrome/84.0.4147.125 Safari/537.36"
::1 - - [18/Oct/2020:01:25:24 +0000] "OPTIONS /shuserinfo HTTP/1.1" 204 0 "http://localhost:8080/" "Mozilla/5.0 (Windows NT 10.0; Win64; x64) AppleWebKit/537.36 (KHTML, like Gecko) Chrome/84.0.4147.125 Safari/537.36"
::1 - - [18/Oct/2020:01:25:25 +0000] "POST /shuserinfo HTTP/1.1" 200 183 "http://localhost:8080/" "Mozilla/5.0 (Windows NT 10.0; Win64; x64) AppleWebKit/537.36 (KHTML, like Gecko) Chrome/84.0.4147.125 Safari/537.36"
::1 - - [18/Oct/2020:01:25:28 +0000] "OPTIONS /upemail HTTP/1.1" 204 0 "http://localhost:8080/" "Mozilla/5.0 (Windows NT 10.0; Win64; x64) AppleWebKit/537.36 (KHTML, like Gecko) Chrome/84.0.4147.125 Safari/537.36"
::1 - - [18/Oct/2020:01:25:28 +0000] "POST /upemail HTTP/1.1" 404 147 "http://localhost:8080/" "Mozilla/5.0 (Windows NT 10.0; Win64; x64) AppleWebKit/537.36 (KHTML, like Gecko) Chrome/84.0.4147.125 Safari/537.36"
::1 - - [18/Oct/2020:01:25:33 +0000] "POST /upemail HTTP/1.1" 404 147 "http://localhost:8080/" "Mozilla/5.0 (Windows NT 10.0; Win64; x64) AppleWebKit/537.36 (KHTML, like Gecko) Chrome/84.0.4147.125 Safari/537.36"
::1 - - [18/Oct/2020:01:27:20 +0000] "OPTIONS /shuserinfo HTTP/1.1" 204 0 "http://localhost:8080/" "Mozilla/5.0 (Windows NT 10.0; Win64; x64) AppleWebKit/537.36 (KHTML, like Gecko) Chrome/84.0.4147.125 Safari/537.36"
::1 - - [18/Oct/2020:01:27:20 +0000] "POST /shuserinfo HTTP/1.1" 200 183 "http://localhost:8080/" "Mozilla/5.0 (Windows NT 10.0; Win64; x64) AppleWebKit/537.36 (KHTML, like Gecko) Chrome/84.0.4147.125 Safari/537.36"
::1 - - [18/Oct/2020:01:27:24 +0000] "OPTIONS /upemail HTTP/1.1" 204 0 "http://localhost:8080/" "Mozilla/5.0 (Windows NT 10.0; Win64; x64) AppleWebKit/537.36 (KHTML, like Gecko) Chrome/84.0.4147.125 Safari/537.36"
::1 - - [18/Oct/2020:01:27:24 +0000] "POST /upemail HTTP/1.1" 404 147 "http://localhost:8080/" "Mozilla/5.0 (Windows NT 10.0; Win64; x64) AppleWebKit/537.36 (KHTML, like Gecko) Chrome/84.0.4147.125 Safari/537.36"
::1 - - [18/Oct/2020:01:27:50 +0000] "OPTIONS /upemail HTTP/1.1" 204 0 "http://localhost:8080/" "Mozilla/5.0 (Windows NT 10.0; Win64; x64) AppleWebKit/537.36 (KHTML, like Gecko) Chrome/84.0.4147.125 Safari/537.36"
::1 - - [18/Oct/2020:01:27:50 +0000] "POST /upemail HTTP/1.1" 404 147 "http://localhost:8080/" "Mozilla/5.0 (Windows NT 10.0; Win64; x64) AppleWebKit/537.36 (KHTML, like Gecko) Chrome/84.0.4147.125 Safari/537.36"
::1 - - [18/Oct/2020:01:28:04 +0000] "OPTIONS /upemail HTTP/1.1" 204 0 "http://localhost:8080/" "Mozilla/5.0 (Windows NT 10.0; Win64; x64) AppleWebKit/537.36 (KHTML, like Gecko) Chrome/84.0.4147.125 Safari/537.36"
::1 - - [18/Oct/2020:01:28:04 +0000] "POST /upemail HTTP/1.1" 404 147 "http://localhost:8080/" "Mozilla/5.0 (Windows NT 10.0; Win64; x64) AppleWebKit/537.36 (KHTML, like Gecko) Chrome/84.0.4147.125 Safari/537.36"
::1 - - [18/Oct/2020:01:30:25 +0000] "OPTIONS /shuserinfo HTTP/1.1" 204 0 "http://localhost:8080/" "Mozilla/5.0 (Windows NT 10.0; Win64; x64) AppleWebKit/537.36 (KHTML, like Gecko) Chrome/84.0.4147.125 Safari/537.36"
::1 - - [18/Oct/2020:01:30:25 +0000] "POST /shuserinfo HTTP/1.1" 200 183 "http://localhost:8080/" "Mozilla/5.0 (Windows NT 10.0; Win64; x64) AppleWebKit/537.36 (KHTML, like Gecko) Chrome/84.0.4147.125 Safari/537.36"
::1 - - [18/Oct/2020:01:33:37 +0000] "OPTIONS /shuserinfo HTTP/1.1" 204 0 "http://localhost:8080/" "Mozilla/5.0 (Windows NT 10.0; Win64; x64) AppleWebKit/537.36 (KHTML, like Gecko) Chrome/84.0.4147.125 Safari/537.36"
::1 - - [18/Oct/2020:01:33:37 +0000] "POST /shuserinfo HTTP/1.1" 200 183 "http://localhost:8080/" "Mozilla/5.0 (Windows NT 10.0; Win64; x64) AppleWebKit/537.36 (KHTML, like Gecko) Chrome/84.0.4147.125 Safari/537.36"
::1 - - [18/Oct/2020:01:33:39 +0000] "OPTIONS /upemail HTTP/1.1" 204 0 "http://localhost:8080/" "Mozilla/5.0 (Windows NT 10.0; Win64; x64) AppleWebKit/537.36 (KHTML, like Gecko) Chrome/84.0.4147.125 Safari/537.36"
::1 - - [18/Oct/2020:01:33:39 +0000] "POST /upemail HTTP/1.1" 404 147 "http://localhost:8080/" "Mozilla/5.0 (Windows NT 10.0; Win64; x64) AppleWebKit/537.36 (KHTML, like Gecko) Chrome/84.0.4147.125 Safari/537.36"
::1 - - [18/Oct/2020:01:36:13 +0000] "OPTIONS /shuserinfo HTTP/1.1" 204 0 "http://localhost:8080/" "Mozilla/5.0 (Windows NT 10.0; Win64; x64) AppleWebKit/537.36 (KHTML, like Gecko) Chrome/84.0.4147.125 Safari/537.36"
::1 - - [18/Oct/2020:01:36:13 +0000] "POST /shuserinfo HTTP/1.1" 200 183 "http://localhost:8080/" "Mozilla/5.0 (Windows NT 10.0; Win64; x64) AppleWebKit/537.36 (KHTML, like Gecko) Chrome/84.0.4147.125 Safari/537.36"
::1 - - [18/Oct/2020:01:36:14 +0000] "POST /shuserinfo HTTP/1.1" 200 183 "http://localhost:8080/" "Mozilla/5.0 (Windows NT 10.0; Win64; x64) AppleWebKit/537.36 (KHTML, like Gecko) Chrome/84.0.4147.125 Safari/537.36"
::1 - - [18/Oct/2020:01:36:18 +0000] "OPTIONS /upemail HTTP/1.1" 204 0 "http://localhost:8080/" "Mozilla/5.0 (Windows NT 10.0; Win64; x64) AppleWebKit/537.36 (KHTML, like Gecko) Chrome/84.0.4147.125 Safari/537.36"
::1 - - [18/Oct/2020:01:36:18 +0000] "POST /upemail HTTP/1.1" 404 147 "http://localhost:8080/" "Mozilla/5.0 (Windows NT 10.0; Win64; x64) AppleWebKit/537.36 (KHTML, like Gecko) Chrome/84.0.4147.125 Safari/537.36"
::1 - - [18/Oct/2020:01:36:23 +0000] "OPTIONS /upemail HTTP/1.1" 204 0 "http://localhost:8080/" "Mozilla/5.0 (Windows NT 10.0; Win64; x64) AppleWebKit/537.36 (KHTML, like Gecko) Chrome/84.0.4147.125 Safari/537.36"
::1 - - [18/Oct/2020:01:36:23 +0000] "POST /upemail HTTP/1.1" 404 147 "http://localhost:8080/" "Mozilla/5.0 (Windows NT 10.0; Win64; x64) AppleWebKit/537.36 (KHTML, like Gecko) Chrome/84.0.4147.125 Safari/537.36"
::1 - - [18/Oct/2020:01:43:38 +0000] "OPTIONS /shuserinfo HTTP/1.1" 204 0 "http://localhost:8080/" "Mozilla/5.0 (Windows NT 10.0; Win64; x64) AppleWebKit/537.36 (KHTML, like Gecko) Chrome/84.0.4147.125 Safari/537.36"
::1 - - [18/Oct/2020:01:43:39 +0000] "POST /shuserinfo HTTP/1.1" 200 183 "http://localhost:8080/" "Mozilla/5.0 (Windows NT 10.0; Win64; x64) AppleWebKit/537.36 (KHTML, like Gecko) Chrome/84.0.4147.125 Safari/537.36"
::1 - - [18/Oct/2020:01:43:45 +0000] "OPTIONS /upemail HTTP/1.1" 204 0 "http://localhost:8080/" "Mozilla/5.0 (Windows NT 10.0; Win64; x64) AppleWebKit/537.36 (KHTML, like Gecko) Chrome/84.0.4147.125 Safari/537.36"
::1 - - [18/Oct/2020:01:43:45 +0000] "POST /upemail HTTP/1.1" 404 147 "http://localhost:8080/" "Mozilla/5.0 (Windows NT 10.0; Win64; x64) AppleWebKit/537.36 (KHTML, like Gecko) Chrome/84.0.4147.125 Safari/537.36"
::1 - - [18/Oct/2020:01:46:37 +0000] "OPTIONS /shuserinfo HTTP/1.1" 204 0 "http://localhost:8080/" "Mozilla/5.0 (Windows NT 10.0; Win64; x64) AppleWebKit/537.36 (KHTML, like Gecko) Chrome/84.0.4147.125 Safari/537.36"
::1 - - [18/Oct/2020:01:46:38 +0000] "POST /shuserinfo HTTP/1.1" 200 183 "http://localhost:8080/" "Mozilla/5.0 (Windows NT 10.0; Win64; x64) AppleWebKit/537.36 (KHTML, like Gecko) Chrome/84.0.4147.125 Safari/537.36"
::1 - - [18/Oct/2020:01:47:03 +0000] "OPTIONS /shuserinfo HTTP/1.1" 204 0 "http://localhost:8080/" "Mozilla/5.0 (Windows NT 10.0; Win64; x64) AppleWebKit/537.36 (KHTML, like Gecko) Chrome/84.0.4147.125 Safari/537.36"
::1 - - [18/Oct/2020:01:47:03 +0000] "POST /shuserinfo HTTP/1.1" 200 183 "http://localhost:8080/" "Mozilla/5.0 (Windows NT 10.0; Win64; x64) AppleWebKit/537.36 (KHTML, like Gecko) Chrome/84.0.4147.125 Safari/537.36"
::1 - - [18/Oct/2020:01:47:05 +0000] "OPTIONS /upemail HTTP/1.1" 204 0 "http://localhost:8080/" "Mozilla/5.0 (Windows NT 10.0; Win64; x64) AppleWebKit/537.36 (KHTML, like Gecko) Chrome/84.0.4147.125 Safari/537.36"
::1 - - [18/Oct/2020:01:47:19 +0000] "OPTIONS /upemail HTTP/1.1" 204 0 "http://localhost:8080/" "Mozilla/5.0 (Windows NT 10.0; Win64; x64) AppleWebKit/537.36 (KHTML, like Gecko) Chrome/84.0.4147.125 Safari/537.36"
::1 - - [18/Oct/2020:01:50:01 +0000] "OPTIONS /upemail HTTP/1.1" 204 0 "http://localhost:8080/" "Mozilla/5.0 (Windows NT 10.0; Win64; x64) AppleWebKit/537.36 (KHTML, like Gecko) Chrome/84.0.4147.125 Safari/537.36"
::1 - - [18/Oct/2020:01:50:07 +0000] "POST /upemail HTTP/1.1" - - "http://localhost:8080/" "Mozilla/5.0 (Windows NT 10.0; Win64; x64) AppleWebKit/537.36 (KHTML, like Gecko) Chrome/84.0.4147.125 Safari/537.36"
::1 - - [18/Oct/2020:01:50:07 +0000] "POST /upemail HTTP/1.1" - - "http://localhost:8080/" "Mozilla/5.0 (Windows NT 10.0; Win64; x64) AppleWebKit/537.36 (KHTML, like Gecko) Chrome/84.0.4147.125 Safari/537.36"
::1 - - [18/Oct/2020:01:50:07 +0000] "POST /upemail HTTP/1.1" - - "http://localhost:8080/" "Mozilla/5.0 (Windows NT 10.0; Win64; x64) AppleWebKit/537.36 (KHTML, like Gecko) Chrome/84.0.4147.125 Safari/537.36"
::1 - - [18/Oct/2020:01:50:07 +0000] "POST /upemail HTTP/1.1" - - "http://localhost:8080/" "Mozilla/5.0 (Windows NT 10.0; Win64; x64) AppleWebKit/537.36 (KHTML, like Gecko) Chrome/84.0.4147.125 Safari/537.36"
::1 - - [18/Oct/2020:01:50:07 +0000] "POST /upemail HTTP/1.1" - - "http://localhost:8080/" "Mozilla/5.0 (Windows NT 10.0; Win64; x64) AppleWebKit/537.36 (KHTML, like Gecko) Chrome/84.0.4147.125 Safari/537.36"
::1 - - [18/Oct/2020:01:50:07 +0000] "POST /upemail HTTP/1.1" - - "http://localhost:8080/" "Mozilla/5.0 (Windows NT 10.0; Win64; x64) AppleWebKit/537.36 (KHTML, like Gecko) Chrome/84.0.4147.125 Safari/537.36"
::1 - - [18/Oct/2020:01:50:07 +0000] "POST /upemail HTTP/1.1" - - "http://localhost:8080/" "Mozilla/5.0 (Windows NT 10.0; Win64; x64) AppleWebKit/537.36 (KHTML, like Gecko) Chrome/84.0.4147.125 Safari/537.36"
::1 - - [18/Oct/2020:01:50:09 +0000] "OPTIONS /shuserinfo HTTP/1.1" 204 0 "http://localhost:8080/" "Mozilla/5.0 (Windows NT 10.0; Win64; x64) AppleWebKit/537.36 (KHTML, like Gecko) Chrome/84.0.4147.125 Safari/537.36"
::1 - - [18/Oct/2020:01:50:09 +0000] "OPTIONS /shuserinfo HTTP/1.1" 204 0 "http://localhost:8080/" "Mozilla/5.0 (Windows NT 10.0; Win64; x64) AppleWebKit/537.36 (KHTML, like Gecko) Chrome/84.0.4147.125 Safari/537.36"
::1 - - [18/Oct/2020:01:50:09 +0000] "POST /shuserinfo HTTP/1.1" 200 183 "http://localhost:8080/" "Mozilla/5.0 (Windows NT 10.0; Win64; x64) AppleWebKit/537.36 (KHTML, like Gecko) Chrome/84.0.4147.125 Safari/537.36"
::1 - - [18/Oct/2020:01:50:09 +0000] "POST /shuserinfo HTTP/1.1" 200 183 "http://localhost:8080/" "Mozilla/5.0 (Windows NT 10.0; Win64; x64) AppleWebKit/537.36 (KHTML, like Gecko) Chrome/84.0.4147.125 Safari/537.36"
::1 - - [18/Oct/2020:01:50:11 +0000] "OPTIONS /upemail HTTP/1.1" 204 0 "http://localhost:8080/" "Mozilla/5.0 (Windows NT 10.0; Win64; x64) AppleWebKit/537.36 (KHTML, like Gecko) Chrome/84.0.4147.125 Safari/537.36"
::1 - - [18/Oct/2020:01:54:50 +0000] "OPTIONS /shuserinfo HTTP/1.1" 204 0 "http://localhost:8080/" "Mozilla/5.0 (Windows NT 10.0; Win64; x64) AppleWebKit/537.36 (KHTML, like Gecko) Chrome/84.0.4147.125 Safari/537.36"
::1 - - [18/Oct/2020:01:54:50 +0000] "POST /shuserinfo HTTP/1.1" 200 183 "http://localhost:8080/" "Mozilla/5.0 (Windows NT 10.0; Win64; x64) AppleWebKit/537.36 (KHTML, like Gecko) Chrome/84.0.4147.125 Safari/537.36"
::1 - - [18/Oct/2020:01:57:23 +0000] "OPTIONS /shuserinfo HTTP/1.1" 204 0 "http://localhost:8080/" "Mozilla/5.0 (Windows NT 10.0; Win64; x64) AppleWebKit/537.36 (KHTML, like Gecko) Chrome/84.0.4147.125 Safari/537.36"
::1 - - [18/Oct/2020:01:57:23 +0000] "POST /shuserinfo HTTP/1.1" 200 183 "http://localhost:8080/" "Mozilla/5.0 (Windows NT 10.0; Win64; x64) AppleWebKit/537.36 (KHTML, like Gecko) Chrome/84.0.4147.125 Safari/537.36"
::1 - - [18/Oct/2020:01:57:25 +0000] "OPTIONS /upemail HTTP/1.1" 204 0 "http://localhost:8080/" "Mozilla/5.0 (Windows NT 10.0; Win64; x64) AppleWebKit/537.36 (KHTML, like Gecko) Chrome/84.0.4147.125 Safari/537.36"
::1 - - [18/Oct/2020:01:57:31 +0000] "OPTIONS /upemail HTTP/1.1" 204 0 "http://localhost:8080/" "Mozilla/5.0 (Windows NT 10.0; Win64; x64) AppleWebKit/537.36 (KHTML, like Gecko) Chrome/84.0.4147.125 Safari/537.36"
::1 - - [18/Oct/2020:01:58:21 +0000] "POST /upemail HTTP/1.1" - - "http://localhost:8080/" "Mozilla/5.0 (Windows NT 10.0; Win64; x64) AppleWebKit/537.36 (KHTML, like Gecko) Chrome/84.0.4147.125 Safari/537.36"
::1 - - [18/Oct/2020:01:58:21 +0000] "POST /upemail HTTP/1.1" - - "http://localhost:8080/" "Mozilla/5.0 (Windows NT 10.0; Win64; x64) AppleWebKit/537.36 (KHTML, like Gecko) Chrome/84.0.4147.125 Safari/537.36"
::1 - - [18/Oct/2020:01:58:21 +0000] "OPTIONS /shuserinfo HTTP/1.1" 204 0 "http://localhost:8080/" "Mozilla/5.0 (Windows NT 10.0; Win64; x64) AppleWebKit/537.36 (KHTML, like Gecko) Chrome/84.0.4147.125 Safari/537.36"
::1 - - [18/Oct/2020:01:58:21 +0000] "OPTIONS /shuserinfo HTTP/1.1" 204 0 "http://localhost:8080/" "Mozilla/5.0 (Windows NT 10.0; Win64; x64) AppleWebKit/537.36 (KHTML, like Gecko) Chrome/84.0.4147.125 Safari/537.36"
::1 - - [18/Oct/2020:01:58:21 +0000] "POST /upemail HTTP/1.1" - - "http://localhost:8080/" "Mozilla/5.0 (Windows NT 10.0; Win64; x64) AppleWebKit/537.36 (KHTML, like Gecko) Chrome/84.0.4147.125 Safari/537.36"
::1 - - [18/Oct/2020:01:58:21 +0000] "POST /upemail HTTP/1.1" - - "http://localhost:8080/" "Mozilla/5.0 (Windows NT 10.0; Win64; x64) AppleWebKit/537.36 (KHTML, like Gecko) Chrome/84.0.4147.125 Safari/537.36"
::1 - - [18/Oct/2020:01:58:21 +0000] "OPTIONS /shuserinfo HTTP/1.1" 204 0 "http://localhost:8080/" "Mozilla/5.0 (Windows NT 10.0; Win64; x64) AppleWebKit/537.36 (KHTML, like Gecko) Chrome/84.0.4147.125 Safari/537.36"
::1 - - [18/Oct/2020:01:58:21 +0000] "POST /upemail HTTP/1.1" - - "http://localhost:8080/" "Mozilla/5.0 (Windows NT 10.0; Win64; x64) AppleWebKit/537.36 (KHTML, like Gecko) Chrome/84.0.4147.125 Safari/537.36"
::1 - - [18/Oct/2020:01:58:21 +0000] "POST /upemail HTTP/1.1" - - "http://localhost:8080/" "Mozilla/5.0 (Windows NT 10.0; Win64; x64) AppleWebKit/537.36 (KHTML, like Gecko) Chrome/84.0.4147.125 Safari/537.36"
::1 - - [18/Oct/2020:01:58:23 +0000] "POST /shuserinfo HTTP/1.1" 200 183 "http://localhost:8080/" "Mozilla/5.0 (Windows NT 10.0; Win64; x64) AppleWebKit/537.36 (KHTML, like Gecko) Chrome/84.0.4147.125 Safari/537.36"
::1 - - [18/Oct/2020:01:58:23 +0000] "POST /shuserinfo HTTP/1.1" 200 183 "http://localhost:8080/" "Mozilla/5.0 (Windows NT 10.0; Win64; x64) AppleWebKit/537.36 (KHTML, like Gecko) Chrome/84.0.4147.125 Safari/537.36"
::1 - - [18/Oct/2020:01:58:25 +0000] "OPTIONS /upemail HTTP/1.1" 204 0 "http://localhost:8080/" "Mozilla/5.0 (Windows NT 10.0; Win64; x64) AppleWebKit/537.36 (KHTML, like Gecko) Chrome/84.0.4147.125 Safari/537.36"
::1 - - [18/Oct/2020:01:59:13 +0000] "OPTIONS /upemail HTTP/1.1" 204 0 "http://localhost:8080/" "Mozilla/5.0 (Windows NT 10.0; Win64; x64) AppleWebKit/537.36 (KHTML, like Gecko) Chrome/84.0.4147.125 Safari/537.36"
::1 - - [18/Oct/2020:01:59:19 +0000] "GET / HTTP/1.1" 200 1305 "-" "Mozilla/5.0 (Windows NT 10.0; Win64; x64) AppleWebKit/537.36 (KHTML, like Gecko) Chrome/84.0.4147.125 Safari/537.36"
::1 - - [18/Oct/2020:01:59:20 +0000] "GET /favicon.ico HTTP/1.1" 404 150 "http://localhost:3000/" "Mozilla/5.0 (Windows NT 10.0; Win64; x64) AppleWebKit/537.36 (KHTML, like Gecko) Chrome/84.0.4147.125 Safari/537.36"
::1 - - [18/Oct/2020:02:00:11 +0000] "OPTIONS /upemail HTTP/1.1" 204 0 "http://localhost:8080/" "Mozilla/5.0 (Windows NT 10.0; Win64; x64) AppleWebKit/537.36 (KHTML, like Gecko) Chrome/84.0.4147.125 Safari/537.36"
::1 - - [18/Oct/2020:02:01:47 +0000] "OPTIONS /shuserinfo HTTP/1.1" 204 0 "http://localhost:8080/" "Mozilla/5.0 (Windows NT 10.0; Win64; x64) AppleWebKit/537.36 (KHTML, like Gecko) Chrome/84.0.4147.125 Safari/537.36"
::1 - - [18/Oct/2020:02:01:48 +0000] "POST /shuserinfo HTTP/1.1" 200 183 "http://localhost:8080/" "Mozilla/5.0 (Windows NT 10.0; Win64; x64) AppleWebKit/537.36 (KHTML, like Gecko) Chrome/84.0.4147.125 Safari/537.36"
::1 - - [18/Oct/2020:02:01:49 +0000] "OPTIONS /upemail HTTP/1.1" 204 0 "http://localhost:8080/" "Mozilla/5.0 (Windows NT 10.0; Win64; x64) AppleWebKit/537.36 (KHTML, like Gecko) Chrome/84.0.4147.125 Safari/537.36"
::1 - - [18/Oct/2020:02:07:07 +0000] "OPTIONS /upemail HTTP/1.1" 204 0 "http://localhost:8080/" "Mozilla/5.0 (Windows NT 10.0; Win64; x64) AppleWebKit/537.36 (KHTML, like Gecko) Chrome/84.0.4147.125 Safari/537.36"
::1 - - [18/Oct/2020:02:07:18 +0000] "OPTIONS /upemail HTTP/1.1" 204 0 "http://localhost:8080/" "Mozilla/5.0 (Windows NT 10.0; Win64; x64) AppleWebKit/537.36 (KHTML, like Gecko) Chrome/84.0.4147.125 Safari/537.36"
::1 - - [18/Oct/2020:02:07:25 +0000] "POST /upemail HTTP/1.1" - - "http://localhost:8080/" "Mozilla/5.0 (Windows NT 10.0; Win64; x64) AppleWebKit/537.36 (KHTML, like Gecko) Chrome/84.0.4147.125 Safari/537.36"
::1 - - [18/Oct/2020:02:07:25 +0000] "POST /upemail HTTP/1.1" - - "http://localhost:8080/" "Mozilla/5.0 (Windows NT 10.0; Win64; x64) AppleWebKit/537.36 (KHTML, like Gecko) Chrome/84.0.4147.125 Safari/537.36"
::1 - - [18/Oct/2020:02:07:27 +0000] "OPTIONS /shuserinfo HTTP/1.1" 204 0 "http://localhost:8080/" "Mozilla/5.0 (Windows NT 10.0; Win64; x64) AppleWebKit/537.36 (KHTML, like Gecko) Chrome/84.0.4147.125 Safari/537.36"
::1 - - [18/Oct/2020:02:07:27 +0000] "OPTIONS /shuserinfo HTTP/1.1" 204 0 "http://localhost:8080/" "Mozilla/5.0 (Windows NT 10.0; Win64; x64) AppleWebKit/537.36 (KHTML, like Gecko) Chrome/84.0.4147.125 Safari/537.36"
::1 - - [18/Oct/2020:02:07:28 +0000] "POST /shuserinfo HTTP/1.1" 200 183 "http://localhost:8080/" "Mozilla/5.0 (Windows NT 10.0; Win64; x64) AppleWebKit/537.36 (KHTML, like Gecko) Chrome/84.0.4147.125 Safari/537.36"
::1 - - [18/Oct/2020:02:07:28 +0000] "POST /shuserinfo HTTP/1.1" 200 183 "http://localhost:8080/" "Mozilla/5.0 (Windows NT 10.0; Win64; x64) AppleWebKit/537.36 (KHTML, like Gecko) Chrome/84.0.4147.125 Safari/537.36"
::1 - - [18/Oct/2020:02:09:01 +0000] "OPTIONS /upemail HTTP/1.1" 204 0 "http://localhost:8080/" "Mozilla/5.0 (Windows NT 10.0; Win64; x64) AppleWebKit/537.36 (KHTML, like Gecko) Chrome/84.0.4147.125 Safari/537.36"
::1 - - [18/Oct/2020:02:09:08 +0000] "OPTIONS /upemail HTTP/1.1" 204 0 "http://localhost:8080/" "Mozilla/5.0 (Windows NT 10.0; Win64; x64) AppleWebKit/537.36 (KHTML, like Gecko) Chrome/84.0.4147.125 Safari/537.36"
::1 - - [18/Oct/2020:02:10:33 +0000] "OPTIONS /upemail HTTP/1.1" 204 0 "http://localhost:8080/" "Mozilla/5.0 (Windows NT 10.0; Win64; x64) AppleWebKit/537.36 (KHTML, like Gecko) Chrome/84.0.4147.125 Safari/537.36"
::1 - - [18/Oct/2020:02:14:08 +0000] "OPTIONS /upemail HTTP/1.1" 204 0 "http://localhost:8080/" "Mozilla/5.0 (Windows NT 10.0; Win64; x64) AppleWebKit/537.36 (KHTML, like Gecko) Chrome/84.0.4147.125 Safari/537.36"
::ffff:127.0.0.1 - - [18/Oct/2020:02:15:17 +0000] "OPTIONS /upemail HTTP/1.1" 204 0 "http://localhost:8080/" "Mozilla/5.0 (Windows NT 10.0; Win64; x64) AppleWebKit/537.36 (KHTML, like Gecko) Chrome/84.0.4147.125 Safari/537.36"
::1 - - [18/Oct/2020:02:15:36 +0000] "OPTIONS /upemail HTTP/1.1" 204 0 "http://localhost:8080/" "Mozilla/5.0 (Windows NT 10.0; Win64; x64) AppleWebKit/537.36 (KHTML, like Gecko) Chrome/84.0.4147.125 Safari/537.36"
::1 - - [18/Oct/2020:02:17:22 +0000] "OPTIONS /upemail HTTP/1.1" 204 0 "http://localhost:8080/" "Mozilla/5.0 (Windows NT 10.0; Win64; x64) AppleWebKit/537.36 (KHTML, like Gecko) Chrome/84.0.4147.125 Safari/537.36"
::1 - - [18/Oct/2020:02:19:24 +0000] "GET / HTTP/1.1" 200 141 "-" "Mozilla/5.0 (Windows NT 10.0; Win64; x64) AppleWebKit/537.36 (KHTML, like Gecko) Chrome/84.0.4147.125 Safari/537.36"
::1 - - [18/Oct/2020:02:20:14 +0000] "OPTIONS /upemail HTTP/1.1" 204 0 "http://localhost:8080/" "Mozilla/5.0 (Windows NT 10.0; Win64; x64) AppleWebKit/537.36 (KHTML, like Gecko) Chrome/84.0.4147.125 Safari/537.36"
::ffff:127.0.0.1 - - [18/Oct/2020:02:20:38 +0000] "OPTIONS /upemail HTTP/1.1" 204 0 "http://localhost:8080/" "Mozilla/5.0 (Windows NT 10.0; Win64; x64) AppleWebKit/537.36 (KHTML, like Gecko) Chrome/84.0.4147.125 Safari/537.36"
::1 - - [18/Oct/2020:02:21:05 +0000] "OPTIONS /upemail HTTP/1.1" 204 0 "http://localhost:8080/" "Mozilla/5.0 (Windows NT 10.0; Win64; x64) AppleWebKit/537.36 (KHTML, like Gecko) Chrome/84.0.4147.125 Safari/537.36"
::ffff:127.0.0.1 - - [18/Oct/2020:02:21:45 +0000] "OPTIONS /upemail HTTP/1.1" 204 0 "http://localhost:8080/" "Mozilla/5.0 (Windows NT 10.0; Win64; x64) AppleWebKit/537.36 (KHTML, like Gecko) Chrome/84.0.4147.125 Safari/537.36"
::1 - - [18/Oct/2020:02:24:48 +0000] "OPTIONS /shuserinfo HTTP/1.1" 204 0 "http://localhost:8080/" "Mozilla/5.0 (Windows NT 10.0; Win64; x64) AppleWebKit/537.36 (KHTML, like Gecko) Chrome/84.0.4147.125 Safari/537.36"
::1 - - [18/Oct/2020:02:24:49 +0000] "POST /shuserinfo HTTP/1.1" 200 183 "http://localhost:8080/" "Mozilla/5.0 (Windows NT 10.0; Win64; x64) AppleWebKit/537.36 (KHTML, like Gecko) Chrome/84.0.4147.125 Safari/537.36"
::1 - - [18/Oct/2020:02:25:00 +0000] "OPTIONS /upuserinfo HTTP/1.1" 204 0 "http://localhost:8080/" "Mozilla/5.0 (Windows NT 10.0; Win64; x64) AppleWebKit/537.36 (KHTML, like Gecko) Chrome/84.0.4147.125 Safari/537.36"
::1 - - [18/Oct/2020:02:25:00 +0000] "POST /upuserinfo HTTP/1.1" 200 45 "http://localhost:8080/" "Mozilla/5.0 (Windows NT 10.0; Win64; x64) AppleWebKit/537.36 (KHTML, like Gecko) Chrome/84.0.4147.125 Safari/537.36"
::1 - - [18/Oct/2020:02:25:04 +0000] "POST /upemail HTTP/1.1" - - "http://localhost:8080/" "Mozilla/5.0 (Windows NT 10.0; Win64; x64) AppleWebKit/537.36 (KHTML, like Gecko) Chrome/84.0.4147.125 Safari/537.36"
::1 - - [18/Oct/2020:02:25:06 +0000] "OPTIONS /shuserinfo HTTP/1.1" 204 0 "http://localhost:8080/" "Mozilla/5.0 (Windows NT 10.0; Win64; x64) AppleWebKit/537.36 (KHTML, like Gecko) Chrome/84.0.4147.125 Safari/537.36"
::1 - - [18/Oct/2020:02:25:06 +0000] "OPTIONS /shuserinfo HTTP/1.1" 204 0 "http://localhost:8080/" "Mozilla/5.0 (Windows NT 10.0; Win64; x64) AppleWebKit/537.36 (KHTML, like Gecko) Chrome/84.0.4147.125 Safari/537.36"
::1 - - [18/Oct/2020:02:25:06 +0000] "POST /shuserinfo HTTP/1.1" 200 207 "http://localhost:8080/" "Mozilla/5.0 (Windows NT 10.0; Win64; x64) AppleWebKit/537.36 (KHTML, like Gecko) Chrome/84.0.4147.125 Safari/537.36"
::1 - - [18/Oct/2020:02:25:06 +0000] "POST /shuserinfo HTTP/1.1" 200 207 "http://localhost:8080/" "Mozilla/5.0 (Windows NT 10.0; Win64; x64) AppleWebKit/537.36 (KHTML, like Gecko) Chrome/84.0.4147.125 Safari/537.36"
::1 - - [18/Oct/2020:02:32:07 +0000] "OPTIONS /upemail HTTP/1.1" 204 0 "http://localhost:8080/" "Mozilla/5.0 (Windows NT 10.0; Win64; x64) AppleWebKit/537.36 (KHTML, like Gecko) Chrome/84.0.4147.125 Safari/537.36"
::ffff:127.0.0.1 - - [18/Oct/2020:02:32:27 +0000] "OPTIONS /upemail HTTP/1.1" 204 0 "http://localhost:8080/" "Mozilla/5.0 (Windows NT 10.0; Win64; x64) AppleWebKit/537.36 (KHTML, like Gecko) Chrome/84.0.4147.125 Safari/537.36"
::ffff:127.0.0.1 - - [18/Oct/2020:02:32:38 +0000] "OPTIONS /upemail HTTP/1.1" 204 0 "http://localhost:8080/" "Mozilla/5.0 (Windows NT 10.0; Win64; x64) AppleWebKit/537.36 (KHTML, like Gecko) Chrome/84.0.4147.125 Safari/537.36"
::1 - - [18/Oct/2020:02:33:53 +0000] "OPTIONS /upemail HTTP/1.1" 204 0 "http://localhost:8080/" "Mozilla/5.0 (Windows NT 10.0; Win64; x64) AppleWebKit/537.36 (KHTML, like Gecko) Chrome/84.0.4147.125 Safari/537.36"
::1 - - [18/Oct/2020:02:33:53 +0000] "POST /upemail HTTP/1.1" 200 45 "http://localhost:8080/" "Mozilla/5.0 (Windows NT 10.0; Win64; x64) AppleWebKit/537.36 (KHTML, like Gecko) Chrome/84.0.4147.125 Safari/537.36"
::1 - - [18/Oct/2020:02:34:04 +0000] "GET / HTTP/1.1" 200 1326 "-" "Mozilla/5.0 (Windows NT 10.0; Win64; x64) AppleWebKit/537.36 (KHTML, like Gecko) Chrome/84.0.4147.125 Safari/537.36"
::1 - - [18/Oct/2020:02:34:59 +0000] "OPTIONS /shuserinfo HTTP/1.1" 204 0 "http://localhost:8080/" "Mozilla/5.0 (Windows NT 10.0; Win64; x64) AppleWebKit/537.36 (KHTML, like Gecko) Chrome/84.0.4147.125 Safari/537.36"
::1 - - [18/Oct/2020:02:34:59 +0000] "POST /shuserinfo HTTP/1.1" 200 204 "http://localhost:8080/" "Mozilla/5.0 (Windows NT 10.0; Win64; x64) AppleWebKit/537.36 (KHTML, like Gecko) Chrome/84.0.4147.125 Safari/537.36"
::1 - - [18/Oct/2020:02:35:06 +0000] "OPTIONS /shuserinfo HTTP/1.1" 204 0 "http://localhost:8080/" "Mozilla/5.0 (Windows NT 10.0; Win64; x64) AppleWebKit/537.36 (KHTML, like Gecko) Chrome/84.0.4147.125 Safari/537.36"
::1 - - [18/Oct/2020:02:35:06 +0000] "OPTIONS /shuserinfo HTTP/1.1" 204 0 "http://localhost:8080/" "Mozilla/5.0 (Windows NT 10.0; Win64; x64) AppleWebKit/537.36 (KHTML, like Gecko) Chrome/84.0.4147.125 Safari/537.36"
::1 - - [18/Oct/2020:02:35:06 +0000] "POST /shuserinfo HTTP/1.1" 200 204 "http://localhost:8080/" "Mozilla/5.0 (Windows NT 10.0; Win64; x64) AppleWebKit/537.36 (KHTML, like Gecko) Chrome/84.0.4147.125 Safari/537.36"
::1 - - [18/Oct/2020:02:35:06 +0000] "POST /shuserinfo HTTP/1.1" 200 204 "http://localhost:8080/" "Mozilla/5.0 (Windows NT 10.0; Win64; x64) AppleWebKit/537.36 (KHTML, like Gecko) Chrome/84.0.4147.125 Safari/537.36"
::1 - - [18/Oct/2020:02:35:08 +0000] "OPTIONS /upemail HTTP/1.1" 204 0 "http://localhost:8080/" "Mozilla/5.0 (Windows NT 10.0; Win64; x64) AppleWebKit/537.36 (KHTML, like Gecko) Chrome/84.0.4147.125 Safari/537.36"
::1 - - [18/Oct/2020:02:35:08 +0000] "POST /upemail HTTP/1.1" 200 63 "http://localhost:8080/" "Mozilla/5.0 (Windows NT 10.0; Win64; x64) AppleWebKit/537.36 (KHTML, like Gecko) Chrome/84.0.4147.125 Safari/537.36"
::1 - - [18/Oct/2020:02:35:19 +0000] "OPTIONS /upemail HTTP/1.1" 204 0 "http://localhost:8080/" "Mozilla/5.0 (Windows NT 10.0; Win64; x64) AppleWebKit/537.36 (KHTML, like Gecko) Chrome/84.0.4147.125 Safari/537.36"
::1 - - [18/Oct/2020:02:35:19 +0000] "POST /upemail HTTP/1.1" 200 45 "http://localhost:8080/" "Mozilla/5.0 (Windows NT 10.0; Win64; x64) AppleWebKit/537.36 (KHTML, like Gecko) Chrome/84.0.4147.125 Safari/537.36"
::1 - - [18/Oct/2020:02:37:00 +0000] "OPTIONS /shuserinfo HTTP/1.1" 204 0 "http://localhost:8080/" "Mozilla/5.0 (Windows NT 10.0; Win64; x64) AppleWebKit/537.36 (KHTML, like Gecko) Chrome/84.0.4147.125 Safari/537.36"
::1 - - [18/Oct/2020:02:37:00 +0000] "POST /shuserinfo HTTP/1.1" 200 207 "http://localhost:8080/" "Mozilla/5.0 (Windows NT 10.0; Win64; x64) AppleWebKit/537.36 (KHTML, like Gecko) Chrome/84.0.4147.125 Safari/537.36"
::1 - - [18/Oct/2020:02:47:04 +0000] "OPTIONS /shuserinfo HTTP/1.1" 204 0 "http://localhost:8080/" "Mozilla/5.0 (Windows NT 10.0; Win64; x64) AppleWebKit/537.36 (KHTML, like Gecko) Chrome/84.0.4147.125 Safari/537.36"
::1 - - [18/Oct/2020:02:47:05 +0000] "POST /shuserinfo HTTP/1.1" 200 207 "http://localhost:8080/" "Mozilla/5.0 (Windows NT 10.0; Win64; x64) AppleWebKit/537.36 (KHTML, like Gecko) Chrome/84.0.4147.125 Safari/537.36"
::1 - - [18/Oct/2020:02:52:50 +0000] "OPTIONS /shuserinfo HTTP/1.1" 204 0 "http://localhost:8080/" "Mozilla/5.0 (Windows NT 10.0; Win64; x64) AppleWebKit/537.36 (KHTML, like Gecko) Chrome/84.0.4147.125 Safari/537.36"
::1 - - [18/Oct/2020:02:52:50 +0000] "POST /shuserinfo HTTP/1.1" 200 207 "http://localhost:8080/" "Mozilla/5.0 (Windows NT 10.0; Win64; x64) AppleWebKit/537.36 (KHTML, like Gecko) Chrome/84.0.4147.125 Safari/537.36"
::1 - - [18/Oct/2020:02:53:05 +0000] "OPTIONS /uppwd HTTP/1.1" 204 0 "http://localhost:8080/" "Mozilla/5.0 (Windows NT 10.0; Win64; x64) AppleWebKit/537.36 (KHTML, like Gecko) Chrome/84.0.4147.125 Safari/537.36"
::1 - - [18/Oct/2020:02:53:05 +0000] "POST /uppwd HTTP/1.1" 200 45 "http://localhost:8080/" "Mozilla/5.0 (Windows NT 10.0; Win64; x64) AppleWebKit/537.36 (KHTML, like Gecko) Chrome/84.0.4147.125 Safari/537.36"
::1 - - [18/Oct/2020:02:53:11 +0000] "OPTIONS /uppwd HTTP/1.1" 204 0 "http://localhost:8080/" "Mozilla/5.0 (Windows NT 10.0; Win64; x64) AppleWebKit/537.36 (KHTML, like Gecko) Chrome/84.0.4147.125 Safari/537.36"
::1 - - [18/Oct/2020:02:53:11 +0000] "POST /uppwd HTTP/1.1" 200 45 "http://localhost:8080/" "Mozilla/5.0 (Windows NT 10.0; Win64; x64) AppleWebKit/537.36 (KHTML, like Gecko) Chrome/84.0.4147.125 Safari/537.36"
::1 - - [18/Oct/2020:02:53:18 +0000] "OPTIONS /uppwd HTTP/1.1" 204 0 "http://localhost:8080/" "Mozilla/5.0 (Windows NT 10.0; Win64; x64) AppleWebKit/537.36 (KHTML, like Gecko) Chrome/84.0.4147.125 Safari/537.36"
::1 - - [18/Oct/2020:02:53:18 +0000] "POST /uppwd HTTP/1.1" 200 45 "http://localhost:8080/" "Mozilla/5.0 (Windows NT 10.0; Win64; x64) AppleWebKit/537.36 (KHTML, like Gecko) Chrome/84.0.4147.125 Safari/537.36"
::1 - - [18/Oct/2020:02:53:28 +0000] "OPTIONS /uppwd HTTP/1.1" 204 0 "http://localhost:8080/" "Mozilla/5.0 (Windows NT 10.0; Win64; x64) AppleWebKit/537.36 (KHTML, like Gecko) Chrome/84.0.4147.125 Safari/537.36"
::1 - - [18/Oct/2020:02:53:28 +0000] "POST /uppwd HTTP/1.1" 200 45 "http://localhost:8080/" "Mozilla/5.0 (Windows NT 10.0; Win64; x64) AppleWebKit/537.36 (KHTML, like Gecko) Chrome/84.0.4147.125 Safari/537.36"
::1 - - [18/Oct/2020:02:53:37 +0000] "GET / HTTP/1.1" 200 1329 "-" "Mozilla/5.0 (Windows NT 10.0; Win64; x64) AppleWebKit/537.36 (KHTML, like Gecko) Chrome/84.0.4147.125 Safari/537.36"
::1 - - [18/Oct/2020:02:54:48 +0000] "OPTIONS /uppwd HTTP/1.1" 204 0 "http://localhost:8080/" "Mozilla/5.0 (Windows NT 10.0; Win64; x64) AppleWebKit/537.36 (KHTML, like Gecko) Chrome/84.0.4147.125 Safari/537.36"
::1 - - [18/Oct/2020:02:54:48 +0000] "POST /uppwd HTTP/1.1" 200 45 "http://localhost:8080/" "Mozilla/5.0 (Windows NT 10.0; Win64; x64) AppleWebKit/537.36 (KHTML, like Gecko) Chrome/84.0.4147.125 Safari/537.36"
::1 - - [18/Oct/2020:02:55:17 +0000] "OPTIONS /uppwd HTTP/1.1" 204 0 "http://localhost:8080/" "Mozilla/5.0 (Windows NT 10.0; Win64; x64) AppleWebKit/537.36 (KHTML, like Gecko) Chrome/84.0.4147.125 Safari/537.36"
::1 - - [18/Oct/2020:02:55:18 +0000] "POST /uppwd HTTP/1.1" 200 45 "http://localhost:8080/" "Mozilla/5.0 (Windows NT 10.0; Win64; x64) AppleWebKit/537.36 (KHTML, like Gecko) Chrome/84.0.4147.125 Safari/537.36"
::1 - - [18/Oct/2020:02:56:30 +0000] "OPTIONS /uppwd HTTP/1.1" 204 0 "http://localhost:8080/" "Mozilla/5.0 (Windows NT 10.0; Win64; x64) AppleWebKit/537.36 (KHTML, like Gecko) Chrome/84.0.4147.125 Safari/537.36"
::1 - - [18/Oct/2020:02:56:31 +0000] "POST /uppwd HTTP/1.1" 200 45 "http://localhost:8080/" "Mozilla/5.0 (Windows NT 10.0; Win64; x64) AppleWebKit/537.36 (KHTML, like Gecko) Chrome/84.0.4147.125 Safari/537.36"
::1 - - [18/Oct/2020:02:57:24 +0000] "OPTIONS /shuserinfo HTTP/1.1" 204 0 "http://localhost:8080/" "Mozilla/5.0 (Windows NT 10.0; Win64; x64) AppleWebKit/537.36 (KHTML, like Gecko) Chrome/84.0.4147.125 Safari/537.36"
::1 - - [18/Oct/2020:02:57:24 +0000] "POST /shuserinfo HTTP/1.1" 200 207 "http://localhost:8080/" "Mozilla/5.0 (Windows NT 10.0; Win64; x64) AppleWebKit/537.36 (KHTML, like Gecko) Chrome/84.0.4147.125 Safari/537.36"
::1 - - [18/Oct/2020:02:58:02 +0000] "OPTIONS /uppwd HTTP/1.1" 204 0 "http://localhost:8080/" "Mozilla/5.0 (Windows NT 10.0; Win64; x64) AppleWebKit/537.36 (KHTML, like Gecko) Chrome/84.0.4147.125 Safari/537.36"
::1 - - [18/Oct/2020:02:58:02 +0000] "POST /uppwd HTTP/1.1" 200 39 "http://localhost:8080/" "Mozilla/5.0 (Windows NT 10.0; Win64; x64) AppleWebKit/537.36 (KHTML, like Gecko) Chrome/84.0.4147.125 Safari/537.36"
::1 - - [18/Oct/2020:02:58:07 +0000] "OPTIONS /uppwd HTTP/1.1" 204 0 "http://localhost:8080/" "Mozilla/5.0 (Windows NT 10.0; Win64; x64) AppleWebKit/537.36 (KHTML, like Gecko) Chrome/84.0.4147.125 Safari/537.36"
::1 - - [18/Oct/2020:02:58:07 +0000] "POST /uppwd HTTP/1.1" 200 39 "http://localhost:8080/" "Mozilla/5.0 (Windows NT 10.0; Win64; x64) AppleWebKit/537.36 (KHTML, like Gecko) Chrome/84.0.4147.125 Safari/537.36"
::1 - - [18/Oct/2020:02:58:09 +0000] "GET / HTTP/1.1" 200 1330 "-" "Mozilla/5.0 (Windows NT 10.0; Win64; x64) AppleWebKit/537.36 (KHTML, like Gecko) Chrome/84.0.4147.125 Safari/537.36"
::1 - - [18/Oct/2020:02:58:22 +0000] "OPTIONS /uppwd HTTP/1.1" 204 0 "http://localhost:8080/" "Mozilla/5.0 (Windows NT 10.0; Win64; x64) AppleWebKit/537.36 (KHTML, like Gecko) Chrome/84.0.4147.125 Safari/537.36"
::1 - - [18/Oct/2020:02:58:22 +0000] "POST /uppwd HTTP/1.1" 200 45 "http://localhost:8080/" "Mozilla/5.0 (Windows NT 10.0; Win64; x64) AppleWebKit/537.36 (KHTML, like Gecko) Chrome/84.0.4147.125 Safari/537.36"
::1 - - [18/Oct/2020:02:58:25 +0000] "POST /uppwd HTTP/1.1" 200 39 "http://localhost:8080/" "Mozilla/5.0 (Windows NT 10.0; Win64; x64) AppleWebKit/537.36 (KHTML, like Gecko) Chrome/84.0.4147.125 Safari/537.36"
::1 - - [18/Oct/2020:02:58:44 +0000] "OPTIONS /shuserinfo HTTP/1.1" 204 0 "http://localhost:8080/" "Mozilla/5.0 (Windows NT 10.0; Win64; x64) AppleWebKit/537.36 (KHTML, like Gecko) Chrome/84.0.4147.125 Safari/537.36"
::1 - - [18/Oct/2020:02:58:44 +0000] "POST /shuserinfo HTTP/1.1" 200 207 "http://localhost:8080/" "Mozilla/5.0 (Windows NT 10.0; Win64; x64) AppleWebKit/537.36 (KHTML, like Gecko) Chrome/84.0.4147.125 Safari/537.36"
::1 - - [18/Oct/2020:03:25:35 +0000] "OPTIONS /deluser HTTP/1.1" 204 0 "http://localhost:8080/" "Mozilla/5.0 (Windows NT 10.0; Win64; x64) AppleWebKit/537.36 (KHTML, like Gecko) Chrome/84.0.4147.125 Safari/537.36"
::1 - - [18/Oct/2020:03:25:36 +0000] "POST /deluser HTTP/1.1" 200 39 "http://localhost:8080/" "Mozilla/5.0 (Windows NT 10.0; Win64; x64) AppleWebKit/537.36 (KHTML, like Gecko) Chrome/84.0.4147.125 Safari/537.36"
::1 - - [18/Oct/2020:03:26:06 +0000] "OPTIONS /shuserinfo HTTP/1.1" 204 0 "http://localhost:8080/" "Mozilla/5.0 (Windows NT 10.0; Win64; x64) AppleWebKit/537.36 (KHTML, like Gecko) Chrome/84.0.4147.125 Safari/537.36"
::1 - - [18/Oct/2020:03:26:06 +0000] "POST /shuserinfo HTTP/1.1" 200 45 "http://localhost:8080/" "Mozilla/5.0 (Windows NT 10.0; Win64; x64) AppleWebKit/537.36 (KHTML, like Gecko) Chrome/84.0.4147.125 Safari/537.36"
::1 - - [18/Oct/2020:03:26:09 +0000] "OPTIONS /deluser HTTP/1.1" 204 0 "http://localhost:8080/" "Mozilla/5.0 (Windows NT 10.0; Win64; x64) AppleWebKit/537.36 (KHTML, like Gecko) Chrome/84.0.4147.125 Safari/537.36"
::1 - - [18/Oct/2020:03:26:09 +0000] "POST /deluser HTTP/1.1" 200 39 "http://localhost:8080/" "Mozilla/5.0 (Windows NT 10.0; Win64; x64) AppleWebKit/537.36 (KHTML, like Gecko) Chrome/84.0.4147.125 Safari/537.36"
::1 - - [18/Oct/2020:03:26:13 +0000] "OPTIONS /shuserinfo HTTP/1.1" 204 0 "http://localhost:8080/" "Mozilla/5.0 (Windows NT 10.0; Win64; x64) AppleWebKit/537.36 (KHTML, like Gecko) Chrome/84.0.4147.125 Safari/537.36"
::1 - - [18/Oct/2020:03:26:13 +0000] "POST /shuserinfo HTTP/1.1" 200 45 "http://localhost:8080/" "Mozilla/5.0 (Windows NT 10.0; Win64; x64) AppleWebKit/537.36 (KHTML, like Gecko) Chrome/84.0.4147.125 Safari/537.36"
::1 - - [18/Oct/2020:03:26:14 +0000] "POST /shuserinfo HTTP/1.1" 200 45 "http://localhost:8080/" "Mozilla/5.0 (Windows NT 10.0; Win64; x64) AppleWebKit/537.36 (KHTML, like Gecko) Chrome/84.0.4147.125 Safari/537.36"
::1 - - [18/Oct/2020:03:26:16 +0000] "POST /shuserinfo HTTP/1.1" 200 45 "http://localhost:8080/" "Mozilla/5.0 (Windows NT 10.0; Win64; x64) AppleWebKit/537.36 (KHTML, like Gecko) Chrome/84.0.4147.125 Safari/537.36"
::1 - - [18/Oct/2020:03:26:53 +0000] "OPTIONS /shuserinfo HTTP/1.1" 204 0 "http://localhost:8080/" "Mozilla/5.0 (Windows NT 10.0; Win64; x64) AppleWebKit/537.36 (KHTML, like Gecko) Chrome/84.0.4147.125 Safari/537.36"
::1 - - [18/Oct/2020:03:26:53 +0000] "POST /shuserinfo HTTP/1.1" 200 45 "http://localhost:8080/" "Mozilla/5.0 (Windows NT 10.0; Win64; x64) AppleWebKit/537.36 (KHTML, like Gecko) Chrome/84.0.4147.125 Safari/537.36"
::1 - - [18/Oct/2020:03:27:00 +0000] "OPTIONS /deluser HTTP/1.1" 204 0 "http://localhost:8080/" "Mozilla/5.0 (Windows NT 10.0; Win64; x64) AppleWebKit/537.36 (KHTML, like Gecko) Chrome/84.0.4147.125 Safari/537.36"
::1 - - [18/Oct/2020:03:27:00 +0000] "POST /deluser HTTP/1.1" 200 39 "http://localhost:8080/" "Mozilla/5.0 (Windows NT 10.0; Win64; x64) AppleWebKit/537.36 (KHTML, like Gecko) Chrome/84.0.4147.125 Safari/537.36"
::1 - - [18/Oct/2020:03:27:16 +0000] "OPTIONS /shuserinfo HTTP/1.1" 204 0 "http://localhost:8080/" "Mozilla/5.0 (Windows NT 10.0; Win64; x64) AppleWebKit/537.36 (KHTML, like Gecko) Chrome/84.0.4147.125 Safari/537.36"
::1 - - [18/Oct/2020:03:27:16 +0000] "POST /shuserinfo HTTP/1.1" 200 45 "http://localhost:8080/" "Mozilla/5.0 (Windows NT 10.0; Win64; x64) AppleWebKit/537.36 (KHTML, like Gecko) Chrome/84.0.4147.125 Safari/537.36"
::1 - - [18/Oct/2020:03:27:18 +0000] "POST /shuserinfo HTTP/1.1" 200 45 "http://localhost:8080/" "Mozilla/5.0 (Windows NT 10.0; Win64; x64) AppleWebKit/537.36 (KHTML, like Gecko) Chrome/84.0.4147.125 Safari/537.36"
::1 - - [18/Oct/2020:03:27:21 +0000] "GET / HTTP/1.1" 200 1174 "-" "Mozilla/5.0 (Windows NT 10.0; Win64; x64) AppleWebKit/537.36 (KHTML, like Gecko) Chrome/84.0.4147.125 Safari/537.36"
::1 - - [18/Oct/2020:03:27:40 +0000] "OPTIONS /shuserinfo HTTP/1.1" 204 0 "http://localhost:8080/" "Mozilla/5.0 (Windows NT 10.0; Win64; x64) AppleWebKit/537.36 (KHTML, like Gecko) Chrome/84.0.4147.125 Safari/537.36"
::1 - - [18/Oct/2020:03:27:41 +0000] "POST /shuserinfo HTTP/1.1" 200 45 "http://localhost:8080/" "Mozilla/5.0 (Windows NT 10.0; Win64; x64) AppleWebKit/537.36 (KHTML, like Gecko) Chrome/84.0.4147.125 Safari/537.36"
::1 - - [18/Oct/2020:03:27:46 +0000] "OPTIONS /deluser HTTP/1.1" 204 0 "http://localhost:8080/" "Mozilla/5.0 (Windows NT 10.0; Win64; x64) AppleWebKit/537.36 (KHTML, like Gecko) Chrome/84.0.4147.125 Safari/537.36"
::1 - - [18/Oct/2020:03:27:46 +0000] "POST /deluser HTTP/1.1" 200 39 "http://localhost:8080/" "Mozilla/5.0 (Windows NT 10.0; Win64; x64) AppleWebKit/537.36 (KHTML, like Gecko) Chrome/84.0.4147.125 Safari/537.36"
::1 - - [18/Oct/2020:03:27:59 +0000] "OPTIONS /login HTTP/1.1" 204 0 "http://localhost:8080/" "Mozilla/5.0 (Windows NT 10.0; Win64; x64) AppleWebKit/537.36 (KHTML, like Gecko) Chrome/84.0.4147.125 Safari/537.36"
::1 - - [18/Oct/2020:03:27:59 +0000] "POST /login HTTP/1.1" 200 54 "http://localhost:8080/" "Mozilla/5.0 (Windows NT 10.0; Win64; x64) AppleWebKit/537.36 (KHTML, like Gecko) Chrome/84.0.4147.125 Safari/537.36"
::1 - - [18/Oct/2020:03:28:12 +0000] "OPTIONS /shuserinfo HTTP/1.1" 204 0 "http://localhost:8080/" "Mozilla/5.0 (Windows NT 10.0; Win64; x64) AppleWebKit/537.36 (KHTML, like Gecko) Chrome/84.0.4147.125 Safari/537.36"
::1 - - [18/Oct/2020:03:28:12 +0000] "POST /shuserinfo HTTP/1.1" 200 45 "http://localhost:8080/" "Mozilla/5.0 (Windows NT 10.0; Win64; x64) AppleWebKit/537.36 (KHTML, like Gecko) Chrome/84.0.4147.125 Safari/537.36"
::1 - - [18/Oct/2020:03:29:28 +0000] "OPTIONS /shuserinfo HTTP/1.1" 204 0 "http://localhost:8080/" "Mozilla/5.0 (Windows NT 10.0; Win64; x64) AppleWebKit/537.36 (KHTML, like Gecko) Chrome/84.0.4147.125 Safari/537.36"
::1 - - [18/Oct/2020:03:29:28 +0000] "POST /shuserinfo HTTP/1.1" 200 45 "http://localhost:8080/" "Mozilla/5.0 (Windows NT 10.0; Win64; x64) AppleWebKit/537.36 (KHTML, like Gecko) Chrome/84.0.4147.125 Safari/537.36"
::1 - - [18/Oct/2020:03:29:30 +0000] "OPTIONS /deluser HTTP/1.1" 204 0 "http://localhost:8080/" "Mozilla/5.0 (Windows NT 10.0; Win64; x64) AppleWebKit/537.36 (KHTML, like Gecko) Chrome/84.0.4147.125 Safari/537.36"
::1 - - [18/Oct/2020:03:29:30 +0000] "POST /deluser HTTP/1.1" 200 39 "http://localhost:8080/" "Mozilla/5.0 (Windows NT 10.0; Win64; x64) AppleWebKit/537.36 (KHTML, like Gecko) Chrome/84.0.4147.125 Safari/537.36"
::1 - - [18/Oct/2020:03:29:49 +0000] "OPTIONS /shuserinfo HTTP/1.1" 204 0 "http://localhost:8080/" "Mozilla/5.0 (Windows NT 10.0; Win64; x64) AppleWebKit/537.36 (KHTML, like Gecko) Chrome/84.0.4147.125 Safari/537.36"
::1 - - [18/Oct/2020:03:29:49 +0000] "OPTIONS /shuserinfo HTTP/1.1" 204 0 "http://localhost:8080/" "Mozilla/5.0 (Windows NT 10.0; Win64; x64) AppleWebKit/537.36 (KHTML, like Gecko) Chrome/84.0.4147.125 Safari/537.36"
::1 - - [18/Oct/2020:03:29:49 +0000] "POST /shuserinfo HTTP/1.1" 200 45 "http://localhost:8080/" "Mozilla/5.0 (Windows NT 10.0; Win64; x64) AppleWebKit/537.36 (KHTML, like Gecko) Chrome/84.0.4147.125 Safari/537.36"
::1 - - [18/Oct/2020:03:29:49 +0000] "POST /shuserinfo HTTP/1.1" 200 45 "http://localhost:8080/" "Mozilla/5.0 (Windows NT 10.0; Win64; x64) AppleWebKit/537.36 (KHTML, like Gecko) Chrome/84.0.4147.125 Safari/537.36"
::1 - - [18/Oct/2020:03:29:53 +0000] "POST /shuserinfo HTTP/1.1" 200 45 "http://localhost:8080/" "Mozilla/5.0 (Windows NT 10.0; Win64; x64) AppleWebKit/537.36 (KHTML, like Gecko) Chrome/84.0.4147.125 Safari/537.36"
::1 - - [18/Oct/2020:03:29:54 +0000] "POST /shuserinfo HTTP/1.1" 200 45 "http://localhost:8080/" "Mozilla/5.0 (Windows NT 10.0; Win64; x64) AppleWebKit/537.36 (KHTML, like Gecko) Chrome/84.0.4147.125 Safari/537.36"
::1 - - [18/Oct/2020:03:29:59 +0000] "OPTIONS /shuserinfo HTTP/1.1" 204 0 "http://localhost:8080/" "Mozilla/5.0 (Windows NT 10.0; Win64; x64) AppleWebKit/537.36 (KHTML, like Gecko) Chrome/84.0.4147.125 Safari/537.36"
::1 - - [18/Oct/2020:03:29:59 +0000] "POST /shuserinfo HTTP/1.1" 200 45 "http://localhost:8080/" "Mozilla/5.0 (Windows NT 10.0; Win64; x64) AppleWebKit/537.36 (KHTML, like Gecko) Chrome/84.0.4147.125 Safari/537.36"
::1 - - [18/Oct/2020:03:30:25 +0000] "OPTIONS /login HTTP/1.1" 204 0 "http://localhost:8080/" "Mozilla/5.0 (Windows NT 10.0; Win64; x64) AppleWebKit/537.36 (KHTML, like Gecko) Chrome/84.0.4147.125 Safari/537.36"
::1 - - [18/Oct/2020:03:30:25 +0000] "POST /login HTTP/1.1" 200 230 "http://localhost:8080/" "Mozilla/5.0 (Windows NT 10.0; Win64; x64) AppleWebKit/537.36 (KHTML, like Gecko) Chrome/84.0.4147.125 Safari/537.36"
::1 - - [18/Oct/2020:03:30:25 +0000] "OPTIONS /shuserinfo HTTP/1.1" 204 0 "http://localhost:8080/" "Mozilla/5.0 (Windows NT 10.0; Win64; x64) AppleWebKit/537.36 (KHTML, like Gecko) Chrome/84.0.4147.125 Safari/537.36"
::1 - - [18/Oct/2020:03:30:25 +0000] "POST /shuserinfo HTTP/1.1" 200 183 "http://localhost:8080/" "Mozilla/5.0 (Windows NT 10.0; Win64; x64) AppleWebKit/537.36 (KHTML, like Gecko) Chrome/84.0.4147.125 Safari/537.36"
::1 - - [18/Oct/2020:03:30:29 +0000] "POST /shuserinfo HTTP/1.1" 200 183 "http://localhost:8080/" "Mozilla/5.0 (Windows NT 10.0; Win64; x64) AppleWebKit/537.36 (KHTML, like Gecko) Chrome/84.0.4147.125 Safari/537.36"
::1 - - [18/Oct/2020:03:30:35 +0000] "OPTIONS /deluser HTTP/1.1" 204 0 "http://localhost:8080/" "Mozilla/5.0 (Windows NT 10.0; Win64; x64) AppleWebKit/537.36 (KHTML, like Gecko) Chrome/84.0.4147.125 Safari/537.36"
::1 - - [18/Oct/2020:03:30:35 +0000] "POST /deluser HTTP/1.1" 200 39 "http://localhost:8080/" "Mozilla/5.0 (Windows NT 10.0; Win64; x64) AppleWebKit/537.36 (KHTML, like Gecko) Chrome/84.0.4147.125 Safari/537.36"
::1 - - [18/Oct/2020:03:31:01 +0000] "OPTIONS /shuserinfo HTTP/1.1" 204 0 "http://localhost:8080/" "Mozilla/5.0 (Windows NT 10.0; Win64; x64) AppleWebKit/537.36 (KHTML, like Gecko) Chrome/84.0.4147.125 Safari/537.36"
::1 - - [18/Oct/2020:03:31:01 +0000] "POST /shuserinfo HTTP/1.1" 200 45 "http://localhost:8080/" "Mozilla/5.0 (Windows NT 10.0; Win64; x64) AppleWebKit/537.36 (KHTML, like Gecko) Chrome/84.0.4147.125 Safari/537.36"
::1 - - [18/Oct/2020:03:31:04 +0000] "OPTIONS /deluser HTTP/1.1" 204 0 "http://localhost:8080/" "Mozilla/5.0 (Windows NT 10.0; Win64; x64) AppleWebKit/537.36 (KHTML, like Gecko) Chrome/84.0.4147.125 Safari/537.36"
::1 - - [18/Oct/2020:03:31:04 +0000] "POST /deluser HTTP/1.1" 200 39 "http://localhost:8080/" "Mozilla/5.0 (Windows NT 10.0; Win64; x64) AppleWebKit/537.36 (KHTML, like Gecko) Chrome/84.0.4147.125 Safari/537.36"
::1 - - [18/Oct/2020:03:31:18 +0000] "OPTIONS /shuserinfo HTTP/1.1" 204 0 "http://localhost:8080/" "Mozilla/5.0 (Windows NT 10.0; Win64; x64) AppleWebKit/537.36 (KHTML, like Gecko) Chrome/84.0.4147.125 Safari/537.36"
::1 - - [18/Oct/2020:03:31:18 +0000] "OPTIONS /shuserinfo HTTP/1.1" 204 0 "http://localhost:8080/" "Mozilla/5.0 (Windows NT 10.0; Win64; x64) AppleWebKit/537.36 (KHTML, like Gecko) Chrome/84.0.4147.125 Safari/537.36"
::1 - - [18/Oct/2020:03:31:18 +0000] "POST /shuserinfo HTTP/1.1" 200 45 "http://localhost:8080/" "Mozilla/5.0 (Windows NT 10.0; Win64; x64) AppleWebKit/537.36 (KHTML, like Gecko) Chrome/84.0.4147.125 Safari/537.36"
::1 - - [18/Oct/2020:03:31:18 +0000] "POST /shuserinfo HTTP/1.1" 200 45 "http://localhost:8080/" "Mozilla/5.0 (Windows NT 10.0; Win64; x64) AppleWebKit/537.36 (KHTML, like Gecko) Chrome/84.0.4147.125 Safari/537.36"
::1 - - [18/Oct/2020:03:31:32 +0000] "OPTIONS /shuserinfo HTTP/1.1" 204 0 "http://localhost:8080/" "Mozilla/5.0 (Windows NT 10.0; Win64; x64) AppleWebKit/537.36 (KHTML, like Gecko) Chrome/84.0.4147.125 Safari/537.36"
::1 - - [18/Oct/2020:03:31:32 +0000] "POST /shuserinfo HTTP/1.1" 200 45 "http://localhost:8080/" "Mozilla/5.0 (Windows NT 10.0; Win64; x64) AppleWebKit/537.36 (KHTML, like Gecko) Chrome/84.0.4147.125 Safari/537.36"
::1 - - [18/Oct/2020:03:31:33 +0000] "POST /shuserinfo HTTP/1.1" 200 45 "http://localhost:8080/" "Mozilla/5.0 (Windows NT 10.0; Win64; x64) AppleWebKit/537.36 (KHTML, like Gecko) Chrome/84.0.4147.125 Safari/537.36"
::1 - - [18/Oct/2020:03:31:35 +0000] "POST /shuserinfo HTTP/1.1" 200 45 "http://localhost:8080/" "Mozilla/5.0 (Windows NT 10.0; Win64; x64) AppleWebKit/537.36 (KHTML, like Gecko) Chrome/84.0.4147.125 Safari/537.36"
::1 - - [18/Oct/2020:03:31:37 +0000] "POST /shuserinfo HTTP/1.1" 200 45 "http://localhost:8080/" "Mozilla/5.0 (Windows NT 10.0; Win64; x64) AppleWebKit/537.36 (KHTML, like Gecko) Chrome/84.0.4147.125 Safari/537.36"
::1 - - [18/Oct/2020:03:35:58 +0000] "OPTIONS /shuserinfo HTTP/1.1" 204 0 "http://localhost:8080/" "Mozilla/5.0 (Windows NT 10.0; Win64; x64) AppleWebKit/537.36 (KHTML, like Gecko) Chrome/84.0.4147.125 Safari/537.36"
::1 - - [18/Oct/2020:03:35:58 +0000] "POST /shuserinfo HTTP/1.1" 200 45 "http://localhost:8080/" "Mozilla/5.0 (Windows NT 10.0; Win64; x64) AppleWebKit/537.36 (KHTML, like Gecko) Chrome/84.0.4147.125 Safari/537.36"
::1 - - [18/Oct/2020:03:37:58 +0000] "OPTIONS /shuserinfo HTTP/1.1" 204 0 "http://localhost:8080/message" "Mozilla/5.0 (Windows NT 10.0; Win64; x64) AppleWebKit/537.36 (KHTML, like Gecko) Chrome/84.0.4147.125 Safari/537.36"
::1 - - [18/Oct/2020:03:37:58 +0000] "POST /shuserinfo HTTP/1.1" 200 45 "http://localhost:8080/message" "Mozilla/5.0 (Windows NT 10.0; Win64; x64) AppleWebKit/537.36 (KHTML, like Gecko) Chrome/84.0.4147.125 Safari/537.36"
::1 - - [18/Oct/2020:03:38:08 +0000] "OPTIONS /shuserinfo HTTP/1.1" 204 0 "http://localhost:8080/message" "Mozilla/5.0 (Windows NT 10.0; Win64; x64) AppleWebKit/537.36 (KHTML, like Gecko) Chrome/84.0.4147.125 Safari/537.36"
::1 - - [18/Oct/2020:03:38:08 +0000] "POST /shuserinfo HTTP/1.1" 200 45 "http://localhost:8080/message" "Mozilla/5.0 (Windows NT 10.0; Win64; x64) AppleWebKit/537.36 (KHTML, like Gecko) Chrome/84.0.4147.125 Safari/537.36"
::1 - - [18/Oct/2020:03:38:37 +0000] "OPTIONS /shuserinfo HTTP/1.1" 204 0 "http://localhost:8080/message" "Mozilla/5.0 (Windows NT 10.0; Win64; x64) AppleWebKit/537.36 (KHTML, like Gecko) Chrome/84.0.4147.125 Safari/537.36"
::1 - - [18/Oct/2020:03:38:37 +0000] "POST /shuserinfo HTTP/1.1" 200 45 "http://localhost:8080/message" "Mozilla/5.0 (Windows NT 10.0; Win64; x64) AppleWebKit/537.36 (KHTML, like Gecko) Chrome/84.0.4147.125 Safari/537.36"
::1 - - [18/Oct/2020:03:38:42 +0000] "OPTIONS /shuserinfo HTTP/1.1" 204 0 "http://localhost:8080/" "Mozilla/5.0 (Windows NT 10.0; Win64; x64) AppleWebKit/537.36 (KHTML, like Gecko) Chrome/84.0.4147.125 Safari/537.36"
::1 - - [18/Oct/2020:03:38:42 +0000] "POST /shuserinfo HTTP/1.1" 200 45 "http://localhost:8080/" "Mozilla/5.0 (Windows NT 10.0; Win64; x64) AppleWebKit/537.36 (KHTML, like Gecko) Chrome/84.0.4147.125 Safari/537.36"
::1 - - [18/Oct/2020:03:38:49 +0000] "OPTIONS /shuserinfo HTTP/1.1" 204 0 "http://localhost:8080/" "Mozilla/5.0 (Windows NT 10.0; Win64; x64) AppleWebKit/537.36 (KHTML, like Gecko) Chrome/84.0.4147.125 Safari/537.36"
::1 - - [18/Oct/2020:03:38:49 +0000] "POST /shuserinfo HTTP/1.1" 200 45 "http://localhost:8080/" "Mozilla/5.0 (Windows NT 10.0; Win64; x64) AppleWebKit/537.36 (KHTML, like Gecko) Chrome/84.0.4147.125 Safari/537.36"
::1 - - [18/Oct/2020:03:38:54 +0000] "OPTIONS /shuserinfo HTTP/1.1" 204 0 "http://localhost:8080/chatting" "Mozilla/5.0 (Windows NT 10.0; Win64; x64) AppleWebKit/537.36 (KHTML, like Gecko) Chrome/84.0.4147.125 Safari/537.36"
::1 - - [18/Oct/2020:03:38:54 +0000] "POST /shuserinfo HTTP/1.1" 200 45 "http://localhost:8080/chatting" "Mozilla/5.0 (Windows NT 10.0; Win64; x64) AppleWebKit/537.36 (KHTML, like Gecko) Chrome/84.0.4147.125 Safari/537.36"
::1 - - [18/Oct/2020:03:39:06 +0000] "OPTIONS /shuserinfo HTTP/1.1" 204 0 "http://localhost:8080/message" "Mozilla/5.0 (Windows NT 10.0; Win64; x64) AppleWebKit/537.36 (KHTML, like Gecko) Chrome/84.0.4147.125 Safari/537.36"
::1 - - [18/Oct/2020:03:39:06 +0000] "POST /shuserinfo HTTP/1.1" 200 45 "http://localhost:8080/message" "Mozilla/5.0 (Windows NT 10.0; Win64; x64) AppleWebKit/537.36 (KHTML, like Gecko) Chrome/84.0.4147.125 Safari/537.36"
::1 - - [18/Oct/2020:03:39:09 +0000] "POST /shuserinfo HTTP/1.1" 200 45 "http://localhost:8080/message" "Mozilla/5.0 (Windows NT 10.0; Win64; x64) AppleWebKit/537.36 (KHTML, like Gecko) Chrome/84.0.4147.125 Safari/537.36"
::1 - - [18/Oct/2020:03:40:36 +0000] "OPTIONS /shuserinfo HTTP/1.1" 204 0 "http://localhost:8080/message" "Mozilla/5.0 (Windows NT 10.0; Win64; x64) AppleWebKit/537.36 (KHTML, like Gecko) Chrome/84.0.4147.125 Safari/537.36"
::1 - - [18/Oct/2020:03:40:36 +0000] "POST /shuserinfo HTTP/1.1" 200 45 "http://localhost:8080/message" "Mozilla/5.0 (Windows NT 10.0; Win64; x64) AppleWebKit/537.36 (KHTML, like Gecko) Chrome/84.0.4147.125 Safari/537.36"
::1 - - [18/Oct/2020:03:40:42 +0000] "OPTIONS /shuserinfo HTTP/1.1" 204 0 "http://localhost:8080/message" "Mozilla/5.0 (Windows NT 10.0; Win64; x64) AppleWebKit/537.36 (KHTML, like Gecko) Chrome/84.0.4147.125 Safari/537.36"
::1 - - [18/Oct/2020:03:40:42 +0000] "POST /shuserinfo HTTP/1.1" 200 45 "http://localhost:8080/message" "Mozilla/5.0 (Windows NT 10.0; Win64; x64) AppleWebKit/537.36 (KHTML, like Gecko) Chrome/84.0.4147.125 Safari/537.36"
::1 - - [18/Oct/2020:03:40:45 +0000] "POST /shuserinfo HTTP/1.1" 200 45 "http://localhost:8080/" "Mozilla/5.0 (Windows NT 10.0; Win64; x64) AppleWebKit/537.36 (KHTML, like Gecko) Chrome/84.0.4147.125 Safari/537.36"
::1 - - [18/Oct/2020:03:40:48 +0000] "OPTIONS /shuserinfo HTTP/1.1" 204 0 "http://localhost:8080/message" "Mozilla/5.0 (Windows NT 10.0; Win64; x64) AppleWebKit/537.36 (KHTML, like Gecko) Chrome/84.0.4147.125 Safari/537.36"
::1 - - [18/Oct/2020:03:40:48 +0000] "POST /shuserinfo HTTP/1.1" 200 45 "http://localhost:8080/message" "Mozilla/5.0 (Windows NT 10.0; Win64; x64) AppleWebKit/537.36 (KHTML, like Gecko) Chrome/84.0.4147.125 Safari/537.36"
::1 - - [18/Oct/2020:03:41:33 +0000] "OPTIONS /shuserinfo HTTP/1.1" 204 0 "http://localhost:8080/message" "Mozilla/5.0 (Windows NT 10.0; Win64; x64) AppleWebKit/537.36 (KHTML, like Gecko) Chrome/84.0.4147.125 Safari/537.36"
::1 - - [18/Oct/2020:03:41:33 +0000] "POST /shuserinfo HTTP/1.1" 200 45 "http://localhost:8080/message" "Mozilla/5.0 (Windows NT 10.0; Win64; x64) AppleWebKit/537.36 (KHTML, like Gecko) Chrome/84.0.4147.125 Safari/537.36"
::1 - - [18/Oct/2020:03:41:38 +0000] "OPTIONS /shuserinfo HTTP/1.1" 204 0 "http://localhost:8080/" "Mozilla/5.0 (Windows NT 10.0; Win64; x64) AppleWebKit/537.36 (KHTML, like Gecko) Chrome/84.0.4147.125 Safari/537.36"
::1 - - [18/Oct/2020:03:41:38 +0000] "POST /shuserinfo HTTP/1.1" 200 45 "http://localhost:8080/" "Mozilla/5.0 (Windows NT 10.0; Win64; x64) AppleWebKit/537.36 (KHTML, like Gecko) Chrome/84.0.4147.125 Safari/537.36"
::1 - - [18/Oct/2020:03:42:03 +0000] "OPTIONS /shuserinfo HTTP/1.1" 204 0 "http://localhost:8080/" "Mozilla/5.0 (Windows NT 10.0; Win64; x64) AppleWebKit/537.36 (KHTML, like Gecko) Chrome/84.0.4147.125 Safari/537.36"
::1 - - [18/Oct/2020:03:42:03 +0000] "POST /shuserinfo HTTP/1.1" 200 45 "http://localhost:8080/" "Mozilla/5.0 (Windows NT 10.0; Win64; x64) AppleWebKit/537.36 (KHTML, like Gecko) Chrome/84.0.4147.125 Safari/537.36"
::1 - - [18/Oct/2020:03:42:08 +0000] "POST /shuserinfo HTTP/1.1" 200 45 "http://localhost:8080/message" "Mozilla/5.0 (Windows NT 10.0; Win64; x64) AppleWebKit/537.36 (KHTML, like Gecko) Chrome/84.0.4147.125 Safari/537.36"
::1 - - [18/Oct/2020:03:45:06 +0000] "OPTIONS /shuserinfo HTTP/1.1" 204 0 "http://localhost:8080/message" "Mozilla/5.0 (Windows NT 10.0; Win64; x64) AppleWebKit/537.36 (KHTML, like Gecko) Chrome/84.0.4147.125 Safari/537.36"
::1 - - [18/Oct/2020:03:45:06 +0000] "POST /shuserinfo HTTP/1.1" 200 45 "http://localhost:8080/message" "Mozilla/5.0 (Windows NT 10.0; Win64; x64) AppleWebKit/537.36 (KHTML, like Gecko) Chrome/84.0.4147.125 Safari/537.36"
::1 - - [18/Oct/2020:03:45:12 +0000] "OPTIONS /shuserinfo HTTP/1.1" 204 0 "http://localhost:8080/message" "Mozilla/5.0 (Windows NT 10.0; Win64; x64) AppleWebKit/537.36 (KHTML, like Gecko) Chrome/84.0.4147.125 Safari/537.36"
::1 - - [18/Oct/2020:03:45:12 +0000] "POST /shuserinfo HTTP/1.1" 200 45 "http://localhost:8080/message" "Mozilla/5.0 (Windows NT 10.0; Win64; x64) AppleWebKit/537.36 (KHTML, like Gecko) Chrome/84.0.4147.125 Safari/537.36"
::1 - - [18/Oct/2020:03:45:55 +0000] "OPTIONS /shuserinfo HTTP/1.1" 204 0 "http://localhost:8080/message" "Mozilla/5.0 (Windows NT 10.0; Win64; x64) AppleWebKit/537.36 (KHTML, like Gecko) Chrome/84.0.4147.125 Safari/537.36"
::1 - - [18/Oct/2020:03:45:55 +0000] "POST /shuserinfo HTTP/1.1" 200 45 "http://localhost:8080/message" "Mozilla/5.0 (Windows NT 10.0; Win64; x64) AppleWebKit/537.36 (KHTML, like Gecko) Chrome/84.0.4147.125 Safari/537.36"
::1 - - [18/Oct/2020:03:45:59 +0000] "POST /shuserinfo HTTP/1.1" 200 45 "http://localhost:8080/message" "Mozilla/5.0 (Windows NT 10.0; Win64; x64) AppleWebKit/537.36 (KHTML, like Gecko) Chrome/84.0.4147.125 Safari/537.36"
::1 - - [18/Oct/2020:03:46:01 +0000] "OPTIONS /shuserinfo HTTP/1.1" 204 0 "http://localhost:8080/message" "Mozilla/5.0 (Windows NT 10.0; Win64; x64) AppleWebKit/537.36 (KHTML, like Gecko) Chrome/84.0.4147.125 Safari/537.36"
::1 - - [18/Oct/2020:03:46:01 +0000] "POST /shuserinfo HTTP/1.1" 200 45 "http://localhost:8080/message" "Mozilla/5.0 (Windows NT 10.0; Win64; x64) AppleWebKit/537.36 (KHTML, like Gecko) Chrome/84.0.4147.125 Safari/537.36"
::1 - - [18/Oct/2020:03:46:32 +0000] "OPTIONS /shuserinfo HTTP/1.1" 204 0 "http://localhost:8080/chatting" "Mozilla/5.0 (Windows NT 10.0; Win64; x64) AppleWebKit/537.36 (KHTML, like Gecko) Chrome/84.0.4147.125 Safari/537.36"
::1 - - [18/Oct/2020:03:46:32 +0000] "POST /shuserinfo HTTP/1.1" 200 45 "http://localhost:8080/chatting" "Mozilla/5.0 (Windows NT 10.0; Win64; x64) AppleWebKit/537.36 (KHTML, like Gecko) Chrome/84.0.4147.125 Safari/537.36"
::1 - - [18/Oct/2020:03:46:44 +0000] "OPTIONS /shuserinfo HTTP/1.1" 204 0 "http://localhost:8080/" "Mozilla/5.0 (Windows NT 10.0; Win64; x64) AppleWebKit/537.36 (KHTML, like Gecko) Chrome/84.0.4147.125 Safari/537.36"
::1 - - [18/Oct/2020:03:46:44 +0000] "POST /shuserinfo HTTP/1.1" 200 45 "http://localhost:8080/" "Mozilla/5.0 (Windows NT 10.0; Win64; x64) AppleWebKit/537.36 (KHTML, like Gecko) Chrome/84.0.4147.125 Safari/537.36"
::1 - - [18/Oct/2020:03:46:54 +0000] "OPTIONS /shuserinfo HTTP/1.1" 204 0 "http://localhost:8080/" "Mozilla/5.0 (Windows NT 10.0; Win64; x64) AppleWebKit/537.36 (KHTML, like Gecko) Chrome/84.0.4147.125 Safari/537.36"
::1 - - [18/Oct/2020:03:46:54 +0000] "POST /shuserinfo HTTP/1.1" 200 45 "http://localhost:8080/" "Mozilla/5.0 (Windows NT 10.0; Win64; x64) AppleWebKit/537.36 (KHTML, like Gecko) Chrome/84.0.4147.125 Safari/537.36"
::1 - - [18/Oct/2020:03:48:01 +0000] "OPTIONS /shuserinfo HTTP/1.1" 204 0 "http://localhost:8080/message" "Mozilla/5.0 (Windows NT 10.0; Win64; x64) AppleWebKit/537.36 (KHTML, like Gecko) Chrome/84.0.4147.125 Safari/537.36"
::1 - - [18/Oct/2020:03:48:01 +0000] "POST /shuserinfo HTTP/1.1" 200 45 "http://localhost:8080/message" "Mozilla/5.0 (Windows NT 10.0; Win64; x64) AppleWebKit/537.36 (KHTML, like Gecko) Chrome/84.0.4147.125 Safari/537.36"
::1 - - [18/Oct/2020:03:48:03 +0000] "POST /shuserinfo HTTP/1.1" 200 45 "http://localhost:8080/chatting" "Mozilla/5.0 (Windows NT 10.0; Win64; x64) AppleWebKit/537.36 (KHTML, like Gecko) Chrome/84.0.4147.125 Safari/537.36"
::1 - - [18/Oct/2020:03:48:06 +0000] "OPTIONS /shuserinfo HTTP/1.1" 204 0 "http://localhost:8080/chatting" "Mozilla/5.0 (Windows NT 10.0; Win64; x64) AppleWebKit/537.36 (KHTML, like Gecko) Chrome/84.0.4147.125 Safari/537.36"
::1 - - [18/Oct/2020:03:48:06 +0000] "POST /shuserinfo HTTP/1.1" 200 45 "http://localhost:8080/chatting" "Mozilla/5.0 (Windows NT 10.0; Win64; x64) AppleWebKit/537.36 (KHTML, like Gecko) Chrome/84.0.4147.125 Safari/537.36"
::1 - - [18/Oct/2020:03:48:11 +0000] "OPTIONS /shuserinfo HTTP/1.1" 204 0 "http://localhost:8080/chatting" "Mozilla/5.0 (Windows NT 10.0; Win64; x64) AppleWebKit/537.36 (KHTML, like Gecko) Chrome/84.0.4147.125 Safari/537.36"
::1 - - [18/Oct/2020:03:48:11 +0000] "POST /shuserinfo HTTP/1.1" 200 45 "http://localhost:8080/chatting" "Mozilla/5.0 (Windows NT 10.0; Win64; x64) AppleWebKit/537.36 (KHTML, like Gecko) Chrome/84.0.4147.125 Safari/537.36"
::1 - - [18/Oct/2020:03:48:14 +0000] "POST /shuserinfo HTTP/1.1" 200 45 "http://localhost:8080/message" "Mozilla/5.0 (Windows NT 10.0; Win64; x64) AppleWebKit/537.36 (KHTML, like Gecko) Chrome/84.0.4147.125 Safari/537.36"
::1 - - [18/Oct/2020:03:49:24 +0000] "OPTIONS /shuserinfo HTTP/1.1" 204 0 "http://localhost:8080/message" "Mozilla/5.0 (Windows NT 10.0; Win64; x64) AppleWebKit/537.36 (KHTML, like Gecko) Chrome/84.0.4147.125 Safari/537.36"
::1 - - [18/Oct/2020:03:49:24 +0000] "POST /shuserinfo HTTP/1.1" 200 45 "http://localhost:8080/message" "Mozilla/5.0 (Windows NT 10.0; Win64; x64) AppleWebKit/537.36 (KHTML, like Gecko) Chrome/84.0.4147.125 Safari/537.36"
::1 - - [18/Oct/2020:03:49:49 +0000] "OPTIONS /shuserinfo HTTP/1.1" 204 0 "http://localhost:8080/message" "Mozilla/5.0 (Windows NT 10.0; Win64; x64) AppleWebKit/537.36 (KHTML, like Gecko) Chrome/84.0.4147.125 Safari/537.36"
::1 - - [18/Oct/2020:03:49:49 +0000] "POST /shuserinfo HTTP/1.1" 200 45 "http://localhost:8080/message" "Mozilla/5.0 (Windows NT 10.0; Win64; x64) AppleWebKit/537.36 (KHTML, like Gecko) Chrome/84.0.4147.125 Safari/537.36"
::1 - - [18/Oct/2020:06:18:30 +0000] "OPTIONS /shuserinfo HTTP/1.1" 204 0 "http://localhost:8080/" "Mozilla/5.0 (Windows NT 10.0; Win64; x64) AppleWebKit/537.36 (KHTML, like Gecko) Chrome/84.0.4147.125 Safari/537.36"
::1 - - [18/Oct/2020:06:18:31 +0000] "POST /shuserinfo HTTP/1.1" 200 45 "http://localhost:8080/" "Mozilla/5.0 (Windows NT 10.0; Win64; x64) AppleWebKit/537.36 (KHTML, like Gecko) Chrome/84.0.4147.125 Safari/537.36"
::1 - - [18/Oct/2020:06:21:20 +0000] "OPTIONS /shuserinfo HTTP/1.1" 204 0 "http://localhost:8080/" "Mozilla/5.0 (Windows NT 10.0; Win64; x64) AppleWebKit/537.36 (KHTML, like Gecko) Chrome/84.0.4147.125 Safari/537.36"
::1 - - [18/Oct/2020:06:21:21 +0000] "POST /shuserinfo HTTP/1.1" 200 45 "http://localhost:8080/" "Mozilla/5.0 (Windows NT 10.0; Win64; x64) AppleWebKit/537.36 (KHTML, like Gecko) Chrome/84.0.4147.125 Safari/537.36"
::1 - - [18/Oct/2020:06:23:20 +0000] "OPTIONS /shuserinfo HTTP/1.1" 204 0 "http://localhost:8080/" "Mozilla/5.0 (Windows NT 10.0; Win64; x64) AppleWebKit/537.36 (KHTML, like Gecko) Chrome/84.0.4147.125 Safari/537.36"
::1 - - [18/Oct/2020:06:23:20 +0000] "POST /shuserinfo HTTP/1.1" 200 45 "http://localhost:8080/" "Mozilla/5.0 (Windows NT 10.0; Win64; x64) AppleWebKit/537.36 (KHTML, like Gecko) Chrome/84.0.4147.125 Safari/537.36"
::1 - - [18/Oct/2020:06:23:32 +0000] "OPTIONS /shuserinfo HTTP/1.1" 204 0 "http://localhost:8080/" "Mozilla/5.0 (Windows NT 10.0; Win64; x64) AppleWebKit/537.36 (KHTML, like Gecko) Chrome/84.0.4147.125 Safari/537.36"
::1 - - [18/Oct/2020:06:23:32 +0000] "POST /shuserinfo HTTP/1.1" 200 45 "http://localhost:8080/" "Mozilla/5.0 (Windows NT 10.0; Win64; x64) AppleWebKit/537.36 (KHTML, like Gecko) Chrome/84.0.4147.125 Safari/537.36"
::1 - - [18/Oct/2020:06:23:43 +0000] "OPTIONS /shuserinfo HTTP/1.1" 204 0 "http://localhost:8080/message" "Mozilla/5.0 (Windows NT 10.0; Win64; x64) AppleWebKit/537.36 (KHTML, like Gecko) Chrome/84.0.4147.125 Safari/537.36"
::1 - - [18/Oct/2020:06:23:43 +0000] "POST /shuserinfo HTTP/1.1" 200 45 "http://localhost:8080/message" "Mozilla/5.0 (Windows NT 10.0; Win64; x64) AppleWebKit/537.36 (KHTML, like Gecko) Chrome/84.0.4147.125 Safari/537.36"
::1 - - [18/Oct/2020:06:23:45 +0000] "POST /shuserinfo HTTP/1.1" 200 45 "http://localhost:8080/" "Mozilla/5.0 (Windows NT 10.0; Win64; x64) AppleWebKit/537.36 (KHTML, like Gecko) Chrome/84.0.4147.125 Safari/537.36"
::1 - - [18/Oct/2020:06:23:47 +0000] "POST /shuserinfo HTTP/1.1" 200 45 "http://localhost:8080/" "Mozilla/5.0 (Windows NT 10.0; Win64; x64) AppleWebKit/537.36 (KHTML, like Gecko) Chrome/84.0.4147.125 Safari/537.36"
::1 - - [18/Oct/2020:06:37:32 +0000] "OPTIONS /shuserinfo HTTP/1.1" 204 0 "http://localhost:8080/" "Mozilla/5.0 (Windows NT 10.0; Win64; x64) AppleWebKit/537.36 (KHTML, like Gecko) Chrome/84.0.4147.125 Safari/537.36"
::1 - - [18/Oct/2020:06:37:32 +0000] "POST /shuserinfo HTTP/1.1" 200 45 "http://localhost:8080/" "Mozilla/5.0 (Windows NT 10.0; Win64; x64) AppleWebKit/537.36 (KHTML, like Gecko) Chrome/84.0.4147.125 Safari/537.36"
::1 - - [18/Oct/2020:06:37:49 +0000] "OPTIONS /login HTTP/1.1" 204 0 "http://localhost:8080/" "Mozilla/5.0 (Windows NT 10.0; Win64; x64) AppleWebKit/537.36 (KHTML, like Gecko) Chrome/84.0.4147.125 Safari/537.36"
::1 - - [18/Oct/2020:06:37:49 +0000] "POST /login HTTP/1.1" 200 227 "http://localhost:8080/" "Mozilla/5.0 (Windows NT 10.0; Win64; x64) AppleWebKit/537.36 (KHTML, like Gecko) Chrome/84.0.4147.125 Safari/537.36"
::1 - - [18/Oct/2020:06:37:49 +0000] "OPTIONS /shuserinfo HTTP/1.1" 204 0 "http://localhost:8080/" "Mozilla/5.0 (Windows NT 10.0; Win64; x64) AppleWebKit/537.36 (KHTML, like Gecko) Chrome/84.0.4147.125 Safari/537.36"
::1 - - [18/Oct/2020:06:37:49 +0000] "POST /shuserinfo HTTP/1.1" 200 303 "http://localhost:8080/" "Mozilla/5.0 (Windows NT 10.0; Win64; x64) AppleWebKit/537.36 (KHTML, like Gecko) Chrome/84.0.4147.125 Safari/537.36"
::1 - - [18/Oct/2020:06:37:49 +0000] "GET /public/images/160283202388829c52b526855b04b3b85282a89134631.jpg HTTP/1.1" 200 451948 "http://localhost:8080/" "Mozilla/5.0 (Windows NT 10.0; Win64; x64) AppleWebKit/537.36 (KHTML, like Gecko) Chrome/84.0.4147.125 Safari/537.36"
::1 - - [18/Oct/2020:07:23:28 +0000] "OPTIONS /shuserinfo HTTP/1.1" 204 0 "http://localhost:8080/" "Mozilla/5.0 (Windows NT 10.0; Win64; x64) AppleWebKit/537.36 (KHTML, like Gecko) Chrome/84.0.4147.125 Safari/537.36"
::1 - - [18/Oct/2020:07:23:28 +0000] "POST /shuserinfo HTTP/1.1" 200 45 "http://localhost:8080/" "Mozilla/5.0 (Windows NT 10.0; Win64; x64) AppleWebKit/537.36 (KHTML, like Gecko) Chrome/84.0.4147.125 Safari/537.36"
::1 - - [18/Oct/2020:07:23:43 +0000] "OPTIONS /shuserinfo HTTP/1.1" 204 0 "http://localhost:8080/" "Mozilla/5.0 (Windows NT 10.0; Win64; x64) AppleWebKit/537.36 (KHTML, like Gecko) Chrome/84.0.4147.125 Safari/537.36"
::1 - - [18/Oct/2020:07:23:43 +0000] "POST /shuserinfo HTTP/1.1" 200 45 "http://localhost:8080/" "Mozilla/5.0 (Windows NT 10.0; Win64; x64) AppleWebKit/537.36 (KHTML, like Gecko) Chrome/84.0.4147.125 Safari/537.36"
::1 - - [18/Oct/2020:07:23:53 +0000] "OPTIONS /login HTTP/1.1" 204 0 "http://localhost:8080/" "Mozilla/5.0 (Windows NT 10.0; Win64; x64) AppleWebKit/537.36 (KHTML, like Gecko) Chrome/84.0.4147.125 Safari/537.36"
::1 - - [18/Oct/2020:07:23:53 +0000] "POST /login HTTP/1.1" 200 227 "http://localhost:8080/" "Mozilla/5.0 (Windows NT 10.0; Win64; x64) AppleWebKit/537.36 (KHTML, like Gecko) Chrome/84.0.4147.125 Safari/537.36"
::1 - - [18/Oct/2020:07:23:53 +0000] "OPTIONS /shuserinfo HTTP/1.1" 204 0 "http://localhost:8080/" "Mozilla/5.0 (Windows NT 10.0; Win64; x64) AppleWebKit/537.36 (KHTML, like Gecko) Chrome/84.0.4147.125 Safari/537.36"
::1 - - [18/Oct/2020:07:23:53 +0000] "POST /shuserinfo HTTP/1.1" 200 303 "http://localhost:8080/" "Mozilla/5.0 (Windows NT 10.0; Win64; x64) AppleWebKit/537.36 (KHTML, like Gecko) Chrome/84.0.4147.125 Safari/537.36"
::1 - - [18/Oct/2020:07:23:53 +0000] "GET /public/images/160283202388829c52b526855b04b3b85282a89134631.jpg HTTP/1.1" 200 451948 "http://localhost:8080/" "Mozilla/5.0 (Windows NT 10.0; Win64; x64) AppleWebKit/537.36 (KHTML, like Gecko) Chrome/84.0.4147.125 Safari/537.36"
