::1 - - [16/May/2021:01:16:32 +0000] "OPTIONS /message/get/dynamic HTTP/1.1" 204 0 "http://localhost:8080/" "Mozilla/5.0 (Windows NT 10.0; Win64; x64) AppleWebKit/537.36 (KHTML, like Gecko) Chrome/90.0.4430.93 Safari/537.36"
::1 - - [16/May/2021:01:16:32 +0000] "GET /message/get/dynamic HTTP/1.1" 200 10667 "http://localhost:8080/" "Mozilla/5.0 (Windows NT 10.0; Win64; x64) AppleWebKit/537.36 (KHTML, like Gecko) Chrome/90.0.4430.93 Safari/537.36"
::1 - - [16/May/2021:01:16:32 +0000] "GET /public/images/avatar/1617424043992u=2409086564,4092922119&fm=26&gp=0.jpg HTTP/1.1" 200 36888 "http://localhost:8080/" "Mozilla/5.0 (Windows NT 10.0; Win64; x64) AppleWebKit/537.36 (KHTML, like Gecko) Chrome/90.0.4430.93 Safari/537.36"
::1 - - [16/May/2021:01:16:32 +0000] "GET /public/images/avatar/1603250241278892e5b55170b2aad76ea9cb1a4c42551.jpg HTTP/1.1" 200 112476 "http://localhost:8080/" "Mozilla/5.0 (Windows NT 10.0; Win64; x64) AppleWebKit/537.36 (KHTML, like Gecko) Chrome/90.0.4430.93 Safari/537.36"
::1 - - [16/May/2021:01:16:32 +0000] "GET /public/images/avatar/16203527895041620352789458.png HTTP/1.1" 200 97749 "http://localhost:8080/" "Mozilla/5.0 (Windows NT 10.0; Win64; x64) AppleWebKit/537.36 (KHTML, like Gecko) Chrome/90.0.4430.93 Safari/537.36"
::1 - - [16/May/2021:01:16:32 +0000] "GET /public/images/avatar/1603262878798a2e7ff7ee3e011229f3f503925d824b9.jpg HTTP/1.1" 200 189836 "http://localhost:8080/" "Mozilla/5.0 (Windows NT 10.0; Win64; x64) AppleWebKit/537.36 (KHTML, like Gecko) Chrome/90.0.4430.93 Safari/537.36"
::1 - - [16/May/2021:01:16:32 +0000] "GET /public/images/avatar/default_avatar.jpg HTTP/1.1" 200 451948 "http://localhost:8080/" "Mozilla/5.0 (Windows NT 10.0; Win64; x64) AppleWebKit/537.36 (KHTML, like Gecko) Chrome/90.0.4430.93 Safari/537.36"
::1 - - [16/May/2021:01:16:33 +0000] "GET /public/images/avatar/160326210741046849996dc773d969f561b42ac4fce6e.jpg HTTP/1.1" 200 1443015 "http://localhost:8080/" "Mozilla/5.0 (Windows NT 10.0; Win64; x64) AppleWebKit/537.36 (KHTML, like Gecko) Chrome/90.0.4430.93 Safari/537.36"
::1 - - [16/May/2021:01:17:23 +0000] "OPTIONS /message/get/dynamic HTTP/1.1" 204 0 "http://localhost:8080/" "Mozilla/5.0 (Windows NT 10.0; Win64; x64) AppleWebKit/537.36 (KHTML, like Gecko) Chrome/90.0.4430.93 Safari/537.36"
::1 - - [16/May/2021:01:17:23 +0000] "GET /message/get/dynamic HTTP/1.1" 304 - "http://localhost:8080/" "Mozilla/5.0 (Windows NT 10.0; Win64; x64) AppleWebKit/537.36 (KHTML, like Gecko) Chrome/90.0.4430.93 Safari/537.36"
::1 - - [16/May/2021:01:17:23 +0000] "GET /public/images/avatar/161742393186929c52b526855b04b3b85282a89134631.jpg HTTP/1.1" 200 451948 "http://localhost:8080/" "Mozilla/5.0 (Windows NT 10.0; Win64; x64) AppleWebKit/537.36 (KHTML, like Gecko) Chrome/90.0.4430.93 Safari/537.36"
::1 - - [16/May/2021:01:17:23 +0000] "GET /public/images/avatar/1603249719512e7ce86382fa47c58d7f89334538b235a.jpg HTTP/1.1" 200 1448043 "http://localhost:8080/" "Mozilla/5.0 (Windows NT 10.0; Win64; x64) AppleWebKit/537.36 (KHTML, like Gecko) Chrome/90.0.4430.93 Safari/537.36"
::1 - - [16/May/2021:01:17:28 +0000] "GET /message/get/dynamic HTTP/1.1" 304 - "http://localhost:8080/" "Mozilla/5.0 (Windows NT 10.0; Win64; x64) AppleWebKit/537.36 (KHTML, like Gecko) Chrome/90.0.4430.93 Safari/537.36"
::1 - - [16/May/2021:06:05:43 +0000] "OPTIONS /img_list?type=1 HTTP/1.1" 204 0 "http://localhost:8080/" "Mozilla/5.0 (Windows NT 10.0; Win64; x64) AppleWebKit/537.36 (KHTML, like Gecko) Chrome/90.0.4430.93 Safari/537.36"
::1 - - [16/May/2021:06:05:43 +0000] "GET /img_list?type=1 HTTP/1.1" 200 2976 "http://localhost:8080/" "Mozilla/5.0 (Windows NT 10.0; Win64; x64) AppleWebKit/537.36 (KHTML, like Gecko) Chrome/90.0.4430.93 Safari/537.36"
::1 - - [16/May/2021:06:05:43 +0000] "GET /public/images/img/scenery/11.jpg HTTP/1.1" 200 460105 "http://localhost:8080/" "Mozilla/5.0 (Windows NT 10.0; Win64; x64) AppleWebKit/537.36 (KHTML, like Gecko) Chrome/90.0.4430.93 Safari/537.36"
::1 - - [16/May/2021:06:05:43 +0000] "GET /public/images/img/scenery/1.jpg HTTP/1.1" 200 745265 "http://localhost:8080/" "Mozilla/5.0 (Windows NT 10.0; Win64; x64) AppleWebKit/537.36 (KHTML, like Gecko) Chrome/90.0.4430.93 Safari/537.36"
::1 - - [16/May/2021:06:05:43 +0000] "GET /public/images/img/scenery/10.jpg HTTP/1.1" 200 865221 "http://localhost:8080/" "Mozilla/5.0 (Windows NT 10.0; Win64; x64) AppleWebKit/537.36 (KHTML, like Gecko) Chrome/90.0.4430.93 Safari/537.36"
::1 - - [16/May/2021:06:05:43 +0000] "GET /public/images/img/scenery/12.jpg HTTP/1.1" 200 746302 "http://localhost:8080/" "Mozilla/5.0 (Windows NT 10.0; Win64; x64) AppleWebKit/537.36 (KHTML, like Gecko) Chrome/90.0.4430.93 Safari/537.36"
::1 - - [16/May/2021:06:05:43 +0000] "GET /public/images/img/scenery/14.jpg HTTP/1.1" 200 1484960 "http://localhost:8080/" "Mozilla/5.0 (Windows NT 10.0; Win64; x64) AppleWebKit/537.36 (KHTML, like Gecko) Chrome/90.0.4430.93 Safari/537.36"
::1 - - [16/May/2021:06:05:43 +0000] "GET /public/images/img/scenery/13.jpg HTTP/1.1" 200 1996378 "http://localhost:8080/" "Mozilla/5.0 (Windows NT 10.0; Win64; x64) AppleWebKit/537.36 (KHTML, like Gecko) Chrome/90.0.4430.93 Safari/537.36"
::1 - - [16/May/2021:06:05:43 +0000] "GET /public/images/img/scenery/15.jpg HTTP/1.1" 200 2413060 "http://localhost:8080/" "Mozilla/5.0 (Windows NT 10.0; Win64; x64) AppleWebKit/537.36 (KHTML, like Gecko) Chrome/90.0.4430.93 Safari/537.36"
::1 - - [16/May/2021:06:05:43 +0000] "GET /public/images/img/scenery/18.jpg HTTP/1.1" 200 2456401 "http://localhost:8080/" "Mozilla/5.0 (Windows NT 10.0; Win64; x64) AppleWebKit/537.36 (KHTML, like Gecko) Chrome/90.0.4430.93 Safari/537.36"
::1 - - [16/May/2021:06:05:43 +0000] "GET /public/images/img/scenery/17.jpg HTTP/1.1" 200 2859317 "http://localhost:8080/" "Mozilla/5.0 (Windows NT 10.0; Win64; x64) AppleWebKit/537.36 (KHTML, like Gecko) Chrome/90.0.4430.93 Safari/537.36"
::1 - - [16/May/2021:06:05:43 +0000] "GET /public/images/img/scenery/16.jpg HTTP/1.1" 200 2527538 "http://localhost:8080/" "Mozilla/5.0 (Windows NT 10.0; Win64; x64) AppleWebKit/537.36 (KHTML, like Gecko) Chrome/90.0.4430.93 Safari/537.36"
::1 - - [16/May/2021:06:05:44 +0000] "GET /public/images/img/scenery/19.jpg HTTP/1.1" 200 2567010 "http://localhost:8080/" "Mozilla/5.0 (Windows NT 10.0; Win64; x64) AppleWebKit/537.36 (KHTML, like Gecko) Chrome/90.0.4430.93 Safari/537.36"
::1 - - [16/May/2021:06:05:44 +0000] "GET /public/images/img/scenery/2.jpg HTTP/1.1" 200 1189606 "http://localhost:8080/" "Mozilla/5.0 (Windows NT 10.0; Win64; x64) AppleWebKit/537.36 (KHTML, like Gecko) Chrome/90.0.4430.93 Safari/537.36"
::1 - - [16/May/2021:06:05:44 +0000] "GET /public/images/img/scenery/21.jpg HTTP/1.1" 200 1215184 "http://localhost:8080/" "Mozilla/5.0 (Windows NT 10.0; Win64; x64) AppleWebKit/537.36 (KHTML, like Gecko) Chrome/90.0.4430.93 Safari/537.36"
::1 - - [16/May/2021:06:05:44 +0000] "GET /public/images/img/scenery/20.jpg HTTP/1.1" 200 1803021 "http://localhost:8080/" "Mozilla/5.0 (Windows NT 10.0; Win64; x64) AppleWebKit/537.36 (KHTML, like Gecko) Chrome/90.0.4430.93 Safari/537.36"
::1 - - [16/May/2021:06:05:44 +0000] "GET /public/images/img/scenery/22.jpg HTTP/1.1" 200 1501347 "http://localhost:8080/" "Mozilla/5.0 (Windows NT 10.0; Win64; x64) AppleWebKit/537.36 (KHTML, like Gecko) Chrome/90.0.4430.93 Safari/537.36"
::1 - - [16/May/2021:06:05:44 +0000] "GET /public/images/img/scenery/23.jpg HTTP/1.1" 200 1088814 "http://localhost:8080/" "Mozilla/5.0 (Windows NT 10.0; Win64; x64) AppleWebKit/537.36 (KHTML, like Gecko) Chrome/90.0.4430.93 Safari/537.36"
::1 - - [16/May/2021:06:05:44 +0000] "GET /public/images/img/scenery/24.jpg HTTP/1.1" 200 1249045 "http://localhost:8080/" "Mozilla/5.0 (Windows NT 10.0; Win64; x64) AppleWebKit/537.36 (KHTML, like Gecko) Chrome/90.0.4430.93 Safari/537.36"
::1 - - [16/May/2021:06:05:44 +0000] "GET /public/images/img/scenery/25.jpg HTTP/1.1" 200 1459242 "http://localhost:8080/" "Mozilla/5.0 (Windows NT 10.0; Win64; x64) AppleWebKit/537.36 (KHTML, like Gecko) Chrome/90.0.4430.93 Safari/537.36"
::1 - - [16/May/2021:06:05:44 +0000] "GET /public/images/img/scenery/26.jpg HTTP/1.1" 200 1313395 "http://localhost:8080/" "Mozilla/5.0 (Windows NT 10.0; Win64; x64) AppleWebKit/537.36 (KHTML, like Gecko) Chrome/90.0.4430.93 Safari/537.36"
::1 - - [16/May/2021:06:05:44 +0000] "GET /public/images/img/scenery/27.jpg HTTP/1.1" 200 1437963 "http://localhost:8080/" "Mozilla/5.0 (Windows NT 10.0; Win64; x64) AppleWebKit/537.36 (KHTML, like Gecko) Chrome/90.0.4430.93 Safari/537.36"
::1 - - [16/May/2021:06:05:44 +0000] "GET /public/images/img/scenery/28.jpg HTTP/1.1" 200 1031446 "http://localhost:8080/" "Mozilla/5.0 (Windows NT 10.0; Win64; x64) AppleWebKit/537.36 (KHTML, like Gecko) Chrome/90.0.4430.93 Safari/537.36"
::1 - - [16/May/2021:06:05:44 +0000] "GET /public/images/img/scenery/29.jpg HTTP/1.1" 200 923271 "http://localhost:8080/" "Mozilla/5.0 (Windows NT 10.0; Win64; x64) AppleWebKit/537.36 (KHTML, like Gecko) Chrome/90.0.4430.93 Safari/537.36"
::1 - - [16/May/2021:06:05:44 +0000] "GET /public/images/img/scenery/3.jpg HTTP/1.1" 200 777119 "http://localhost:8080/" "Mozilla/5.0 (Windows NT 10.0; Win64; x64) AppleWebKit/537.36 (KHTML, like Gecko) Chrome/90.0.4430.93 Safari/537.36"
::1 - - [16/May/2021:06:05:44 +0000] "GET /public/images/img/scenery/30.jpg HTTP/1.1" 200 938833 "http://localhost:8080/" "Mozilla/5.0 (Windows NT 10.0; Win64; x64) AppleWebKit/537.36 (KHTML, like Gecko) Chrome/90.0.4430.93 Safari/537.36"
::1 - - [16/May/2021:06:05:44 +0000] "GET /public/images/img/scenery/31.jpg HTTP/1.1" 200 810912 "http://localhost:8080/" "Mozilla/5.0 (Windows NT 10.0; Win64; x64) AppleWebKit/537.36 (KHTML, like Gecko) Chrome/90.0.4430.93 Safari/537.36"
::1 - - [16/May/2021:06:05:44 +0000] "GET /public/images/img/scenery/33.jpg HTTP/1.1" 200 926189 "http://localhost:8080/" "Mozilla/5.0 (Windows NT 10.0; Win64; x64) AppleWebKit/537.36 (KHTML, like Gecko) Chrome/90.0.4430.93 Safari/537.36"
::1 - - [16/May/2021:06:05:44 +0000] "GET /public/images/img/scenery/35.jpg HTTP/1.1" 200 513430 "http://localhost:8080/" "Mozilla/5.0 (Windows NT 10.0; Win64; x64) AppleWebKit/537.36 (KHTML, like Gecko) Chrome/90.0.4430.93 Safari/537.36"
::1 - - [16/May/2021:06:05:44 +0000] "GET /public/images/img/scenery/34.jpg HTTP/1.1" 200 973899 "http://localhost:8080/" "Mozilla/5.0 (Windows NT 10.0; Win64; x64) AppleWebKit/537.36 (KHTML, like Gecko) Chrome/90.0.4430.93 Safari/537.36"
::1 - - [16/May/2021:06:05:44 +0000] "GET /public/images/img/scenery/32.jpg HTTP/1.1" 200 1287620 "http://localhost:8080/" "Mozilla/5.0 (Windows NT 10.0; Win64; x64) AppleWebKit/537.36 (KHTML, like Gecko) Chrome/90.0.4430.93 Safari/537.36"
::1 - - [16/May/2021:06:05:44 +0000] "GET /public/images/img/scenery/36.jpg HTTP/1.1" 200 1611774 "http://localhost:8080/" "Mozilla/5.0 (Windows NT 10.0; Win64; x64) AppleWebKit/537.36 (KHTML, like Gecko) Chrome/90.0.4430.93 Safari/537.36"
::1 - - [16/May/2021:06:05:44 +0000] "GET /public/images/img/scenery/37.jpg HTTP/1.1" 200 422094 "http://localhost:8080/" "Mozilla/5.0 (Windows NT 10.0; Win64; x64) AppleWebKit/537.36 (KHTML, like Gecko) Chrome/90.0.4430.93 Safari/537.36"
::1 - - [16/May/2021:06:05:44 +0000] "GET /public/images/img/scenery/38.jpg HTTP/1.1" 200 1408963 "http://localhost:8080/" "Mozilla/5.0 (Windows NT 10.0; Win64; x64) AppleWebKit/537.36 (KHTML, like Gecko) Chrome/90.0.4430.93 Safari/537.36"
::1 - - [16/May/2021:06:05:45 +0000] "GET /public/images/img/scenery/39.jpg HTTP/1.1" 200 594969 "http://localhost:8080/" "Mozilla/5.0 (Windows NT 10.0; Win64; x64) AppleWebKit/537.36 (KHTML, like Gecko) Chrome/90.0.4430.93 Safari/537.36"
::1 - - [16/May/2021:06:05:45 +0000] "GET /public/images/img/scenery/40.jpg HTTP/1.1" 200 570266 "http://localhost:8080/" "Mozilla/5.0 (Windows NT 10.0; Win64; x64) AppleWebKit/537.36 (KHTML, like Gecko) Chrome/90.0.4430.93 Safari/537.36"
::1 - - [16/May/2021:06:05:45 +0000] "GET /public/images/img/scenery/41.jpg HTTP/1.1" 200 676022 "http://localhost:8080/" "Mozilla/5.0 (Windows NT 10.0; Win64; x64) AppleWebKit/537.36 (KHTML, like Gecko) Chrome/90.0.4430.93 Safari/537.36"
::1 - - [16/May/2021:06:05:45 +0000] "GET /public/images/img/scenery/4.jpg HTTP/1.1" 200 770256 "http://localhost:8080/" "Mozilla/5.0 (Windows NT 10.0; Win64; x64) AppleWebKit/537.36 (KHTML, like Gecko) Chrome/90.0.4430.93 Safari/537.36"
::1 - - [16/May/2021:06:05:45 +0000] "GET /public/images/img/scenery/42.jpg HTTP/1.1" 200 747961 "http://localhost:8080/" "Mozilla/5.0 (Windows NT 10.0; Win64; x64) AppleWebKit/537.36 (KHTML, like Gecko) Chrome/90.0.4430.93 Safari/537.36"
::1 - - [16/May/2021:06:05:45 +0000] "GET /public/images/img/scenery/43.jpg HTTP/1.1" 200 575970 "http://localhost:8080/" "Mozilla/5.0 (Windows NT 10.0; Win64; x64) AppleWebKit/537.36 (KHTML, like Gecko) Chrome/90.0.4430.93 Safari/537.36"
::1 - - [16/May/2021:06:05:45 +0000] "GET /public/images/img/scenery/44.jpg HTTP/1.1" 200 3087622 "http://localhost:8080/" "Mozilla/5.0 (Windows NT 10.0; Win64; x64) AppleWebKit/537.36 (KHTML, like Gecko) Chrome/90.0.4430.93 Safari/537.36"
::1 - - [16/May/2021:06:05:45 +0000] "GET /public/images/img/scenery/46.jpg HTTP/1.1" 200 1636052 "http://localhost:8080/" "Mozilla/5.0 (Windows NT 10.0; Win64; x64) AppleWebKit/537.36 (KHTML, like Gecko) Chrome/90.0.4430.93 Safari/537.36"
::1 - - [16/May/2021:06:05:45 +0000] "GET /public/images/img/scenery/45.jpg HTTP/1.1" 200 8204788 "http://localhost:8080/" "Mozilla/5.0 (Windows NT 10.0; Win64; x64) AppleWebKit/537.36 (KHTML, like Gecko) Chrome/90.0.4430.93 Safari/537.36"
::1 - - [16/May/2021:06:05:45 +0000] "GET /public/images/img/scenery/5.jpg HTTP/1.1" 200 863373 "http://localhost:8080/" "Mozilla/5.0 (Windows NT 10.0; Win64; x64) AppleWebKit/537.36 (KHTML, like Gecko) Chrome/90.0.4430.93 Safari/537.36"
::1 - - [16/May/2021:06:05:45 +0000] "GET /public/images/img/scenery/50.jpg HTTP/1.1" 200 1848974 "http://localhost:8080/" "Mozilla/5.0 (Windows NT 10.0; Win64; x64) AppleWebKit/537.36 (KHTML, like Gecko) Chrome/90.0.4430.93 Safari/537.36"
::1 - - [16/May/2021:06:05:45 +0000] "GET /public/images/img/scenery/51.jpg HTTP/1.1" 200 938144 "http://localhost:8080/" "Mozilla/5.0 (Windows NT 10.0; Win64; x64) AppleWebKit/537.36 (KHTML, like Gecko) Chrome/90.0.4430.93 Safari/537.36"
::1 - - [16/May/2021:06:05:46 +0000] "GET /public/images/img/scenery/47.jpg HTTP/1.1" 200 6692982 "http://localhost:8080/" "Mozilla/5.0 (Windows NT 10.0; Win64; x64) AppleWebKit/537.36 (KHTML, like Gecko) Chrome/90.0.4430.93 Safari/537.36"
::1 - - [16/May/2021:06:05:46 +0000] "GET /public/images/img/scenery/48.jpg HTTP/1.1" 200 6924238 "http://localhost:8080/" "Mozilla/5.0 (Windows NT 10.0; Win64; x64) AppleWebKit/537.36 (KHTML, like Gecko) Chrome/90.0.4430.93 Safari/537.36"
::1 - - [16/May/2021:06:05:46 +0000] "GET /public/images/img/scenery/49.jpg HTTP/1.1" 200 7646566 "http://localhost:8080/" "Mozilla/5.0 (Windows NT 10.0; Win64; x64) AppleWebKit/537.36 (KHTML, like Gecko) Chrome/90.0.4430.93 Safari/537.36"
::1 - - [16/May/2021:06:05:46 +0000] "GET /public/images/img/scenery/52.jpg HTTP/1.1" 200 1772823 "http://localhost:8080/" "Mozilla/5.0 (Windows NT 10.0; Win64; x64) AppleWebKit/537.36 (KHTML, like Gecko) Chrome/90.0.4430.93 Safari/537.36"
::1 - - [16/May/2021:06:05:46 +0000] "GET /public/images/img/scenery/6.jpg HTTP/1.1" 200 848657 "http://localhost:8080/" "Mozilla/5.0 (Windows NT 10.0; Win64; x64) AppleWebKit/537.36 (KHTML, like Gecko) Chrome/90.0.4430.93 Safari/537.36"
::1 - - [16/May/2021:06:05:46 +0000] "GET /public/images/img/scenery/7.jpg HTTP/1.1" 200 1189606 "http://localhost:8080/" "Mozilla/5.0 (Windows NT 10.0; Win64; x64) AppleWebKit/537.36 (KHTML, like Gecko) Chrome/90.0.4430.93 Safari/537.36"
::1 - - [16/May/2021:06:05:46 +0000] "GET /public/images/img/scenery/8.jpg HTTP/1.1" 200 734427 "http://localhost:8080/" "Mozilla/5.0 (Windows NT 10.0; Win64; x64) AppleWebKit/537.36 (KHTML, like Gecko) Chrome/90.0.4430.93 Safari/537.36"
::1 - - [16/May/2021:06:05:46 +0000] "GET /public/images/img/scenery/9.jpg HTTP/1.1" 200 770256 "http://localhost:8080/" "Mozilla/5.0 (Windows NT 10.0; Win64; x64) AppleWebKit/537.36 (KHTML, like Gecko) Chrome/90.0.4430.93 Safari/537.36"
::1 - - [16/May/2021:06:05:53 +0000] "OPTIONS /message/get/dynamic HTTP/1.1" 204 0 "http://localhost:8080/" "Mozilla/5.0 (Windows NT 10.0; Win64; x64) AppleWebKit/537.36 (KHTML, like Gecko) Chrome/90.0.4430.93 Safari/537.36"
::1 - - [16/May/2021:06:05:54 +0000] "GET /message/get/dynamic HTTP/1.1" 304 - "http://localhost:8080/" "Mozilla/5.0 (Windows NT 10.0; Win64; x64) AppleWebKit/537.36 (KHTML, like Gecko) Chrome/90.0.4430.93 Safari/537.36"
::1 - - [16/May/2021:06:05:54 +0000] "GET /public/images/avatar/1617424043992u=2409086564,4092922119&fm=26&gp=0.jpg HTTP/1.1" 200 36888 "http://localhost:8080/" "Mozilla/5.0 (Windows NT 10.0; Win64; x64) AppleWebKit/537.36 (KHTML, like Gecko) Chrome/90.0.4430.93 Safari/537.36"
::1 - - [16/May/2021:06:05:54 +0000] "GET /public/images/avatar/16203527895041620352789458.png HTTP/1.1" 200 97749 "http://localhost:8080/" "Mozilla/5.0 (Windows NT 10.0; Win64; x64) AppleWebKit/537.36 (KHTML, like Gecko) Chrome/90.0.4430.93 Safari/537.36"
::1 - - [16/May/2021:06:05:54 +0000] "GET /public/images/avatar/1603250241278892e5b55170b2aad76ea9cb1a4c42551.jpg HTTP/1.1" 200 112476 "http://localhost:8080/" "Mozilla/5.0 (Windows NT 10.0; Win64; x64) AppleWebKit/537.36 (KHTML, like Gecko) Chrome/90.0.4430.93 Safari/537.36"
::1 - - [16/May/2021:06:05:54 +0000] "GET /public/images/avatar/1603262878798a2e7ff7ee3e011229f3f503925d824b9.jpg HTTP/1.1" 200 189836 "http://localhost:8080/" "Mozilla/5.0 (Windows NT 10.0; Win64; x64) AppleWebKit/537.36 (KHTML, like Gecko) Chrome/90.0.4430.93 Safari/537.36"
::1 - - [16/May/2021:06:05:54 +0000] "GET /public/images/avatar/default_avatar.jpg HTTP/1.1" 200 451948 "http://localhost:8080/" "Mozilla/5.0 (Windows NT 10.0; Win64; x64) AppleWebKit/537.36 (KHTML, like Gecko) Chrome/90.0.4430.93 Safari/537.36"
::1 - - [16/May/2021:06:05:54 +0000] "GET /public/images/avatar/160326210741046849996dc773d969f561b42ac4fce6e.jpg HTTP/1.1" 200 1443015 "http://localhost:8080/" "Mozilla/5.0 (Windows NT 10.0; Win64; x64) AppleWebKit/537.36 (KHTML, like Gecko) Chrome/90.0.4430.93 Safari/537.36"
::1 - - [16/May/2021:06:06:41 +0000] "OPTIONS /register HTTP/1.1" 204 0 "http://localhost:8080/" "Mozilla/5.0 (Windows NT 10.0; Win64; x64) AppleWebKit/537.36 (KHTML, like Gecko) Chrome/90.0.4430.93 Safari/537.36"
::1 - - [16/May/2021:06:06:41 +0000] "POST /register HTTP/1.1" 200 33 "http://localhost:8080/" "Mozilla/5.0 (Windows NT 10.0; Win64; x64) AppleWebKit/537.36 (KHTML, like Gecko) Chrome/90.0.4430.93 Safari/537.36"
::1 - - [16/May/2021:06:06:49 +0000] "OPTIONS /login HTTP/1.1" 204 0 "http://localhost:8080/" "Mozilla/5.0 (Windows NT 10.0; Win64; x64) AppleWebKit/537.36 (KHTML, like Gecko) Chrome/90.0.4430.93 Safari/537.36"
::1 - - [16/May/2021:06:06:49 +0000] "POST /login HTTP/1.1" 200 391 "http://localhost:8080/" "Mozilla/5.0 (Windows NT 10.0; Win64; x64) AppleWebKit/537.36 (KHTML, like Gecko) Chrome/90.0.4430.93 Safari/537.36"
::1 - - [16/May/2021:06:06:51 +0000] "OPTIONS /message/get/dynamic HTTP/1.1" 204 0 "http://localhost:8080/" "Mozilla/5.0 (Windows NT 10.0; Win64; x64) AppleWebKit/537.36 (KHTML, like Gecko) Chrome/90.0.4430.93 Safari/537.36"
::1 - - [16/May/2021:06:06:51 +0000] "GET /message/get/dynamic HTTP/1.1" 304 - "http://localhost:8080/" "Mozilla/5.0 (Windows NT 10.0; Win64; x64) AppleWebKit/537.36 (KHTML, like Gecko) Chrome/90.0.4430.93 Safari/537.36"
::1 - - [16/May/2021:06:06:59 +0000] "OPTIONS /message/post/dynamic HTTP/1.1" 204 0 "http://localhost:8080/" "Mozilla/5.0 (Windows NT 10.0; Win64; x64) AppleWebKit/537.36 (KHTML, like Gecko) Chrome/90.0.4430.93 Safari/537.36"
::1 - - [16/May/2021:06:06:59 +0000] "POST /message/post/dynamic HTTP/1.1" 200 39 "http://localhost:8080/" "Mozilla/5.0 (Windows NT 10.0; Win64; x64) AppleWebKit/537.36 (KHTML, like Gecko) Chrome/90.0.4430.93 Safari/537.36"
::1 - - [16/May/2021:06:06:59 +0000] "OPTIONS /message/get/dynamic HTTP/1.1" 204 0 "http://localhost:8080/" "Mozilla/5.0 (Windows NT 10.0; Win64; x64) AppleWebKit/537.36 (KHTML, like Gecko) Chrome/90.0.4430.93 Safari/537.36"
::1 - - [16/May/2021:06:06:59 +0000] "GET /message/get/dynamic HTTP/1.1" 200 10875 "http://localhost:8080/" "Mozilla/5.0 (Windows NT 10.0; Win64; x64) AppleWebKit/537.36 (KHTML, like Gecko) Chrome/90.0.4430.93 Safari/537.36"
::1 - - [16/May/2021:06:07:08 +0000] "OPTIONS /message/post/comment HTTP/1.1" 204 0 "http://localhost:8080/" "Mozilla/5.0 (Windows NT 10.0; Win64; x64) AppleWebKit/537.36 (KHTML, like Gecko) Chrome/90.0.4430.93 Safari/537.36"
::1 - - [16/May/2021:06:07:08 +0000] "POST /message/post/comment HTTP/1.1" 200 39 "http://localhost:8080/" "Mozilla/5.0 (Windows NT 10.0; Win64; x64) AppleWebKit/537.36 (KHTML, like Gecko) Chrome/90.0.4430.93 Safari/537.36"
::1 - - [16/May/2021:06:07:08 +0000] "OPTIONS /message/get/dynamic HTTP/1.1" 204 0 "http://localhost:8080/" "Mozilla/5.0 (Windows NT 10.0; Win64; x64) AppleWebKit/537.36 (KHTML, like Gecko) Chrome/90.0.4430.93 Safari/537.36"
::1 - - [16/May/2021:06:07:08 +0000] "GET /message/get/dynamic HTTP/1.1" 200 11076 "http://localhost:8080/" "Mozilla/5.0 (Windows NT 10.0; Win64; x64) AppleWebKit/537.36 (KHTML, like Gecko) Chrome/90.0.4430.93 Safari/537.36"
::1 - - [16/May/2021:06:07:35 +0000] "OPTIONS /login HTTP/1.1" 204 0 "http://localhost:8080/" "Mozilla/5.0 (Windows NT 10.0; Win64; x64) AppleWebKit/537.36 (KHTML, like Gecko) Chrome/90.0.4430.212 Safari/537.36 Edg/90.0.818.62"
::1 - - [16/May/2021:06:07:35 +0000] "POST /login HTTP/1.1" 200 420 "http://localhost:8080/" "Mozilla/5.0 (Windows NT 10.0; Win64; x64) AppleWebKit/537.36 (KHTML, like Gecko) Chrome/90.0.4430.212 Safari/537.36 Edg/90.0.818.62"
::1 - - [16/May/2021:06:07:35 +0000] "GET /public/images/avatar/16203527895041620352789458.png HTTP/1.1" 200 97749 "http://localhost:8080/" "Mozilla/5.0 (Windows NT 10.0; Win64; x64) AppleWebKit/537.36 (KHTML, like Gecko) Chrome/90.0.4430.212 Safari/537.36 Edg/90.0.818.62"
::1 - - [16/May/2021:06:07:41 +0000] "GET /public/images/avatar/default_avatar.jpg HTTP/1.1" 200 451948 "http://localhost:8080/" "Mozilla/5.0 (Windows NT 10.0; Win64; x64) AppleWebKit/537.36 (KHTML, like Gecko) Chrome/90.0.4430.212 Safari/537.36 Edg/90.0.818.62"
::1 - - [16/May/2021:06:08:18 +0000] "GET /public/images/avatar/16203527895041620352789458.png HTTP/1.1" 304 - "http://localhost:8080/" "Mozilla/5.0 (Windows NT 10.0; Win64; x64) AppleWebKit/537.36 (KHTML, like Gecko) Chrome/90.0.4430.212 Safari/537.36 Edg/90.0.818.62"
::1 - - [16/May/2021:06:08:18 +0000] "GET /public/images/avatar/default_avatar.jpg HTTP/1.1" 304 - "http://localhost:8080/" "Mozilla/5.0 (Windows NT 10.0; Win64; x64) AppleWebKit/537.36 (KHTML, like Gecko) Chrome/90.0.4430.212 Safari/537.36 Edg/90.0.818.62"
::1 - - [16/May/2021:06:08:29 +0000] "OPTIONS /message/get/mycomment HTTP/1.1" 204 0 "http://localhost:8080/" "Mozilla/5.0 (Windows NT 10.0; Win64; x64) AppleWebKit/537.36 (KHTML, like Gecko) Chrome/90.0.4430.212 Safari/537.36 Edg/90.0.818.62"
::1 - - [16/May/2021:06:08:29 +0000] "POST /message/get/mycomment HTTP/1.1" 200 1203 "http://localhost:8080/" "Mozilla/5.0 (Windows NT 10.0; Win64; x64) AppleWebKit/537.36 (KHTML, like Gecko) Chrome/90.0.4430.212 Safari/537.36 Edg/90.0.818.62"
::1 - - [16/May/2021:06:08:29 +0000] "GET /public/images/avatar/1617424043992u=2409086564,4092922119&fm=26&gp=0.jpg HTTP/1.1" 200 36888 "http://localhost:8080/" "Mozilla/5.0 (Windows NT 10.0; Win64; x64) AppleWebKit/537.36 (KHTML, like Gecko) Chrome/90.0.4430.212 Safari/537.36 Edg/90.0.818.62"
::1 - - [16/May/2021:06:08:29 +0000] "GET /public/images/avatar/1603249719512e7ce86382fa47c58d7f89334538b235a.jpg HTTP/1.1" 200 1448043 "http://localhost:8080/" "Mozilla/5.0 (Windows NT 10.0; Win64; x64) AppleWebKit/537.36 (KHTML, like Gecko) Chrome/90.0.4430.212 Safari/537.36 Edg/90.0.818.62"
::1 - - [16/May/2021:06:09:59 +0000] "GET /public/images/avatar/160283218164589c2961f4a63cb6156b7af1c2cc372bf.jpg HTTP/1.1" 404 209 "http://localhost:8081/" "Mozilla/5.0 (Windows NT 10.0; Win64; x64) AppleWebKit/537.36 (KHTML, like Gecko) Chrome/90.0.4430.93 Safari/537.36"
::1 - - [16/May/2021:06:10:02 +0000] "GET /public/images/avatar/160283218164589c2961f4a63cb6156b7af1c2cc372bf.jpg HTTP/1.1" 404 209 "http://localhost:8081/" "Mozilla/5.0 (Linux; Android 8.0; Pixel 2 Build/OPD3.170816.012) AppleWebKit/537.36 (KHTML, like Gecko) Chrome/90.0.4430.93 Mobile Safari/537.36"
::1 - - [16/May/2021:06:10:03 +0000] "GET /public/images/avatar/160283218164589c2961f4a63cb6156b7af1c2cc372bf.jpg HTTP/1.1" 404 209 "http://localhost:8081/" "Mozilla/5.0 (Linux; Android 8.0; Pixel 2 Build/OPD3.170816.012) AppleWebKit/537.36 (KHTML, like Gecko) Chrome/90.0.4430.93 Mobile Safari/537.36"
::ffff:127.0.0.1 - - [16/May/2021:06:10:05 +0000] "OPTIONS /friend/list HTTP/1.1" 204 0 "http://localhost:8081/" "Mozilla/5.0 (Linux; Android 8.0; Pixel 2 Build/OPD3.170816.012) AppleWebKit/537.36 (KHTML, like Gecko) Chrome/90.0.4430.93 Mobile Safari/537.36"
::ffff:127.0.0.1 - - [16/May/2021:06:10:05 +0000] "OPTIONS /friend/apply/num HTTP/1.1" 204 0 "http://localhost:8081/" "Mozilla/5.0 (Linux; Android 8.0; Pixel 2 Build/OPD3.170816.012) AppleWebKit/537.36 (KHTML, like Gecko) Chrome/90.0.4430.93 Mobile Safari/537.36"
::1 - - [16/May/2021:06:10:05 +0000] "GET /public/images/avatar/160283218164589c2961f4a63cb6156b7af1c2cc372bf.jpg HTTP/1.1" 404 209 "http://localhost:8081/" "Mozilla/5.0 (Linux; Android 8.0; Pixel 2 Build/OPD3.170816.012) AppleWebKit/537.36 (KHTML, like Gecko) Chrome/90.0.4430.93 Mobile Safari/537.36"
::ffff:127.0.0.1 - - [16/May/2021:06:10:05 +0000] "POST /friend/apply/num HTTP/1.1" 200 64 "http://localhost:8081/" "Mozilla/5.0 (Linux; Android 8.0; Pixel 2 Build/OPD3.170816.012) AppleWebKit/537.36 (KHTML, like Gecko) Chrome/90.0.4430.93 Mobile Safari/537.36"
::ffff:127.0.0.1 - - [16/May/2021:06:10:05 +0000] "POST /friend/apply/num HTTP/1.1" 200 64 "http://localhost:8081/" "Mozilla/5.0 (Linux; Android 8.0; Pixel 2 Build/OPD3.170816.012) AppleWebKit/537.36 (KHTML, like Gecko) Chrome/90.0.4430.93 Mobile Safari/537.36"
::ffff:127.0.0.1 - - [16/May/2021:06:10:05 +0000] "POST /friend/list HTTP/1.1" 200 1472 "http://localhost:8081/" "Mozilla/5.0 (Linux; Android 8.0; Pixel 2 Build/OPD3.170816.012) AppleWebKit/537.36 (KHTML, like Gecko) Chrome/90.0.4430.93 Mobile Safari/537.36"
::ffff:127.0.0.1 - - [16/May/2021:06:10:05 +0000] "POST /friend/list HTTP/1.1" 200 1472 "http://localhost:8081/" "Mozilla/5.0 (Linux; Android 8.0; Pixel 2 Build/OPD3.170816.012) AppleWebKit/537.36 (KHTML, like Gecko) Chrome/90.0.4430.93 Mobile Safari/537.36"
::1 - - [16/May/2021:06:10:05 +0000] "GET /public/images/avatar/default_avatar.jpg HTTP/1.1" 304 - "http://localhost:8081/" "Mozilla/5.0 (Linux; Android 8.0; Pixel 2 Build/OPD3.170816.012) AppleWebKit/537.36 (KHTML, like Gecko) Chrome/90.0.4430.93 Mobile Safari/537.36"
::1 - - [16/May/2021:06:10:05 +0000] "GET /public/images/avatar/1617424043992u=2409086564,4092922119&fm=26&gp=0.jpg HTTP/1.1" 304 - "http://localhost:8081/" "Mozilla/5.0 (Linux; Android 8.0; Pixel 2 Build/OPD3.170816.012) AppleWebKit/537.36 (KHTML, like Gecko) Chrome/90.0.4430.93 Mobile Safari/537.36"
::1 - - [16/May/2021:06:10:05 +0000] "GET /public/images/avatar/1603250241278892e5b55170b2aad76ea9cb1a4c42551.jpg HTTP/1.1" 304 - "http://localhost:8081/" "Mozilla/5.0 (Linux; Android 8.0; Pixel 2 Build/OPD3.170816.012) AppleWebKit/537.36 (KHTML, like Gecko) Chrome/90.0.4430.93 Mobile Safari/537.36"
::1 - - [16/May/2021:06:10:05 +0000] "GET /public/images/avatar/161742393186929c52b526855b04b3b85282a89134631.jpg HTTP/1.1" 200 451948 "http://localhost:8081/" "Mozilla/5.0 (Linux; Android 8.0; Pixel 2 Build/OPD3.170816.012) AppleWebKit/537.36 (KHTML, like Gecko) Chrome/90.0.4430.93 Mobile Safari/537.36"
::1 - - [16/May/2021:06:10:05 +0000] "GET /public/images/avatar/1603249719512e7ce86382fa47c58d7f89334538b235a.jpg HTTP/1.1" 200 1448043 "http://localhost:8081/" "Mozilla/5.0 (Linux; Android 8.0; Pixel 2 Build/OPD3.170816.012) AppleWebKit/537.36 (KHTML, like Gecko) Chrome/90.0.4430.93 Mobile Safari/537.36"
