::1 - - [12/Oct/2020:09:16:38 +0000] "GET / HTTP/1.1" 200 58 "-" "Mozilla/5.0 (Windows NT 10.0; Win64; x64) AppleWebKit/537.36 (KHTML, like Gecko) Chrome/84.0.4147.125 Safari/537.36"
::1 - - [12/Oct/2020:09:17:28 +0000] "GET /login HTTP/1.1" 200 3 "-" "Mozilla/5.0 (Windows NT 10.0; Win64; x64) AppleWebKit/537.36 (KHTML, like Gecko) Chrome/84.0.4147.125 Safari/537.36"
::1 - - [12/Oct/2020:09:17:52 +0000] "GET /login HTTP/1.1" 500 1369 "-" "Mozilla/5.0 (Windows NT 10.0; Win64; x64) AppleWebKit/537.36 (KHTML, like Gecko) Chrome/84.0.4147.125 Safari/537.36"
::1 - - [12/Oct/2020:09:18:42 +0000] "GET /login HTTP/1.1" 500 13 "-" "Mozilla/5.0 (Windows NT 10.0; Win64; x64) AppleWebKit/537.36 (KHTML, like Gecko) Chrome/84.0.4147.125 Safari/537.36"
::1 - - [12/Oct/2020:09:18:57 +0000] "OPTIONS /login HTTP/1.1" 204 0 "http://localhost:8080/?" "Mozilla/5.0 (Windows NT 10.0; Win64; x64) AppleWebKit/537.36 (KHTML, like Gecko) Chrome/84.0.4147.125 Safari/537.36"
::1 - - [12/Oct/2020:09:18:57 +0000] "POST /login HTTP/1.1" 404 145 "http://localhost:8080/?" "Mozilla/5.0 (Windows NT 10.0; Win64; x64) AppleWebKit/537.36 (KHTML, like Gecko) Chrome/84.0.4147.125 Safari/537.36"
::1 - - [12/Oct/2020:09:19:03 +0000] "GET /login HTTP/1.1" 500 13 "-" "Mozilla/5.0 (Windows NT 10.0; Win64; x64) AppleWebKit/537.36 (KHTML, like Gecko) Chrome/84.0.4147.125 Safari/537.36"
::ffff:127.0.0.1 - - [12/Oct/2020:09:19:26 +0000] "POST /login?username=123&password=123456 HTTP/1.1" 404 145 "-" "PostmanRuntime/7.26.5"
::1 - - [12/Oct/2020:09:20:51 +0000] "GET /login HTTP/1.1" 500 1375 "-" "Mozilla/5.0 (Windows NT 10.0; Win64; x64) AppleWebKit/537.36 (KHTML, like Gecko) Chrome/84.0.4147.125 Safari/537.36"
::1 - - [12/Oct/2020:09:24:19 +0000] "GET /login HTTP/1.1" 200 12 "-" "Mozilla/5.0 (Windows NT 10.0; Win64; x64) AppleWebKit/537.36 (KHTML, like Gecko) Chrome/84.0.4147.125 Safari/537.36"
::ffff:127.0.0.1 - - [12/Oct/2020:09:24:33 +0000] "POST /login?username=123&password=123456 HTTP/1.1" 404 145 "-" "PostmanRuntime/7.26.5"
::ffff:127.0.0.1 - - [12/Oct/2020:09:25:01 +0000] "POST /login?username=123&password=123456 HTTP/1.1" 404 145 "-" "PostmanRuntime/7.26.5"
::1 - - [12/Oct/2020:09:27:59 +0000] "GET /login HTTP/1.1" 304 - "-" "Mozilla/5.0 (Windows NT 10.0; Win64; x64) AppleWebKit/537.36 (KHTML, like Gecko) Chrome/84.0.4147.125 Safari/537.36"
::ffff:127.0.0.1 - - [12/Oct/2020:09:28:04 +0000] "POST /login?username=123&password=123456 HTTP/1.1" 404 145 "-" "PostmanRuntime/7.26.5"
::1 - - [12/Oct/2020:09:28:26 +0000] "POST /login?username=123&password=123456 HTTP/1.1" 404 145 "-" "PostmanRuntime/7.26.5"
::1 - - [12/Oct/2020:09:28:54 +0000] "POST /login?username=123&password=123456 HTTP/1.1" 404 145 "-" "PostmanRuntime/7.26.5"
::1 - - [12/Oct/2020:09:28:59 +0000] "GET /login?username=123&password=123456 HTTP/1.1" 200 12 "-" "PostmanRuntime/7.26.5"
::1 - - [12/Oct/2020:09:29:43 +0000] "GET /login HTTP/1.1" 304 - "http://localhost:8080/?" "Mozilla/5.0 (Windows NT 10.0; Win64; x64) AppleWebKit/537.36 (KHTML, like Gecko) Chrome/84.0.4147.125 Safari/537.36"
::1 - - [12/Oct/2020:09:31:07 +0000] "GET /login HTTP/1.1" 304 - "http://localhost:8080/?" "Mozilla/5.0 (Windows NT 10.0; Win64; x64) AppleWebKit/537.36 (KHTML, like Gecko) Chrome/84.0.4147.125 Safari/537.36"
::1 - - [12/Oct/2020:09:31:45 +0000] "GET /login HTTP/1.1" 304 - "http://localhost:8080/?" "Mozilla/5.0 (Windows NT 10.0; Win64; x64) AppleWebKit/537.36 (KHTML, like Gecko) Chrome/84.0.4147.125 Safari/537.36"
::1 - - [12/Oct/2020:09:32:50 +0000] "OPTIONS /login HTTP/1.1" 204 0 "http://localhost:8080/?" "Mozilla/5.0 (Windows NT 10.0; Win64; x64) AppleWebKit/537.36 (KHTML, like Gecko) Chrome/84.0.4147.125 Safari/537.36"
::1 - - [12/Oct/2020:09:32:50 +0000] "POST /login HTTP/1.1" 404 145 "http://localhost:8080/?" "Mozilla/5.0 (Windows NT 10.0; Win64; x64) AppleWebKit/537.36 (KHTML, like Gecko) Chrome/84.0.4147.125 Safari/537.36"
::1 - - [12/Oct/2020:11:47:45 +0000] "OPTIONS /login HTTP/1.1" 204 0 "http://localhost:8080/?" "Mozilla/5.0 (Windows NT 10.0; Win64; x64) AppleWebKit/537.36 (KHTML, like Gecko) Chrome/84.0.4147.125 Safari/537.36"
::1 - - [12/Oct/2020:11:47:45 +0000] "POST /login HTTP/1.1" 404 145 "http://localhost:8080/?" "Mozilla/5.0 (Windows NT 10.0; Win64; x64) AppleWebKit/537.36 (KHTML, like Gecko) Chrome/84.0.4147.125 Safari/537.36"
::1 - - [12/Oct/2020:11:48:04 +0000] "GET /login HTTP/1.1" 304 - "http://localhost:8080/?" "Mozilla/5.0 (Windows NT 10.0; Win64; x64) AppleWebKit/537.36 (KHTML, like Gecko) Chrome/84.0.4147.125 Safari/537.36"
::1 - - [12/Oct/2020:11:48:38 +0000] "GET /login HTTP/1.1" 304 - "http://localhost:8080/?" "Mozilla/5.0 (Windows NT 10.0; Win64; x64) AppleWebKit/537.36 (KHTML, like Gecko) Chrome/84.0.4147.125 Safari/537.36"
::1 - - [12/Oct/2020:11:49:28 +0000] "GET /login HTTP/1.1" 304 - "http://localhost:8080/?" "Mozilla/5.0 (Windows NT 10.0; Win64; x64) AppleWebKit/537.36 (KHTML, like Gecko) Chrome/84.0.4147.125 Safari/537.36"
::1 - - [12/Oct/2020:11:49:31 +0000] "GET /login HTTP/1.1" 304 - "http://localhost:8080/?" "Mozilla/5.0 (Windows NT 10.0; Win64; x64) AppleWebKit/537.36 (KHTML, like Gecko) Chrome/84.0.4147.125 Safari/537.36"
::1 - - [12/Oct/2020:11:49:50 +0000] "GET /login HTTP/1.1" 304 - "http://localhost:8080/?" "Mozilla/5.0 (Windows NT 10.0; Win64; x64) AppleWebKit/537.36 (KHTML, like Gecko) Chrome/84.0.4147.125 Safari/537.36"
::1 - - [12/Oct/2020:12:03:55 +0000] "GET /login?username=543543-&password=4-45-4- HTTP/1.1" 200 12 "http://localhost:8080/?" "Mozilla/5.0 (Windows NT 10.0; Win64; x64) AppleWebKit/537.36 (KHTML, like Gecko) Chrome/84.0.4147.125 Safari/537.36"
::1 - - [12/Oct/2020:12:04:28 +0000] "GET /login?username=3543&password=5-45-- HTTP/1.1" 200 12 "http://localhost:8080/?" "Mozilla/5.0 (Windows NT 10.0; Win64; x64) AppleWebKit/537.36 (KHTML, like Gecko) Chrome/84.0.4147.125 Safari/537.36"
::1 - - [12/Oct/2020:12:06:59 +0000] "GET /login?username=3543&password=5-45-- HTTP/1.1" 304 - "http://localhost:8080/?" "Mozilla/5.0 (Windows NT 10.0; Win64; x64) AppleWebKit/537.36 (KHTML, like Gecko) Chrome/84.0.4147.125 Safari/537.36"
::1 - - [12/Oct/2020:12:11:42 +0000] "GET /login?username=3543&password=5-45-- HTTP/1.1" 400 12 "http://localhost:8080/?" "Mozilla/5.0 (Windows NT 10.0; Win64; x64) AppleWebKit/537.36 (KHTML, like Gecko) Chrome/84.0.4147.125 Safari/537.36"
::1 - - [12/Oct/2020:12:12:37 +0000] "GET /login?username=5433&password=543--- HTTP/1.1" 400 12 "http://localhost:8080/?" "Mozilla/5.0 (Windows NT 10.0; Win64; x64) AppleWebKit/537.36 (KHTML, like Gecko) Chrome/84.0.4147.125 Safari/537.36"
::1 - - [12/Oct/2020:12:17:42 +0000] "GET /login?username=453453&password=45-455-45 HTTP/1.1" 400 12 "http://localhost:8080/?" "Mozilla/5.0 (Windows NT 10.0; Win64; x64) AppleWebKit/537.36 (KHTML, like Gecko) Chrome/84.0.4147.125 Safari/537.36"
::1 - - [12/Oct/2020:12:17:54 +0000] "GET /login?username=453453&password=45-455-45 HTTP/1.1" 200 12 "http://localhost:8080/?" "Mozilla/5.0 (Windows NT 10.0; Win64; x64) AppleWebKit/537.36 (KHTML, like Gecko) Chrome/84.0.4147.125 Safari/537.36"
::1 - - [12/Oct/2020:12:18:46 +0000] "GET /login?username=453453&password=45-455-45 HTTP/1.1" 200 44 "http://localhost:8080/?" "Mozilla/5.0 (Windows NT 10.0; Win64; x64) AppleWebKit/537.36 (KHTML, like Gecko) Chrome/84.0.4147.125 Safari/537.36"
::1 - - [12/Oct/2020:12:20:50 +0000] "GET /login?username=453453&password=45-455-45 HTTP/1.1" 200 68 "http://localhost:8080/?" "Mozilla/5.0 (Windows NT 10.0; Win64; x64) AppleWebKit/537.36 (KHTML, like Gecko) Chrome/84.0.4147.125 Safari/537.36"
::1 - - [12/Oct/2020:12:21:16 +0000] "GET /login?username=543&password=45-3-- HTTP/1.1" 200 62 "http://localhost:8080/?" "Mozilla/5.0 (Windows NT 10.0; Win64; x64) AppleWebKit/537.36 (KHTML, like Gecko) Chrome/84.0.4147.125 Safari/537.36"
::1 - - [12/Oct/2020:12:21:41 +0000] "GET /login?username=543&password=45-3-- HTTP/1.1" 200 60 "http://localhost:8080/?" "Mozilla/5.0 (Windows NT 10.0; Win64; x64) AppleWebKit/537.36 (KHTML, like Gecko) Chrome/84.0.4147.125 Safari/537.36"
::ffff:127.0.0.1 - - [12/Oct/2020:12:21:56 +0000] "GET /login?username=45343&password=4-4-4553 HTTP/1.1" 200 64 "http://localhost:8080/?" "Mozilla/5.0 (Windows NT 10.0; Win64; x64) AppleWebKit/537.36 (KHTML, like Gecko) Chrome/84.0.4147.125 Safari/537.36"
::1 - - [12/Oct/2020:12:23:09 +0000] "GET /login?username=543&password=5------ HTTP/1.1" 200 39 "http://localhost:8080/?" "Mozilla/5.0 (Windows NT 10.0; Win64; x64) AppleWebKit/537.36 (KHTML, like Gecko) Chrome/84.0.4147.125 Safari/537.36"
::1 - - [12/Oct/2020:12:24:17 +0000] "GET /login?username=543&password=5------ HTTP/1.1" 200 61 "http://localhost:8080/?" "Mozilla/5.0 (Windows NT 10.0; Win64; x64) AppleWebKit/537.36 (KHTML, like Gecko) Chrome/84.0.4147.125 Safari/537.36"
::1 - - [12/Oct/2020:12:27:20 +0000] "GET /login?username=543&password=5------ HTTP/1.1" 200 39 "http://localhost:8080/?" "Mozilla/5.0 (Windows NT 10.0; Win64; x64) AppleWebKit/537.36 (KHTML, like Gecko) Chrome/84.0.4147.125 Safari/537.36"
::1 - - [12/Oct/2020:12:27:46 +0000] "GET /login?username=543&password=5------ HTTP/1.1" 500 1304 "http://localhost:8080/?" "Mozilla/5.0 (Windows NT 10.0; Win64; x64) AppleWebKit/537.36 (KHTML, like Gecko) Chrome/84.0.4147.125 Safari/537.36"
::1 - - [12/Oct/2020:12:30:37 +0000] "GET /login?username=543&password=5------ HTTP/1.1" 500 1284 "http://localhost:8080/?" "Mozilla/5.0 (Windows NT 10.0; Win64; x64) AppleWebKit/537.36 (KHTML, like Gecko) Chrome/84.0.4147.125 Safari/537.36"
::1 - - [12/Oct/2020:12:33:01 +0000] "GET /login?username=543&password=5------ HTTP/1.1" 200 39 "http://localhost:8080/?" "Mozilla/5.0 (Windows NT 10.0; Win64; x64) AppleWebKit/537.36 (KHTML, like Gecko) Chrome/84.0.4147.125 Safari/537.36"
::1 - - [12/Oct/2020:12:37:56 +0000] "GET /login HTTP/1.1" 200 2 "-" "Mozilla/5.0 (Windows NT 10.0; Win64; x64) AppleWebKit/537.36 (KHTML, like Gecko) Chrome/84.0.4147.125 Safari/537.36"
::1 - - [12/Oct/2020:12:37:57 +0000] "GET /favicon.ico HTTP/1.1" 404 150 "http://localhost:3000/login" "Mozilla/5.0 (Windows NT 10.0; Win64; x64) AppleWebKit/537.36 (KHTML, like Gecko) Chrome/84.0.4147.125 Safari/537.36"
::1 - - [12/Oct/2020:12:38:47 +0000] "GET / HTTP/1.1" - - "-" "Mozilla/5.0 (Windows NT 10.0; Win64; x64) AppleWebKit/537.36 (KHTML, like Gecko) Chrome/84.0.4147.125 Safari/537.36"
::1 - - [12/Oct/2020:12:38:47 +0000] "GET /login HTTP/1.1" 304 - "-" "Mozilla/5.0 (Windows NT 10.0; Win64; x64) AppleWebKit/537.36 (KHTML, like Gecko) Chrome/84.0.4147.125 Safari/537.36"
::1 - - [12/Oct/2020:12:38:50 +0000] "GET / HTTP/1.1" 200 58 "-" "Mozilla/5.0 (Windows NT 10.0; Win64; x64) AppleWebKit/537.36 (KHTML, like Gecko) Chrome/84.0.4147.125 Safari/537.36"
::1 - - [12/Oct/2020:12:45:36 +0000] "GET / HTTP/1.1" 200 70 "-" "Mozilla/5.0 (Windows NT 10.0; Win64; x64) AppleWebKit/537.36 (KHTML, like Gecko) Chrome/84.0.4147.125 Safari/537.36"
::1 - - [12/Oct/2020:13:01:13 +0000] "GET / HTTP/1.1" 304 - "-" "Mozilla/5.0 (Windows NT 10.0; Win64; x64) AppleWebKit/537.36 (KHTML, like Gecko) Chrome/84.0.4147.125 Safari/537.36"
::1 - - [12/Oct/2020:13:01:57 +0000] "GET / HTTP/1.1" 200 49 "-" "Mozilla/5.0 (Windows NT 10.0; Win64; x64) AppleWebKit/537.36 (KHTML, like Gecko) Chrome/84.0.4147.125 Safari/537.36"
::1 - - [12/Oct/2020:13:05:33 +0000] "GET /login?username=admin&password=123456 HTTP/1.1" 200 83 "http://localhost:8080/?" "Mozilla/5.0 (Windows NT 10.0; Win64; x64) AppleWebKit/537.36 (KHTML, like Gecko) Chrome/84.0.4147.125 Safari/537.36"
::1 - - [12/Oct/2020:13:23:07 +0000] "GET / HTTP/1.1" 200 58 "-" "Mozilla/5.0 (Windows NT 10.0; Win64; x64) AppleWebKit/537.36 (KHTML, like Gecko) Chrome/84.0.4147.125 Safari/537.36"
::1 - - [12/Oct/2020:13:23:23 +0000] "GET / HTTP/1.1" 200 49 "-" "Mozilla/5.0 (Windows NT 10.0; Win64; x64) AppleWebKit/537.36 (KHTML, like Gecko) Chrome/84.0.4147.125 Safari/537.36"
::1 - - [12/Oct/2020:13:25:05 +0000] "GET /login?username=admin&password=123456 HTTP/1.1" 500 12 "http://localhost:8080/?" "Mozilla/5.0 (Windows NT 10.0; Win64; x64) AppleWebKit/537.36 (KHTML, like Gecko) Chrome/84.0.4147.125 Safari/537.36"
::1 - - [12/Oct/2020:13:25:26 +0000] "GET /login?username=admin&password=123456 HTTP/1.1" 500 12 "http://localhost:8080/?" "Mozilla/5.0 (Windows NT 10.0; Win64; x64) AppleWebKit/537.36 (KHTML, like Gecko) Chrome/84.0.4147.125 Safari/537.36"
::1 - - [12/Oct/2020:13:26:56 +0000] "GET /login?username=admin&password=123456 HTTP/1.1" 500 12 "http://localhost:8080/?" "Mozilla/5.0 (Windows NT 10.0; Win64; x64) AppleWebKit/537.36 (KHTML, like Gecko) Chrome/84.0.4147.125 Safari/537.36"
::1 - - [12/Oct/2020:13:31:41 +0000] "GET /login?username=admin&password=123456 HTTP/1.1" 500 12 "http://localhost:8080/?" "Mozilla/5.0 (Windows NT 10.0; Win64; x64) AppleWebKit/537.36 (KHTML, like Gecko) Chrome/84.0.4147.125 Safari/537.36"
::1 - - [12/Oct/2020:13:36:17 +0000] "GET /login?username=admin&password=123456 HTTP/1.1" 500 12 "http://localhost:8080/?" "Mozilla/5.0 (Windows NT 10.0; Win64; x64) AppleWebKit/537.36 (KHTML, like Gecko) Chrome/84.0.4147.125 Safari/537.36"
::1 - - [12/Oct/2020:13:39:06 +0000] "GET /login?username=admin&password=123456 HTTP/1.1" 500 12 "http://localhost:8080/?" "Mozilla/5.0 (Windows NT 10.0; Win64; x64) AppleWebKit/537.36 (KHTML, like Gecko) Chrome/84.0.4147.125 Safari/537.36"
::1 - - [12/Oct/2020:13:39:41 +0000] "GET /login?username=admin&password=123456 HTTP/1.1" 200 47 "http://localhost:8080/?" "Mozilla/5.0 (Windows NT 10.0; Win64; x64) AppleWebKit/537.36 (KHTML, like Gecko) Chrome/84.0.4147.125 Safari/537.36"
::1 - - [12/Oct/2020:13:40:23 +0000] "GET /login?username=admin&password=123456 HTTP/1.1" 304 - "http://localhost:8080/?" "Mozilla/5.0 (Windows NT 10.0; Win64; x64) AppleWebKit/537.36 (KHTML, like Gecko) Chrome/84.0.4147.125 Safari/537.36"
::1 - - [12/Oct/2020:13:42:42 +0000] "GET /login?username=admin&password=123456 HTTP/1.1" 304 - "http://localhost:8080/?" "Mozilla/5.0 (Windows NT 10.0; Win64; x64) AppleWebKit/537.36 (KHTML, like Gecko) Chrome/84.0.4147.125 Safari/537.36"
::1 - - [12/Oct/2020:13:43:24 +0000] "GET /login?username=admin&password=123456 HTTP/1.1" 304 - "http://localhost:8080/?" "Mozilla/5.0 (Windows NT 10.0; Win64; x64) AppleWebKit/537.36 (KHTML, like Gecko) Chrome/84.0.4147.125 Safari/537.36"
::1 - - [12/Oct/2020:13:44:36 +0000] "GET /login?username=admin&password=123456 HTTP/1.1" 200 90 "http://localhost:8080/?" "Mozilla/5.0 (Windows NT 10.0; Win64; x64) AppleWebKit/537.36 (KHTML, like Gecko) Chrome/84.0.4147.125 Safari/537.36"
::1 - - [12/Oct/2020:13:44:52 +0000] "GET /login?username=admi&password=123456 HTTP/1.1" 200 35 "http://localhost:8080/?" "Mozilla/5.0 (Windows NT 10.0; Win64; x64) AppleWebKit/537.36 (KHTML, like Gecko) Chrome/84.0.4147.125 Safari/537.36"
::1 - - [12/Oct/2020:13:49:00 +0000] "GET /login?username=admin&password=123456 HTTP/1.1" 200 88 "http://localhost:8080/?" "Mozilla/5.0 (Windows NT 10.0; Win64; x64) AppleWebKit/537.36 (KHTML, like Gecko) Chrome/84.0.4147.125 Safari/537.36"
::1 - - [12/Oct/2020:13:49:03 +0000] "GET /login?username=admi&password=123456 HTTP/1.1" 200 33 "http://localhost:8080/?" "Mozilla/5.0 (Windows NT 10.0; Win64; x64) AppleWebKit/537.36 (KHTML, like Gecko) Chrome/84.0.4147.125 Safari/537.36"
::1 - - [12/Oct/2020:13:49:10 +0000] "GET /login?username=admi&password=1234567 HTTP/1.1" 200 33 "http://localhost:8080/?" "Mozilla/5.0 (Windows NT 10.0; Win64; x64) AppleWebKit/537.36 (KHTML, like Gecko) Chrome/84.0.4147.125 Safari/537.36"
::1 - - [12/Oct/2020:13:49:14 +0000] "GET /login?username=admin&password=1234567 HTTP/1.1" 200 33 "http://localhost:8080/?" "Mozilla/5.0 (Windows NT 10.0; Win64; x64) AppleWebKit/537.36 (KHTML, like Gecko) Chrome/84.0.4147.125 Safari/537.36"
::1 - - [12/Oct/2020:13:49:17 +0000] "GET /login?username=admin&password=123456 HTTP/1.1" 304 - "http://localhost:8080/?" "Mozilla/5.0 (Windows NT 10.0; Win64; x64) AppleWebKit/537.36 (KHTML, like Gecko) Chrome/84.0.4147.125 Safari/537.36"
