::1 - - [14/Oct/2020:00:38:19 +0000] "GET / HTTP/1.1" 200 228 "-" "Mozilla/5.0 (Windows NT 10.0; Win64; x64) AppleWebKit/537.36 (KHTML, like Gecko) Chrome/84.0.4147.125 Safari/537.36"
::1 - - [14/Oct/2020:00:38:25 +0000] "GET / HTTP/1.1" 304 - "-" "Mozilla/5.0 (Windows NT 10.0; Win64; x64) AppleWebKit/537.36 (KHTML, like Gecko) Chrome/84.0.4147.125 Safari/537.36"
::1 - - [14/Oct/2020:00:38:27 +0000] "GET /favicon.ico HTTP/1.1" 404 150 "http://localhost:3000/" "Mozilla/5.0 (Windows NT 10.0; Win64; x64) AppleWebKit/537.36 (KHTML, like Gecko) Chrome/84.0.4147.125 Safari/537.36"
::1 - - [14/Oct/2020:00:49:19 +0000] "OPTIONS /register HTTP/1.1" 204 0 "http://localhost:8080/?" "Mozilla/5.0 (Windows NT 10.0; Win64; x64) AppleWebKit/537.36 (KHTML, like Gecko) Chrome/84.0.4147.125 Safari/537.36"
::1 - - [14/Oct/2020:00:50:27 +0000] "OPTIONS /register HTTP/1.1" 204 0 "http://localhost:8080/?" "Mozilla/5.0 (Windows NT 10.0; Win64; x64) AppleWebKit/537.36 (KHTML, like Gecko) Chrome/84.0.4147.125 Safari/537.36"
::1 - - [14/Oct/2020:00:52:43 +0000] "OPTIONS /register HTTP/1.1" 204 0 "http://localhost:8080/?" "Mozilla/5.0 (Windows NT 10.0; Win64; x64) AppleWebKit/537.36 (KHTML, like Gecko) Chrome/84.0.4147.125 Safari/537.36"
::1 - - [14/Oct/2020:00:54:26 +0000] "OPTIONS /register HTTP/1.1" 204 0 "http://localhost:8080/?" "Mozilla/5.0 (Windows NT 10.0; Win64; x64) AppleWebKit/537.36 (KHTML, like Gecko) Chrome/84.0.4147.125 Safari/537.36"
::1 - - [14/Oct/2020:00:54:40 +0000] "GET /register HTTP/1.1" 404 147 "-" "Mozilla/5.0 (Windows NT 10.0; Win64; x64) AppleWebKit/537.36 (KHTML, like Gecko) Chrome/84.0.4147.125 Safari/537.36"
::1 - - [14/Oct/2020:01:10:10 +0000] "OPTIONS /register HTTP/1.1" 204 0 "http://localhost:8080/?" "Mozilla/5.0 (Windows NT 10.0; Win64; x64) AppleWebKit/537.36 (KHTML, like Gecko) Chrome/84.0.4147.125 Safari/537.36"
::1 - - [14/Oct/2020:01:10:11 +0000] "POST /register HTTP/1.1" 200 33 "http://localhost:8080/?" "Mozilla/5.0 (Windows NT 10.0; Win64; x64) AppleWebKit/537.36 (KHTML, like Gecko) Chrome/84.0.4147.125 Safari/537.36"
::1 - - [14/Oct/2020:01:10:57 +0000] "OPTIONS /register HTTP/1.1" 204 0 "http://localhost:8080/?" "Mozilla/5.0 (Windows NT 10.0; Win64; x64) AppleWebKit/537.36 (KHTML, like Gecko) Chrome/84.0.4147.125 Safari/537.36"
::1 - - [14/Oct/2020:01:32:01 +0000] "OPTIONS /register HTTP/1.1" 204 0 "http://localhost:8080/?" "Mozilla/5.0 (Windows NT 10.0; Win64; x64) AppleWebKit/537.36 (KHTML, like Gecko) Chrome/84.0.4147.125 Safari/537.36"
::1 - - [14/Oct/2020:01:32:01 +0000] "POST /register HTTP/1.1" 200 54 "http://localhost:8080/?" "Mozilla/5.0 (Windows NT 10.0; Win64; x64) AppleWebKit/537.36 (KHTML, like Gecko) Chrome/84.0.4147.125 Safari/537.36"
::1 - - [14/Oct/2020:01:32:09 +0000] "OPTIONS /register HTTP/1.1" 204 0 "http://localhost:8080/?" "Mozilla/5.0 (Windows NT 10.0; Win64; x64) AppleWebKit/537.36 (KHTML, like Gecko) Chrome/84.0.4147.125 Safari/537.36"
::1 - - [14/Oct/2020:01:32:09 +0000] "POST /register HTTP/1.1" 200 33 "http://localhost:8080/?" "Mozilla/5.0 (Windows NT 10.0; Win64; x64) AppleWebKit/537.36 (KHTML, like Gecko) Chrome/84.0.4147.125 Safari/537.36"
::1 - - [14/Oct/2020:01:32:21 +0000] "GET / HTTP/1.1" 200 299 "-" "Mozilla/5.0 (Windows NT 10.0; Win64; x64) AppleWebKit/537.36 (KHTML, like Gecko) Chrome/84.0.4147.125 Safari/537.36"
::1 - - [14/Oct/2020:01:33:49 +0000] "OPTIONS /login HTTP/1.1" 204 0 "http://localhost:8080/?" "Mozilla/5.0 (Windows NT 10.0; Win64; x64) AppleWebKit/537.36 (KHTML, like Gecko) Chrome/84.0.4147.125 Safari/537.36"
::1 - - [14/Oct/2020:01:33:49 +0000] "POST /login HTTP/1.1" 200 33 "http://localhost:8080/?" "Mozilla/5.0 (Windows NT 10.0; Win64; x64) AppleWebKit/537.36 (KHTML, like Gecko) Chrome/84.0.4147.125 Safari/537.36"
::1 - - [14/Oct/2020:03:12:25 +0000] "OPTIONS /login HTTP/1.1" 204 0 "http://localhost:8080/?" "Mozilla/5.0 (Windows NT 10.0; Win64; x64) AppleWebKit/537.36 (KHTML, like Gecko) Chrome/84.0.4147.125 Safari/537.36"
::1 - - [14/Oct/2020:03:12:26 +0000] "POST /login HTTP/1.1" 200 196 "http://localhost:8080/?" "Mozilla/5.0 (Windows NT 10.0; Win64; x64) AppleWebKit/537.36 (KHTML, like Gecko) Chrome/84.0.4147.125 Safari/537.36"
::1 - - [14/Oct/2020:03:22:21 +0000] "OPTIONS /login HTTP/1.1" 204 0 "http://localhost:8080/?" "Mozilla/5.0 (Windows NT 10.0; Win64; x64) AppleWebKit/537.36 (KHTML, like Gecko) Chrome/84.0.4147.125 Safari/537.36"
::1 - - [14/Oct/2020:03:22:21 +0000] "POST /login HTTP/1.1" 200 196 "http://localhost:8080/?" "Mozilla/5.0 (Windows NT 10.0; Win64; x64) AppleWebKit/537.36 (KHTML, like Gecko) Chrome/84.0.4147.125 Safari/537.36"
::1 - - [14/Oct/2020:03:22:21 +0000] "POST /login HTTP/1.1" 200 196 "http://localhost:8080/?" "Mozilla/5.0 (Windows NT 10.0; Win64; x64) AppleWebKit/537.36 (KHTML, like Gecko) Chrome/84.0.4147.125 Safari/537.36"
::1 - - [14/Oct/2020:03:25:23 +0000] "OPTIONS /login HTTP/1.1" 204 0 "http://localhost:8080/?" "Mozilla/5.0 (Windows NT 10.0; Win64; x64) AppleWebKit/537.36 (KHTML, like Gecko) Chrome/84.0.4147.125 Safari/537.36"
::1 - - [14/Oct/2020:03:25:24 +0000] "OPTIONS /login HTTP/1.1" 204 0 "http://localhost:8080/?" "Mozilla/5.0 (Windows NT 10.0; Win64; x64) AppleWebKit/537.36 (KHTML, like Gecko) Chrome/84.0.4147.125 Safari/537.36"
::1 - - [14/Oct/2020:03:25:24 +0000] "POST /login HTTP/1.1" 200 225 "http://localhost:8080/?" "Mozilla/5.0 (Windows NT 10.0; Win64; x64) AppleWebKit/537.36 (KHTML, like Gecko) Chrome/84.0.4147.125 Safari/537.36"
::1 - - [14/Oct/2020:03:25:24 +0000] "POST /login HTTP/1.1" 200 225 "http://localhost:8080/?" "Mozilla/5.0 (Windows NT 10.0; Win64; x64) AppleWebKit/537.36 (KHTML, like Gecko) Chrome/84.0.4147.125 Safari/537.36"
::1 - - [14/Oct/2020:03:42:03 +0000] "OPTIONS /login HTTP/1.1" 204 0 "http://localhost:8080/?" "Mozilla/5.0 (Windows NT 10.0; Win64; x64) AppleWebKit/537.36 (KHTML, like Gecko) Chrome/84.0.4147.125 Safari/537.36"
::1 - - [14/Oct/2020:03:42:03 +0000] "POST /login HTTP/1.1" 200 225 "http://localhost:8080/?" "Mozilla/5.0 (Windows NT 10.0; Win64; x64) AppleWebKit/537.36 (KHTML, like Gecko) Chrome/84.0.4147.125 Safari/537.36"
::1 - - [14/Oct/2020:03:43:56 +0000] "OPTIONS /login HTTP/1.1" 204 0 "http://localhost:8080/?" "Mozilla/5.0 (Windows NT 10.0; Win64; x64) AppleWebKit/537.36 (KHTML, like Gecko) Chrome/84.0.4147.125 Safari/537.36"
::1 - - [14/Oct/2020:03:43:56 +0000] "POST /login HTTP/1.1" 200 225 "http://localhost:8080/?" "Mozilla/5.0 (Windows NT 10.0; Win64; x64) AppleWebKit/537.36 (KHTML, like Gecko) Chrome/84.0.4147.125 Safari/537.36"
::1 - - [14/Oct/2020:03:44:47 +0000] "OPTIONS /login HTTP/1.1" 204 0 "http://localhost:8080/?" "Mozilla/5.0 (Windows NT 10.0; Win64; x64) AppleWebKit/537.36 (KHTML, like Gecko) Chrome/84.0.4147.125 Safari/537.36"
::1 - - [14/Oct/2020:03:44:47 +0000] "POST /login HTTP/1.1" 200 225 "http://localhost:8080/?" "Mozilla/5.0 (Windows NT 10.0; Win64; x64) AppleWebKit/537.36 (KHTML, like Gecko) Chrome/84.0.4147.125 Safari/537.36"
::1 - - [14/Oct/2020:06:18:03 +0000] "OPTIONS /login HTTP/1.1" 204 0 "http://localhost:8080/" "Mozilla/5.0 (Windows NT 10.0; Win64; x64) AppleWebKit/537.36 (KHTML, like Gecko) Chrome/84.0.4147.125 Safari/537.36"
::1 - - [14/Oct/2020:06:19:48 +0000] "OPTIONS /login HTTP/1.1" 204 0 "http://localhost:8080/?" "Mozilla/5.0 (Windows NT 10.0; Win64; x64) AppleWebKit/537.36 (KHTML, like Gecko) Chrome/84.0.4147.125 Safari/537.36"
::ffff:127.0.0.1 - - [14/Oct/2020:06:20:30 +0000] "POST /login HTTP/1.1" 200 225 "http://localhost:8080/?" "Mozilla/5.0 (Windows NT 10.0; Win64; x64) AppleWebKit/537.36 (KHTML, like Gecko) Chrome/84.0.4147.125 Safari/537.36"
::1 - - [14/Oct/2020:06:21:09 +0000] "GET /login HTTP/1.1" 404 144 "-" "Mozilla/5.0 (Windows NT 10.0; Win64; x64) AppleWebKit/537.36 (KHTML, like Gecko) Chrome/84.0.4147.125 Safari/537.36"
::1 - - [14/Oct/2020:06:21:10 +0000] "GET /favicon.ico HTTP/1.1" 404 150 "http://localhost:3000/login" "Mozilla/5.0 (Windows NT 10.0; Win64; x64) AppleWebKit/537.36 (KHTML, like Gecko) Chrome/84.0.4147.125 Safari/537.36"
::1 - - [14/Oct/2020:06:24:32 +0000] "OPTIONS /login HTTP/1.1" 204 0 "http://localhost:8080/?" "Mozilla/5.0 (Windows NT 10.0; Win64; x64) AppleWebKit/537.36 (KHTML, like Gecko) Chrome/84.0.4147.125 Safari/537.36"
::1 - - [14/Oct/2020:06:24:32 +0000] "POST /login HTTP/1.1" 200 227 "http://localhost:8080/?" "Mozilla/5.0 (Windows NT 10.0; Win64; x64) AppleWebKit/537.36 (KHTML, like Gecko) Chrome/84.0.4147.125 Safari/537.36"
::1 - - [14/Oct/2020:06:25:30 +0000] "OPTIONS /login HTTP/1.1" 204 0 "http://localhost:8080/?" "Mozilla/5.0 (Windows NT 10.0; Win64; x64) AppleWebKit/537.36 (KHTML, like Gecko) Chrome/84.0.4147.125 Safari/537.36"
::1 - - [14/Oct/2020:06:25:30 +0000] "POST /login HTTP/1.1" 200 227 "http://localhost:8080/?" "Mozilla/5.0 (Windows NT 10.0; Win64; x64) AppleWebKit/537.36 (KHTML, like Gecko) Chrome/84.0.4147.125 Safari/537.36"
::1 - - [14/Oct/2020:06:25:30 +0000] "POST /login HTTP/1.1" 200 227 "http://localhost:8080/?" "Mozilla/5.0 (Windows NT 10.0; Win64; x64) AppleWebKit/537.36 (KHTML, like Gecko) Chrome/84.0.4147.125 Safari/537.36"
::1 - - [14/Oct/2020:06:38:11 +0000] "OPTIONS /login HTTP/1.1" 204 0 "http://localhost:8080/?" "Mozilla/5.0 (Windows NT 10.0; Win64; x64) AppleWebKit/537.36 (KHTML, like Gecko) Chrome/84.0.4147.125 Safari/537.36"
::1 - - [14/Oct/2020:06:38:11 +0000] "POST /login HTTP/1.1" 200 227 "http://localhost:8080/?" "Mozilla/5.0 (Windows NT 10.0; Win64; x64) AppleWebKit/537.36 (KHTML, like Gecko) Chrome/84.0.4147.125 Safari/537.36"
::1 - - [14/Oct/2020:06:38:55 +0000] "OPTIONS /login HTTP/1.1" 204 0 "http://localhost:8080/?" "Mozilla/5.0 (Windows NT 10.0; Win64; x64) AppleWebKit/537.36 (KHTML, like Gecko) Chrome/84.0.4147.125 Safari/537.36"
::1 - - [14/Oct/2020:06:38:56 +0000] "POST /login HTTP/1.1" 200 227 "http://localhost:8080/?" "Mozilla/5.0 (Windows NT 10.0; Win64; x64) AppleWebKit/537.36 (KHTML, like Gecko) Chrome/84.0.4147.125 Safari/537.36"
::1 - - [14/Oct/2020:06:40:21 +0000] "OPTIONS /login HTTP/1.1" 204 0 "http://localhost:8080/?" "Mozilla/5.0 (Windows NT 10.0; Win64; x64) AppleWebKit/537.36 (KHTML, like Gecko) Chrome/84.0.4147.125 Safari/537.36"
::1 - - [14/Oct/2020:06:40:21 +0000] "POST /login HTTP/1.1" 200 227 "http://localhost:8080/?" "Mozilla/5.0 (Windows NT 10.0; Win64; x64) AppleWebKit/537.36 (KHTML, like Gecko) Chrome/84.0.4147.125 Safari/537.36"
::1 - - [14/Oct/2020:08:45:03 +0000] "OPTIONS /login HTTP/1.1" 204 0 "http://localhost:8080/login" "Mozilla/5.0 (Windows NT 10.0; Win64; x64) AppleWebKit/537.36 (KHTML, like Gecko) Chrome/84.0.4147.125 Safari/537.36"
::1 - - [14/Oct/2020:08:45:16 +0000] "OPTIONS /login HTTP/1.1" 204 0 "http://localhost:8080/login?" "Mozilla/5.0 (Windows NT 10.0; Win64; x64) AppleWebKit/537.36 (KHTML, like Gecko) Chrome/84.0.4147.125 Safari/537.36"
::1 - - [14/Oct/2020:08:45:16 +0000] "POST /login HTTP/1.1" 200 227 "http://localhost:8080/login?" "Mozilla/5.0 (Windows NT 10.0; Win64; x64) AppleWebKit/537.36 (KHTML, like Gecko) Chrome/84.0.4147.125 Safari/537.36"
::1 - - [14/Oct/2020:08:45:16 +0000] "POST /login HTTP/1.1" 200 227 "http://localhost:8080/login?" "Mozilla/5.0 (Windows NT 10.0; Win64; x64) AppleWebKit/537.36 (KHTML, like Gecko) Chrome/84.0.4147.125 Safari/537.36"
::1 - - [14/Oct/2020:08:52:09 +0000] "OPTIONS /register HTTP/1.1" 204 0 "http://localhost:8080/" "Mozilla/5.0 (Windows NT 10.0; Win64; x64) AppleWebKit/537.36 (KHTML, like Gecko) Chrome/84.0.4147.125 Safari/537.36"
::1 - - [14/Oct/2020:08:52:09 +0000] "POST /register HTTP/1.1" 200 33 "http://localhost:8080/" "Mozilla/5.0 (Windows NT 10.0; Win64; x64) AppleWebKit/537.36 (KHTML, like Gecko) Chrome/84.0.4147.125 Safari/537.36"
::1 - - [14/Oct/2020:08:55:30 +0000] "OPTIONS /register HTTP/1.1" 204 0 "http://localhost:8080/?" "Mozilla/5.0 (Windows NT 10.0; Win64; x64) AppleWebKit/537.36 (KHTML, like Gecko) Chrome/84.0.4147.125 Safari/537.36"
::1 - - [14/Oct/2020:08:55:30 +0000] "POST /register HTTP/1.1" 200 33 "http://localhost:8080/?" "Mozilla/5.0 (Windows NT 10.0; Win64; x64) AppleWebKit/537.36 (KHTML, like Gecko) Chrome/84.0.4147.125 Safari/537.36"
::1 - - [14/Oct/2020:08:56:10 +0000] "OPTIONS /login HTTP/1.1" 204 0 "http://localhost:8080/?" "Mozilla/5.0 (Windows NT 10.0; Win64; x64) AppleWebKit/537.36 (KHTML, like Gecko) Chrome/84.0.4147.125 Safari/537.36"
::1 - - [14/Oct/2020:08:56:11 +0000] "POST /login HTTP/1.1" 200 54 "http://localhost:8080/?" "Mozilla/5.0 (Windows NT 10.0; Win64; x64) AppleWebKit/537.36 (KHTML, like Gecko) Chrome/84.0.4147.125 Safari/537.36"
::1 - - [14/Oct/2020:08:56:31 +0000] "GET / HTTP/1.1" 200 445 "-" "Mozilla/5.0 (Windows NT 10.0; Win64; x64) AppleWebKit/537.36 (KHTML, like Gecko) Chrome/84.0.4147.125 Safari/537.36"
::1 - - [14/Oct/2020:08:56:56 +0000] "OPTIONS /login HTTP/1.1" 204 0 "http://localhost:8080/?" "Mozilla/5.0 (Windows NT 10.0; Win64; x64) AppleWebKit/537.36 (KHTML, like Gecko) Chrome/84.0.4147.125 Safari/537.36"
::1 - - [14/Oct/2020:08:56:56 +0000] "POST /login HTTP/1.1" 200 229 "http://localhost:8080/?" "Mozilla/5.0 (Windows NT 10.0; Win64; x64) AppleWebKit/537.36 (KHTML, like Gecko) Chrome/84.0.4147.125 Safari/537.36"
::1 - - [14/Oct/2020:08:56:56 +0000] "POST /login HTTP/1.1" 200 229 "http://localhost:8080/?" "Mozilla/5.0 (Windows NT 10.0; Win64; x64) AppleWebKit/537.36 (KHTML, like Gecko) Chrome/84.0.4147.125 Safari/537.36"
::1 - - [14/Oct/2020:11:22:08 +0000] "OPTIONS /login HTTP/1.1" 204 0 "http://localhost:8080/" "Mozilla/5.0 (Windows NT 10.0; Win64; x64) AppleWebKit/537.36 (KHTML, like Gecko) Chrome/84.0.4147.125 Safari/537.36"
::1 - - [14/Oct/2020:11:22:33 +0000] "OPTIONS /login HTTP/1.1" 204 0 "http://localhost:8080/?" "Mozilla/5.0 (Windows NT 10.0; Win64; x64) AppleWebKit/537.36 (KHTML, like Gecko) Chrome/84.0.4147.125 Safari/537.36"
::1 - - [14/Oct/2020:11:22:34 +0000] "POST /login HTTP/1.1" 200 227 "http://localhost:8080/?" "Mozilla/5.0 (Windows NT 10.0; Win64; x64) AppleWebKit/537.36 (KHTML, like Gecko) Chrome/84.0.4147.125 Safari/537.36"
::1 - - [14/Oct/2020:11:23:49 +0000] "OPTIONS /login HTTP/1.1" 204 0 "http://localhost:8080/?" "Mozilla/5.0 (Windows NT 10.0; Win64; x64) AppleWebKit/537.36 (KHTML, like Gecko) Chrome/84.0.4147.125 Safari/537.36"
::1 - - [14/Oct/2020:11:23:49 +0000] "POST /login HTTP/1.1" 200 227 "http://localhost:8080/?" "Mozilla/5.0 (Windows NT 10.0; Win64; x64) AppleWebKit/537.36 (KHTML, like Gecko) Chrome/84.0.4147.125 Safari/537.36"
::1 - - [14/Oct/2020:11:28:31 +0000] "OPTIONS /login HTTP/1.1" 204 0 "http://localhost:8080/?" "Mozilla/5.0 (Windows NT 10.0; Win64; x64) AppleWebKit/537.36 (KHTML, like Gecko) Chrome/84.0.4147.125 Safari/537.36"
::1 - - [14/Oct/2020:11:28:31 +0000] "POST /login HTTP/1.1" 200 227 "http://localhost:8080/?" "Mozilla/5.0 (Windows NT 10.0; Win64; x64) AppleWebKit/537.36 (KHTML, like Gecko) Chrome/84.0.4147.125 Safari/537.36"
::1 - - [14/Oct/2020:13:20:36 +0000] "OPTIONS /login HTTP/1.1" 204 0 "http://localhost:8080/" "Mozilla/5.0 (Windows NT 10.0; Win64; x64) AppleWebKit/537.36 (KHTML, like Gecko) Chrome/84.0.4147.125 Safari/537.36"
::1 - - [14/Oct/2020:13:21:44 +0000] "OPTIONS /login HTTP/1.1" 204 0 "http://localhost:8080/?" "Mozilla/5.0 (Windows NT 10.0; Win64; x64) AppleWebKit/537.36 (KHTML, like Gecko) Chrome/84.0.4147.125 Safari/537.36"
::1 - - [14/Oct/2020:13:21:44 +0000] "POST /login HTTP/1.1" 200 227 "http://localhost:8080/?" "Mozilla/5.0 (Windows NT 10.0; Win64; x64) AppleWebKit/537.36 (KHTML, like Gecko) Chrome/84.0.4147.125 Safari/537.36"
::1 - - [14/Oct/2020:13:24:01 +0000] "OPTIONS /login HTTP/1.1" 204 0 "http://localhost:8080/" "Mozilla/5.0 (Windows NT 10.0; Win64; x64) AppleWebKit/537.36 (KHTML, like Gecko) Chrome/84.0.4147.125 Safari/537.36"
::1 - - [14/Oct/2020:13:25:33 +0000] "OPTIONS /login HTTP/1.1" 204 0 "http://localhost:8080/?" "Mozilla/5.0 (Windows NT 10.0; Win64; x64) AppleWebKit/537.36 (KHTML, like Gecko) Chrome/84.0.4147.125 Safari/537.36"
::1 - - [14/Oct/2020:13:25:33 +0000] "POST /login HTTP/1.1" 200 227 "http://localhost:8080/?" "Mozilla/5.0 (Windows NT 10.0; Win64; x64) AppleWebKit/537.36 (KHTML, like Gecko) Chrome/84.0.4147.125 Safari/537.36"
::1 - - [14/Oct/2020:13:26:15 +0000] "OPTIONS /login HTTP/1.1" 204 0 "http://localhost:8080/?" "Mozilla/5.0 (Windows NT 10.0; Win64; x64) AppleWebKit/537.36 (KHTML, like Gecko) Chrome/84.0.4147.125 Safari/537.36"
::1 - - [14/Oct/2020:13:26:15 +0000] "POST /login HTTP/1.1" 200 227 "http://localhost:8080/?" "Mozilla/5.0 (Windows NT 10.0; Win64; x64) AppleWebKit/537.36 (KHTML, like Gecko) Chrome/84.0.4147.125 Safari/537.36"
::1 - - [14/Oct/2020:13:26:44 +0000] "OPTIONS /login HTTP/1.1" 204 0 "http://localhost:8080/?" "Mozilla/5.0 (Windows NT 10.0; Win64; x64) AppleWebKit/537.36 (KHTML, like Gecko) Chrome/84.0.4147.125 Safari/537.36"
::1 - - [14/Oct/2020:13:26:44 +0000] "POST /login HTTP/1.1" 200 227 "http://localhost:8080/?" "Mozilla/5.0 (Windows NT 10.0; Win64; x64) AppleWebKit/537.36 (KHTML, like Gecko) Chrome/84.0.4147.125 Safari/537.36"
::1 - - [14/Oct/2020:13:27:54 +0000] "OPTIONS /login HTTP/1.1" 204 0 "http://localhost:8080/?" "Mozilla/5.0 (Windows NT 10.0; Win64; x64) AppleWebKit/537.36 (KHTML, like Gecko) Chrome/84.0.4147.125 Safari/537.36"
::1 - - [14/Oct/2020:13:27:54 +0000] "POST /login HTTP/1.1" 200 227 "http://localhost:8080/?" "Mozilla/5.0 (Windows NT 10.0; Win64; x64) AppleWebKit/537.36 (KHTML, like Gecko) Chrome/84.0.4147.125 Safari/537.36"
::1 - - [14/Oct/2020:13:33:16 +0000] "OPTIONS /login HTTP/1.1" 204 0 "http://localhost:8080/" "Mozilla/5.0 (Windows NT 10.0; Win64; x64) AppleWebKit/537.36 (KHTML, like Gecko) Chrome/84.0.4147.125 Safari/537.36"
::1 - - [14/Oct/2020:13:33:16 +0000] "POST /login HTTP/1.1" - - "http://localhost:8080/" "Mozilla/5.0 (Windows NT 10.0; Win64; x64) AppleWebKit/537.36 (KHTML, like Gecko) Chrome/84.0.4147.125 Safari/537.36"
::1 - - [14/Oct/2020:13:35:22 +0000] "OPTIONS /login HTTP/1.1" 204 0 "http://localhost:8080/?" "Mozilla/5.0 (Windows NT 10.0; Win64; x64) AppleWebKit/537.36 (KHTML, like Gecko) Chrome/84.0.4147.125 Safari/537.36"
::1 - - [14/Oct/2020:13:35:23 +0000] "POST /login HTTP/1.1" 200 227 "http://localhost:8080/?" "Mozilla/5.0 (Windows NT 10.0; Win64; x64) AppleWebKit/537.36 (KHTML, like Gecko) Chrome/84.0.4147.125 Safari/537.36"
::1 - - [14/Oct/2020:13:51:32 +0000] "OPTIONS /login HTTP/1.1" 204 0 "http://localhost:8080/" "Mozilla/5.0 (Windows NT 10.0; Win64; x64) AppleWebKit/537.36 (KHTML, like Gecko) Chrome/84.0.4147.125 Safari/537.36"
::1 - - [14/Oct/2020:13:51:32 +0000] "POST /login HTTP/1.1" - - "http://localhost:8080/" "Mozilla/5.0 (Windows NT 10.0; Win64; x64) AppleWebKit/537.36 (KHTML, like Gecko) Chrome/84.0.4147.125 Safari/537.36"
::1 - - [14/Oct/2020:13:51:45 +0000] "OPTIONS /login HTTP/1.1" 204 0 "http://localhost:8080/?" "Mozilla/5.0 (Windows NT 10.0; Win64; x64) AppleWebKit/537.36 (KHTML, like Gecko) Chrome/84.0.4147.125 Safari/537.36"
::1 - - [14/Oct/2020:13:51:45 +0000] "POST /login HTTP/1.1" 200 227 "http://localhost:8080/?" "Mozilla/5.0 (Windows NT 10.0; Win64; x64) AppleWebKit/537.36 (KHTML, like Gecko) Chrome/84.0.4147.125 Safari/537.36"
::1 - - [14/Oct/2020:13:56:26 +0000] "OPTIONS /login HTTP/1.1" 204 0 "http://localhost:8080/" "Mozilla/5.0 (Windows NT 10.0; Win64; x64) AppleWebKit/537.36 (KHTML, like Gecko) Chrome/84.0.4147.125 Safari/537.36"
::1 - - [14/Oct/2020:13:56:26 +0000] "POST /login HTTP/1.1" 200 54 "http://localhost:8080/" "Mozilla/5.0 (Windows NT 10.0; Win64; x64) AppleWebKit/537.36 (KHTML, like Gecko) Chrome/84.0.4147.125 Safari/537.36"
::1 - - [14/Oct/2020:13:56:44 +0000] "OPTIONS /login HTTP/1.1" 204 0 "http://localhost:8080/" "Mozilla/5.0 (Windows NT 10.0; Win64; x64) AppleWebKit/537.36 (KHTML, like Gecko) Chrome/84.0.4147.125 Safari/537.36"
::1 - - [14/Oct/2020:13:56:44 +0000] "POST /login HTTP/1.1" 200 227 "http://localhost:8080/" "Mozilla/5.0 (Windows NT 10.0; Win64; x64) AppleWebKit/537.36 (KHTML, like Gecko) Chrome/84.0.4147.125 Safari/537.36"
::1 - - [14/Oct/2020:13:56:55 +0000] "OPTIONS /login HTTP/1.1" 204 0 "http://localhost:8080/?" "Mozilla/5.0 (Windows NT 10.0; Win64; x64) AppleWebKit/537.36 (KHTML, like Gecko) Chrome/84.0.4147.125 Safari/537.36"
::1 - - [14/Oct/2020:13:56:55 +0000] "POST /login HTTP/1.1" 200 227 "http://localhost:8080/?" "Mozilla/5.0 (Windows NT 10.0; Win64; x64) AppleWebKit/537.36 (KHTML, like Gecko) Chrome/84.0.4147.125 Safari/537.36"
::1 - - [14/Oct/2020:14:02:29 +0000] "OPTIONS /login HTTP/1.1" 204 0 "http://localhost:8080/?" "Mozilla/5.0 (Windows NT 10.0; Win64; x64) AppleWebKit/537.36 (KHTML, like Gecko) Chrome/84.0.4147.125 Safari/537.36"
::1 - - [14/Oct/2020:14:02:29 +0000] "POST /login HTTP/1.1" 200 227 "http://localhost:8080/?" "Mozilla/5.0 (Windows NT 10.0; Win64; x64) AppleWebKit/537.36 (KHTML, like Gecko) Chrome/84.0.4147.125 Safari/537.36"
::1 - - [14/Oct/2020:14:03:19 +0000] "OPTIONS /login HTTP/1.1" 204 0 "http://localhost:8080/" "Mozilla/5.0 (Windows NT 10.0; Win64; x64) AppleWebKit/537.36 (KHTML, like Gecko) Chrome/84.0.4147.125 Safari/537.36"
::1 - - [14/Oct/2020:14:03:19 +0000] "OPTIONS /login HTTP/1.1" 204 0 "http://localhost:8080/" "Mozilla/5.0 (Windows NT 10.0; Win64; x64) AppleWebKit/537.36 (KHTML, like Gecko) Chrome/84.0.4147.125 Safari/537.36"
::1 - - [14/Oct/2020:14:03:30 +0000] "OPTIONS /login HTTP/1.1" 204 0 "http://localhost:8080/?" "Mozilla/5.0 (Windows NT 10.0; Win64; x64) AppleWebKit/537.36 (KHTML, like Gecko) Chrome/84.0.4147.125 Safari/537.36"
::1 - - [14/Oct/2020:14:03:31 +0000] "POST /login HTTP/1.1" 200 227 "http://localhost:8080/?" "Mozilla/5.0 (Windows NT 10.0; Win64; x64) AppleWebKit/537.36 (KHTML, like Gecko) Chrome/84.0.4147.125 Safari/537.36"
::1 - - [14/Oct/2020:14:07:31 +0000] "OPTIONS /login HTTP/1.1" 204 0 "http://localhost:8080/" "Mozilla/5.0 (Windows NT 10.0; Win64; x64) AppleWebKit/537.36 (KHTML, like Gecko) Chrome/84.0.4147.125 Safari/537.36"
::1 - - [14/Oct/2020:14:07:31 +0000] "POST /login HTTP/1.1" - - "http://localhost:8080/" "Mozilla/5.0 (Windows NT 10.0; Win64; x64) AppleWebKit/537.36 (KHTML, like Gecko) Chrome/84.0.4147.125 Safari/537.36"
::1 - - [14/Oct/2020:14:07:57 +0000] "OPTIONS /login HTTP/1.1" 204 0 "http://localhost:8080/?" "Mozilla/5.0 (Windows NT 10.0; Win64; x64) AppleWebKit/537.36 (KHTML, like Gecko) Chrome/84.0.4147.125 Safari/537.36"
::1 - - [14/Oct/2020:14:07:57 +0000] "POST /login HTTP/1.1" 200 227 "http://localhost:8080/?" "Mozilla/5.0 (Windows NT 10.0; Win64; x64) AppleWebKit/537.36 (KHTML, like Gecko) Chrome/84.0.4147.125 Safari/537.36"
::1 - - [14/Oct/2020:14:08:08 +0000] "OPTIONS /login HTTP/1.1" 204 0 "http://localhost:8080/?" "Mozilla/5.0 (Windows NT 10.0; Win64; x64) AppleWebKit/537.36 (KHTML, like Gecko) Chrome/84.0.4147.125 Safari/537.36"
::1 - - [14/Oct/2020:14:08:08 +0000] "POST /login HTTP/1.1" 200 227 "http://localhost:8080/?" "Mozilla/5.0 (Windows NT 10.0; Win64; x64) AppleWebKit/537.36 (KHTML, like Gecko) Chrome/84.0.4147.125 Safari/537.36"
::1 - - [14/Oct/2020:14:09:25 +0000] "OPTIONS /login HTTP/1.1" 204 0 "http://localhost:8080/?" "Mozilla/5.0 (Windows NT 10.0; Win64; x64) AppleWebKit/537.36 (KHTML, like Gecko) Chrome/84.0.4147.125 Safari/537.36"
::1 - - [14/Oct/2020:14:09:25 +0000] "POST /login HTTP/1.1" 200 227 "http://localhost:8080/?" "Mozilla/5.0 (Windows NT 10.0; Win64; x64) AppleWebKit/537.36 (KHTML, like Gecko) Chrome/84.0.4147.125 Safari/537.36"
::1 - - [14/Oct/2020:14:09:42 +0000] "OPTIONS /login HTTP/1.1" 204 0 "http://localhost:8080/?" "Mozilla/5.0 (Windows NT 10.0; Win64; x64) AppleWebKit/537.36 (KHTML, like Gecko) Chrome/84.0.4147.125 Safari/537.36"
::1 - - [14/Oct/2020:14:09:42 +0000] "POST /login HTTP/1.1" 200 227 "http://localhost:8080/?" "Mozilla/5.0 (Windows NT 10.0; Win64; x64) AppleWebKit/537.36 (KHTML, like Gecko) Chrome/84.0.4147.125 Safari/537.36"
::1 - - [14/Oct/2020:14:10:02 +0000] "OPTIONS /login HTTP/1.1" 204 0 "http://localhost:8080/?" "Mozilla/5.0 (Windows NT 10.0; Win64; x64) AppleWebKit/537.36 (KHTML, like Gecko) Chrome/84.0.4147.125 Safari/537.36"
::1 - - [14/Oct/2020:14:10:02 +0000] "POST /login HTTP/1.1" 200 228 "http://localhost:8080/?" "Mozilla/5.0 (Windows NT 10.0; Win64; x64) AppleWebKit/537.36 (KHTML, like Gecko) Chrome/84.0.4147.125 Safari/537.36"
::1 - - [14/Oct/2020:14:20:09 +0000] "OPTIONS /login HTTP/1.1" 204 0 "http://localhost:8080/" "Mozilla/5.0 (Windows NT 10.0; Win64; x64) AppleWebKit/537.36 (KHTML, like Gecko) Chrome/84.0.4147.125 Safari/537.36"
::1 - - [14/Oct/2020:14:20:10 +0000] "POST /login HTTP/1.1" - - "http://localhost:8080/" "Mozilla/5.0 (Windows NT 10.0; Win64; x64) AppleWebKit/537.36 (KHTML, like Gecko) Chrome/84.0.4147.125 Safari/537.36"
::1 - - [14/Oct/2020:14:21:47 +0000] "OPTIONS /login HTTP/1.1" 204 0 "http://localhost:8080/?" "Mozilla/5.0 (Windows NT 10.0; Win64; x64) AppleWebKit/537.36 (KHTML, like Gecko) Chrome/84.0.4147.125 Safari/537.36"
::1 - - [14/Oct/2020:14:21:47 +0000] "POST /login HTTP/1.1" 200 48 "http://localhost:8080/?" "Mozilla/5.0 (Windows NT 10.0; Win64; x64) AppleWebKit/537.36 (KHTML, like Gecko) Chrome/84.0.4147.125 Safari/537.36"
::1 - - [14/Oct/2020:14:21:57 +0000] "OPTIONS /login HTTP/1.1" 204 0 "http://localhost:8080/?" "Mozilla/5.0 (Windows NT 10.0; Win64; x64) AppleWebKit/537.36 (KHTML, like Gecko) Chrome/84.0.4147.125 Safari/537.36"
::1 - - [14/Oct/2020:14:21:57 +0000] "POST /login HTTP/1.1" 200 227 "http://localhost:8080/?" "Mozilla/5.0 (Windows NT 10.0; Win64; x64) AppleWebKit/537.36 (KHTML, like Gecko) Chrome/84.0.4147.125 Safari/537.36"
::1 - - [14/Oct/2020:14:24:07 +0000] "OPTIONS /login HTTP/1.1" 204 0 "http://localhost:8080/?" "Mozilla/5.0 (Windows NT 10.0; Win64; x64) AppleWebKit/537.36 (KHTML, like Gecko) Chrome/84.0.4147.125 Safari/537.36"
::1 - - [14/Oct/2020:14:24:07 +0000] "POST /login HTTP/1.1" 200 227 "http://localhost:8080/?" "Mozilla/5.0 (Windows NT 10.0; Win64; x64) AppleWebKit/537.36 (KHTML, like Gecko) Chrome/84.0.4147.125 Safari/537.36"
::1 - - [14/Oct/2020:14:24:25 +0000] "OPTIONS /login HTTP/1.1" 204 0 "http://localhost:8080/" "Mozilla/5.0 (Windows NT 10.0; Win64; x64) AppleWebKit/537.36 (KHTML, like Gecko) Chrome/84.0.4147.125 Safari/537.36"
::1 - - [14/Oct/2020:14:24:25 +0000] "POST /login HTTP/1.1" - - "http://localhost:8080/" "Mozilla/5.0 (Windows NT 10.0; Win64; x64) AppleWebKit/537.36 (KHTML, like Gecko) Chrome/84.0.4147.125 Safari/537.36"
::1 - - [14/Oct/2020:14:31:33 +0000] "OPTIONS /login HTTP/1.1" 204 0 "http://localhost:8080/1" "Mozilla/5.0 (Windows NT 10.0; Win64; x64) AppleWebKit/537.36 (KHTML, like Gecko) Chrome/84.0.4147.125 Safari/537.36"
::1 - - [14/Oct/2020:14:31:33 +0000] "POST /login HTTP/1.1" - - "http://localhost:8080/1" "Mozilla/5.0 (Windows NT 10.0; Win64; x64) AppleWebKit/537.36 (KHTML, like Gecko) Chrome/84.0.4147.125 Safari/537.36"
::1 - - [14/Oct/2020:14:31:43 +0000] "OPTIONS /login HTTP/1.1" 204 0 "http://localhost:8080/1?" "Mozilla/5.0 (Windows NT 10.0; Win64; x64) AppleWebKit/537.36 (KHTML, like Gecko) Chrome/84.0.4147.125 Safari/537.36"
::1 - - [14/Oct/2020:14:31:43 +0000] "POST /login HTTP/1.1" 200 227 "http://localhost:8080/1?" "Mozilla/5.0 (Windows NT 10.0; Win64; x64) AppleWebKit/537.36 (KHTML, like Gecko) Chrome/84.0.4147.125 Safari/537.36"
::1 - - [14/Oct/2020:14:37:11 +0000] "OPTIONS /login HTTP/1.1" 204 0 "http://localhost:8080/login" "Mozilla/5.0 (Windows NT 10.0; Win64; x64) AppleWebKit/537.36 (KHTML, like Gecko) Chrome/84.0.4147.125 Safari/537.36"
::1 - - [14/Oct/2020:14:37:11 +0000] "POST /login HTTP/1.1" 200 227 "http://localhost:8080/login" "Mozilla/5.0 (Windows NT 10.0; Win64; x64) AppleWebKit/537.36 (KHTML, like Gecko) Chrome/84.0.4147.125 Safari/537.36"
::1 - - [14/Oct/2020:14:37:22 +0000] "OPTIONS /login HTTP/1.1" 204 0 "http://localhost:8080/login?" "Mozilla/5.0 (Windows NT 10.0; Win64; x64) AppleWebKit/537.36 (KHTML, like Gecko) Chrome/84.0.4147.125 Safari/537.36"
::1 - - [14/Oct/2020:14:37:22 +0000] "POST /login HTTP/1.1" 200 227 "http://localhost:8080/login?" "Mozilla/5.0 (Windows NT 10.0; Win64; x64) AppleWebKit/537.36 (KHTML, like Gecko) Chrome/84.0.4147.125 Safari/537.36"
::1 - - [14/Oct/2020:14:37:55 +0000] "OPTIONS /login HTTP/1.1" 204 0 "http://localhost:8080/login" "Mozilla/5.0 (Windows NT 10.0; Win64; x64) AppleWebKit/537.36 (KHTML, like Gecko) Chrome/84.0.4147.125 Safari/537.36"
::1 - - [14/Oct/2020:14:37:55 +0000] "POST /login HTTP/1.1" - - "http://localhost:8080/login" "Mozilla/5.0 (Windows NT 10.0; Win64; x64) AppleWebKit/537.36 (KHTML, like Gecko) Chrome/84.0.4147.125 Safari/537.36"
::1 - - [14/Oct/2020:14:40:43 +0000] "OPTIONS /login HTTP/1.1" 204 0 "http://localhost:8080/login" "Mozilla/5.0 (Windows NT 10.0; Win64; x64) AppleWebKit/537.36 (KHTML, like Gecko) Chrome/84.0.4147.125 Safari/537.36"
::1 - - [14/Oct/2020:14:40:43 +0000] "POST /login HTTP/1.1" - - "http://localhost:8080/login" "Mozilla/5.0 (Windows NT 10.0; Win64; x64) AppleWebKit/537.36 (KHTML, like Gecko) Chrome/84.0.4147.125 Safari/537.36"
::1 - - [14/Oct/2020:14:45:23 +0000] "OPTIONS /login HTTP/1.1" 204 0 "http://localhost:8080/" "Mozilla/5.0 (Windows NT 10.0; Win64; x64) AppleWebKit/537.36 (KHTML, like Gecko) Chrome/84.0.4147.125 Safari/537.36"
::1 - - [14/Oct/2020:14:45:23 +0000] "POST /login HTTP/1.1" - - "http://localhost:8080/" "Mozilla/5.0 (Windows NT 10.0; Win64; x64) AppleWebKit/537.36 (KHTML, like Gecko) Chrome/84.0.4147.125 Safari/537.36"
::1 - - [14/Oct/2020:14:49:45 +0000] "OPTIONS /login HTTP/1.1" 204 0 "http://localhost:8080/" "Mozilla/5.0 (Windows NT 10.0; Win64; x64) AppleWebKit/537.36 (KHTML, like Gecko) Chrome/84.0.4147.125 Safari/537.36"
::1 - - [14/Oct/2020:14:49:45 +0000] "POST /login HTTP/1.1" 500 1323 "http://localhost:8080/" "Mozilla/5.0 (Windows NT 10.0; Win64; x64) AppleWebKit/537.36 (KHTML, like Gecko) Chrome/84.0.4147.125 Safari/537.36"
::1 - - [14/Oct/2020:14:53:42 +0000] "OPTIONS /register HTTP/1.1" 204 0 "http://localhost:8080/" "Mozilla/5.0 (Windows NT 10.0; Win64; x64) AppleWebKit/537.36 (KHTML, like Gecko) Chrome/84.0.4147.125 Safari/537.36"
::1 - - [14/Oct/2020:14:53:42 +0000] "POST /register HTTP/1.1" - - "http://localhost:8080/" "Mozilla/5.0 (Windows NT 10.0; Win64; x64) AppleWebKit/537.36 (KHTML, like Gecko) Chrome/84.0.4147.125 Safari/537.36"
::1 - - [14/Oct/2020:14:54:12 +0000] "GET / HTTP/1.1" 200 518 "-" "Mozilla/5.0 (Windows NT 10.0; Win64; x64) AppleWebKit/537.36 (KHTML, like Gecko) Chrome/84.0.4147.125 Safari/537.36"
::1 - - [14/Oct/2020:14:54:12 +0000] "GET /favicon.ico HTTP/1.1" 404 150 "http://localhost:3000/" "Mozilla/5.0 (Windows NT 10.0; Win64; x64) AppleWebKit/537.36 (KHTML, like Gecko) Chrome/84.0.4147.125 Safari/537.36"
::1 - - [14/Oct/2020:14:57:37 +0000] "OPTIONS /login HTTP/1.1" 204 0 "http://localhost:8080/" "Mozilla/5.0 (Windows NT 10.0; Win64; x64) AppleWebKit/537.36 (KHTML, like Gecko) Chrome/84.0.4147.125 Safari/537.36"
::1 - - [14/Oct/2020:14:57:55 +0000] "OPTIONS /login HTTP/1.1" 204 0 "http://localhost:8080/?" "Mozilla/5.0 (Windows NT 10.0; Win64; x64) AppleWebKit/537.36 (KHTML, like Gecko) Chrome/84.0.4147.125 Safari/537.36"
::1 - - [14/Oct/2020:14:57:55 +0000] "POST /login HTTP/1.1" 500 1323 "http://localhost:8080/?" "Mozilla/5.0 (Windows NT 10.0; Win64; x64) AppleWebKit/537.36 (KHTML, like Gecko) Chrome/84.0.4147.125 Safari/537.36"
::1 - - [14/Oct/2020:14:57:55 +0000] "POST /login HTTP/1.1" 500 1323 "http://localhost:8080/?" "Mozilla/5.0 (Windows NT 10.0; Win64; x64) AppleWebKit/537.36 (KHTML, like Gecko) Chrome/84.0.4147.125 Safari/537.36"
::1 - - [14/Oct/2020:14:57:58 +0000] "POST /login HTTP/1.1" 500 1323 "http://localhost:8080/?" "Mozilla/5.0 (Windows NT 10.0; Win64; x64) AppleWebKit/537.36 (KHTML, like Gecko) Chrome/84.0.4147.125 Safari/537.36"
::1 - - [14/Oct/2020:14:58:01 +0000] "OPTIONS /login HTTP/1.1" 204 0 "http://localhost:8080/?" "Mozilla/5.0 (Windows NT 10.0; Win64; x64) AppleWebKit/537.36 (KHTML, like Gecko) Chrome/84.0.4147.125 Safari/537.36"
::1 - - [14/Oct/2020:14:58:01 +0000] "POST /login HTTP/1.1" 500 1323 "http://localhost:8080/?" "Mozilla/5.0 (Windows NT 10.0; Win64; x64) AppleWebKit/537.36 (KHTML, like Gecko) Chrome/84.0.4147.125 Safari/537.36"
::1 - - [14/Oct/2020:14:58:58 +0000] "OPTIONS /login HTTP/1.1" 204 0 "http://localhost:8080/?" "Mozilla/5.0 (Windows NT 10.0; Win64; x64) AppleWebKit/537.36 (KHTML, like Gecko) Chrome/84.0.4147.125 Safari/537.36"
::1 - - [14/Oct/2020:14:58:58 +0000] "OPTIONS /login HTTP/1.1" 204 0 "http://localhost:8080/?" "Mozilla/5.0 (Windows NT 10.0; Win64; x64) AppleWebKit/537.36 (KHTML, like Gecko) Chrome/84.0.4147.125 Safari/537.36"
::1 - - [14/Oct/2020:14:58:58 +0000] "POST /login HTTP/1.1" 500 1323 "http://localhost:8080/?" "Mozilla/5.0 (Windows NT 10.0; Win64; x64) AppleWebKit/537.36 (KHTML, like Gecko) Chrome/84.0.4147.125 Safari/537.36"
::1 - - [14/Oct/2020:14:58:58 +0000] "POST /login HTTP/1.1" 500 1323 "http://localhost:8080/?" "Mozilla/5.0 (Windows NT 10.0; Win64; x64) AppleWebKit/537.36 (KHTML, like Gecko) Chrome/84.0.4147.125 Safari/537.36"
::1 - - [14/Oct/2020:14:59:22 +0000] "OPTIONS /login HTTP/1.1" 204 0 "http://localhost:8080/?" "Mozilla/5.0 (Windows NT 10.0; Win64; x64) AppleWebKit/537.36 (KHTML, like Gecko) Chrome/84.0.4147.125 Safari/537.36"
::1 - - [14/Oct/2020:14:59:22 +0000] "POST /login HTTP/1.1" 200 227 "http://localhost:8080/?" "Mozilla/5.0 (Windows NT 10.0; Win64; x64) AppleWebKit/537.36 (KHTML, like Gecko) Chrome/84.0.4147.125 Safari/537.36"
::1 - - [14/Oct/2020:15:02:33 +0000] "OPTIONS /login HTTP/1.1" 204 0 "http://localhost:8080/?" "Mozilla/5.0 (Windows NT 10.0; Win64; x64) AppleWebKit/537.36 (KHTML, like Gecko) Chrome/84.0.4147.125 Safari/537.36"
::1 - - [14/Oct/2020:15:02:33 +0000] "POST /login HTTP/1.1" 200 227 "http://localhost:8080/?" "Mozilla/5.0 (Windows NT 10.0; Win64; x64) AppleWebKit/537.36 (KHTML, like Gecko) Chrome/84.0.4147.125 Safari/537.36"
::1 - - [14/Oct/2020:15:02:45 +0000] "OPTIONS /login HTTP/1.1" 204 0 "http://localhost:8080/?" "Mozilla/5.0 (Windows NT 10.0; Win64; x64) AppleWebKit/537.36 (KHTML, like Gecko) Chrome/84.0.4147.125 Safari/537.36"
::1 - - [14/Oct/2020:15:02:45 +0000] "POST /login HTTP/1.1" 200 227 "http://localhost:8080/?" "Mozilla/5.0 (Windows NT 10.0; Win64; x64) AppleWebKit/537.36 (KHTML, like Gecko) Chrome/84.0.4147.125 Safari/537.36"
::1 - - [14/Oct/2020:15:08:07 +0000] "OPTIONS /login HTTP/1.1" 204 0 "http://localhost:8080/" "Mozilla/5.0 (Windows NT 10.0; Win64; x64) AppleWebKit/537.36 (KHTML, like Gecko) Chrome/84.0.4147.125 Safari/537.36"
::1 - - [14/Oct/2020:15:08:07 +0000] "POST /login HTTP/1.1" 200 227 "http://localhost:8080/" "Mozilla/5.0 (Windows NT 10.0; Win64; x64) AppleWebKit/537.36 (KHTML, like Gecko) Chrome/84.0.4147.125 Safari/537.36"
::1 - - [14/Oct/2020:15:08:07 +0000] "POST /login HTTP/1.1" 200 227 "http://localhost:8080/" "Mozilla/5.0 (Windows NT 10.0; Win64; x64) AppleWebKit/537.36 (KHTML, like Gecko) Chrome/84.0.4147.125 Safari/537.36"
::1 - - [14/Oct/2020:15:09:57 +0000] "OPTIONS /login HTTP/1.1" 204 0 "http://localhost:8080/" "Mozilla/5.0 (Windows NT 10.0; Win64; x64) AppleWebKit/537.36 (KHTML, like Gecko) Chrome/84.0.4147.125 Safari/537.36"
::1 - - [14/Oct/2020:15:09:58 +0000] "POST /login HTTP/1.1" 200 227 "http://localhost:8080/" "Mozilla/5.0 (Windows NT 10.0; Win64; x64) AppleWebKit/537.36 (KHTML, like Gecko) Chrome/84.0.4147.125 Safari/537.36"
::1 - - [14/Oct/2020:15:10:45 +0000] "OPTIONS /login HTTP/1.1" 204 0 "http://localhost:8080/" "Mozilla/5.0 (Windows NT 10.0; Win64; x64) AppleWebKit/537.36 (KHTML, like Gecko) Chrome/84.0.4147.125 Safari/537.36"
::1 - - [14/Oct/2020:15:10:45 +0000] "POST /login HTTP/1.1" 200 227 "http://localhost:8080/" "Mozilla/5.0 (Windows NT 10.0; Win64; x64) AppleWebKit/537.36 (KHTML, like Gecko) Chrome/84.0.4147.125 Safari/537.36"
::1 - - [14/Oct/2020:15:13:09 +0000] "OPTIONS /login HTTP/1.1" 204 0 "http://localhost:8080/" "Mozilla/5.0 (Windows NT 10.0; Win64; x64) AppleWebKit/537.36 (KHTML, like Gecko) Chrome/84.0.4147.125 Safari/537.36"
::1 - - [14/Oct/2020:15:13:09 +0000] "POST /login HTTP/1.1" 200 227 "http://localhost:8080/" "Mozilla/5.0 (Windows NT 10.0; Win64; x64) AppleWebKit/537.36 (KHTML, like Gecko) Chrome/84.0.4147.125 Safari/537.36"
